**** kPlexS (Release) build at 16:40:06 Jun  4 2024 ***
# Start reading graph from an edgelist file, Require files "edges.txt"
# Note that this function is not optimized. Reading from a binary file will be faster
*	n = 172; m = 9,435 (undirected)
*** Heuristic kplex size: 11, time: 610 (microseconds)
*** Degeneracy k-plex size: 16, max_core: 102, UB: 105, Time: 120 (microseconds)
*** After core shrink: n = 171, m = 9,435 (undirected)
*** After core-truss co-pruning: n = 171, m = 9,435, density = 0.6491
Degen found a solution of size 17
RecSearch found a larger kplex of size: 18
17.17 15.15 15.15 15.15 15.15 15.15 15.15 15.15 15.15 15.15 15.15 15.15 15.15 15.15 15.15 15.15 15.15 15.15 
RecSearch found a larger kplex of size: 19
18.18 16.16 16.16 16.16 16.16 16.16 16.16 16.16 16.16 16.16 16.16 16.16 16.16 16.16 16.16 16.16 16.16 16.16 16.16 
RecSearch found a larger kplex of size: 20
18.18 18.18 17.17 17.17 17.17 17.17 17.17 17.17 17.17 17.17 17.17 17.17 17.17 17.17 17.17 17.17 17.17 17.17 17.17 17.17 
**** kPlexS (Release) build at 16:40:06 Jun  4 2024 ***
# Start reading graph from an edgelist file, Require files "edges.txt"
# Note that this function is not optimized. Reading from a binary file will be faster
*	n = 29,733; m = 1,305,757 (undirected)
*** Heuristic kplex size: 29, time: 7,586 (microseconds)
*** Degeneracy k-plex size: 46, max_core: 76, UB: 79, Time: 23,866 (microseconds)
*** After core shrink: n = 17,038, m = 1,021,599 (undirected)
*** After core-truss co-pruning: n = 1,539, m = 54,515, density = 0.0461
RecSearch found a larger kplex of size: 47
44.44 45.45 44.44 46.46 46.46 46.46 46.46 46.46 46.46 46.46 46.46 46.46 46.46 46.46 45.45 46.46 46.46 45.45 46.46 46.46 46.46 46.46 46.46 46.46 46.46 46.46 46.46 46.46 45.45 45.45 46.46 46.46 46.46 46.46 46.46 45.45 46.46 46.46 46.46 46.46 45.45 46.46 44.44 45.45 44.44 44.44 44.44 
Degen found a solution of size 49
Degen found a solution of size 50
Degen found a solution of size 52
Degen found a solution of size 53
Degen found a solution of size 54
RecSearch found a larger kplex of size: 55
52.52 53.53 52.52 54.54 54.54 54.54 54.54 54.54 54.54 54.54 54.54 54.54 54.54 54.54 54.54 54.54 54.54 54.54 53.53 54.54 54.54 54.54 54.54 54.54 54.54 54.54 54.54 53.53 54.54 54.54 54.54 54.54 54.54 54.54 54.54 54.54 54.54 54.54 52.52 53.53 54.54 53.53 54.54 53.53 54.54 53.53 53.53 52.52 52.52 52.52 52.52 53.53 53.53 52.52 52.52 
Timings /socfb-Indiana PxC: 0.0127565 check2: 0 Partitioning: 0 Color: 0 Branching: 0.0135987 additions 0
prune_cnt: 25, max_n: 72, min_density: 0.9499, avg_density: 0.9690
search_cnt: 24, max_n: 72, min_density: 0.9499, avg_density: 0.9679
>>/socfb-Indiana t_Search: 0.094769	MaxKPlex_Size: 55 t_Total: 1.514190 t_Seesaw: 0.000000

RecSearch found a larger kplex of size: 21
18.18 18.18 18.18 18.18 18.18 18.18 18.18 18.18 18.18 18.18 18.18 18.18 18.18 18.18 18.18 18.18 18.18 18.18 18.18 18.18 18.18 
**** kPlexS (Release) build at 16:40:06 Jun  4 2024 ***
# Start reading graph from an edgelist file, Require files "edges.txt"
# Note that this function is not optimized. Reading from a binary file will be faster
*	n = 1,191,806; m = 4,519,330 (undirected)
*** Heuristic kplex size: 8, time: 20,951 (microseconds)
*** Degeneracy k-plex size: 19, max_core: 70, UB: 73, Time: 110,857 (microseconds)
*** After core shrink: n = 51,344, m = 1,291,703 (undirected)
*** After core-truss co-pruning: n = 960, m = 42,578, density = 0.0925
Degen found a solution of size 21
Timings /soc-lastfm PxC: 34.8604 check2: 0 Partitioning: 0 Color: 0 Branching: 9.96932 additions 0
prune_cnt: 583, max_n: 236, min_density: 0.3182, avg_density: 0.5094
search_cnt: 583, max_n: 236, min_density: 0.3182, avg_density: 0.5094
>>/soc-lastfm t_Search: 59.673015	MaxKPlex_Size: 21 t_Total: 60.534751 t_Seesaw: 0.000000

**** kPlexS (Release) build at 16:40:06 Jun  4 2024 ***
# Start reading graph from an edgelist file, Require files "edges.txt"
# Note that this function is not optimized. Reading from a binary file will be faster
*	n = 201; m = 17,910 (undirected)
*** Heuristic kplex size: 51, time: 1,551 (microseconds)
*** Degeneracy k-plex size: 101, max_core: 169, UB: 172, Time: 218 (microseconds)
*** After core shrink: n = 200, m = 17,910 (undirected)
*** After core-truss co-pruning: n = 200, m = 17,910, density = 0.9000
Degen found a solution of size 103
RecSearch found a larger kplex of size: 104
102.102 102.102 101.101 101.101 101.101 101.101 101.101 101.101 101.101 101.101 101.101 101.101 101.101 101.101 101.101 101.101 101.101 101.101 101.101 101.101 101.101 101.101 101.101 101.101 101.101 101.101 101.101 101.101 101.101 101.101 101.101 101.101 101.101 101.101 101.101 101.101 101.101 101.101 101.101 101.101 101.101 101.101 101.101 101.101 101.101 101.101 101.101 101.101 101.101 101.101 101.101 101.101 101.101 101.101 101.101 101.101 101.101 101.101 101.101 101.101 101.101 101.101 101.101 101.101 101.101 101.101 101.101 101.101 101.101 101.101 101.101 101.101 101.101 101.101 101.101 101.101 101.101 101.101 101.101 101.101 101.101 101.101 101.101 101.101 101.101 101.101 101.101 101.101 101.101 101.101 101.101 101.101 101.101 101.101 101.101 101.101 101.101 101.101 101.101 101.101 101.101 101.101 101.101 101.101 
**** kPlexS (Release) build at 16:40:06 Jun  4 2024 ***
# Start reading graph from an edgelist file, Require files "edges.txt"
# Note that this function is not optimized. Reading from a binary file will be faster
*	n = 639,015; m = 3,214,986 (undirected)
*** Heuristic kplex size: 26, time: 314,262 (microseconds)
*** Degeneracy k-plex size: 34, max_core: 63, UB: 66, Time: 43,435 (microseconds)
*** After core shrink: n = 18,709, m = 724,599 (undirected)
*** After core-truss co-pruning: n = 9,692, m = 374,193, density = 0.0080
Degen found a solution of size 35
Degen found a solution of size 36
Degen found a solution of size 37
Degen found a solution of size 38
Degen found a solution of size 39
Timings /soc-FourSquare PxC: 0.642858 check2: 0 Partitioning: 0 Color: 0 Branching: 0.0907903 additions 0
prune_cnt: 512, max_n: 615, min_density: 0.1108, avg_density: 0.8106
search_cnt: 490, max_n: 615, min_density: 0.1108, avg_density: 0.8033
>>/soc-FourSquare t_Search: 2.175659	MaxKPlex_Size: 39 t_Total: 2.978012 t_Seesaw: 0.000000

RecSearch found a larger kplex of size: 105
102.102 102.102 102.102 102.102 102.102 102.102 102.102 102.102 102.102 102.102 102.102 102.102 102.102 102.102 102.102 102.102 102.102 102.102 102.102 102.102 102.102 102.102 102.102 102.102 102.102 102.102 102.102 102.102 102.102 102.102 102.102 102.102 102.102 102.102 102.102 102.102 102.102 102.102 102.102 102.102 102.102 102.102 102.102 102.102 102.102 102.102 102.102 102.102 102.102 102.102 102.102 102.102 102.102 102.102 102.102 102.102 102.102 102.102 102.102 102.102 102.102 102.102 102.102 102.102 102.102 102.102 102.102 102.102 102.102 102.102 102.102 102.102 102.102 102.102 102.102 102.102 102.102 102.102 102.102 102.102 102.102 102.102 102.102 102.102 102.102 102.102 102.102 102.102 102.102 102.102 102.102 102.102 102.102 102.102 102.102 102.102 102.102 102.102 102.102 102.102 102.102 102.102 102.102 102.102 102.102 
**** kPlexS (Release) build at 16:40:06 Jun  4 2024 ***
# Start reading graph from an edgelist file, Require files "edges.txt"
# Note that this function is not optimized. Reading from a binary file will be faster
*	n = 92,118; m = 360,767 (undirected)
*** Heuristic kplex size: 14, time: 5,406 (microseconds)
*** Degeneracy k-plex size: 18, max_core: 58, UB: 61, Time: 5,914 (microseconds)
*** After core shrink: n = 5,222, m = 162,193 (undirected)
*** After core-truss co-pruning: n = 616, m = 25,387, density = 0.1340
Degen found a solution of size 20
RecSearch found a larger kplex of size: 21
18.18 18.18 18.18 18.18 18.18 20.20 18.18 19.19 20.20 19.19 19.19 20.20 18.18 19.19 18.18 19.19 19.19 18.18 18.18 18.18 18.18 
Timings /ia-wiki-Talk PxC: 6.27882 check2: 0 Partitioning: 0 Color: 0 Branching: 1.0698 additions 0
prune_cnt: 360, max_n: 171, min_density: 0.4014, avg_density: 0.5402
search_cnt: 360, max_n: 171, min_density: 0.4014, avg_density: 0.5402
>>/ia-wiki-Talk t_Search: 9.544715	MaxKPlex_Size: 21 t_Total: 9.654754 t_Seesaw: 0.000000

Timings /san200-0-9-2 PxC: 13.127 check2: 0 Partitioning: 0 Color: 0 Branching: 22.9955 additions 0
prune_cnt: 68, max_n: 200, min_density: 0.9000, avg_density: 0.9174
search_cnt: 68, max_n: 200, min_density: 0.9000, avg_density: 0.9174
>>/san200-0-9-2 t_Search: 77.507645	MaxKPlex_Size: 105 t_Total: 77.512729 t_Seesaw: 0.000000

Timings /keller4 PxC: 191.546 check2: 0 Partitioning: 0 Color: 0 Branching: 122.917 additions 0
prune_cnt: 144, max_n: 171, min_density: 0.6491, avg_density: 0.7286
search_cnt: 144, max_n: 171, min_density: 0.6491, avg_density: 0.7286
>>/keller4 t_Search: 416.088470	MaxKPlex_Size: 21 t_Total: 416.090922 t_Seesaw: 0.000000

**** kPlexS (Release) build at 16:40:06 Jun  4 2024 ***
# Start reading graph from an edgelist file, Require files "edges.txt"
# Note that this function is not optimized. Reading from a binary file will be faster
*	n = 415,864; m = 9,378,650 (undirected)
*** Heuristic kplex size: 21, time: 3,685 (microseconds)
*** Degeneracy k-plex size: 21, max_core: 34, UB: 37, Time: 120,634 (microseconds)
*** After core shrink: n = 404,785, m = 9,378,650 (undirected)
*** After core-truss co-pruning: n = 403,802, m = 9,350,780, density = 0.0001
Timings /sc-msdoor PxC: 4.01659 check2: 0 Partitioning: 0 Color: 0 Branching: 3.09681 additions 0
prune_cnt: 191041, max_n: 42, min_density: 0.6048, avg_density: 0.8567
search_cnt: 175303, max_n: 42, min_density: 0.6048, avg_density: 0.8438
>>/sc-msdoor t_Search: 20.993897	MaxKPlex_Size: 21 t_Total: 21.875742 t_Seesaw: 0.000000

**** kPlexS (Release) build at 16:40:06 Jun  4 2024 ***
# Start reading graph from an edgelist file, Require files "edges.txt"
# Note that this function is not optimized. Reading from a binary file will be faster
*	n = 2,937,613; m = 20,959,854 (undirected)
*** Heuristic kplex size: 9, time: 35,198 (microseconds)
*** Degeneracy k-plex size: 17, max_core: 63, UB: 66, Time: 591,684 (microseconds)
*** After core shrink: n = 469,342, m = 15,355,191 (undirected)
*** After core-truss co-pruning: n = 35,378, m = 876,436, density = 0.0014
Degen found a solution of size 18
Degen found a solution of size 19
Degen found a solution of size 20
Degen found a solution of size 22
Degen found a solution of size 24
Degen found a solution of size 27
Degen found a solution of size 30
Timings /socfb-B-anon PxC: 1.64538 check2: 0 Partitioning: 0 Color: 0 Branching: 2.47136 additions 0
prune_cnt: 159, max_n: 94, min_density: 0.6272, avg_density: 0.8206
search_cnt: 157, max_n: 94, min_density: 0.6272, avg_density: 0.8186
>>/socfb-B-anon t_Search: 7.620993	MaxKPlex_Size: 30 t_Total: 24.663033 t_Seesaw: 0.000000

**** kPlexS (Release) build at 16:40:06 Jun  4 2024 ***
# Start reading graph from an edgelist file, Require files "edges.txt"
# Note that this function is not optimized. Reading from a binary file will be faster
*	n = 2,523,387; m = 7,918,801 (undirected)
*** Heuristic kplex size: 17, time: 18,503 (microseconds)
*** Degeneracy k-plex size: 40, max_core: 68, UB: 71, Time: 113,155 (microseconds)
*** After core shrink: n = 17,761, m = 711,159 (undirected)
*** After core-truss co-pruning: n = 264, m = 11,792, density = 0.3397
Degen found a solution of size 42
Timings /soc-flixster PxC: 2.25237 check2: 0 Partitioning: 0 Color: 0 Branching: 3.23402 additions 0
prune_cnt: 129, max_n: 123, min_density: 0.7310, avg_density: 0.8317
search_cnt: 129, max_n: 123, min_density: 0.7310, avg_density: 0.8317
>>/soc-flixster t_Search: 9.854067	MaxKPlex_Size: 42 t_Total: 10.470321 t_Seesaw: 0.000000

**** kPlexS (Release) build at 16:40:06 Jun  4 2024 ***
# Start reading graph from an edgelist file, Require files "edges.txt"
# Note that this function is not optimized. Reading from a binary file will be faster
*	n = 9,886; m = 506,437 (undirected)
*** Heuristic kplex size: 31, time: 7,112 (microseconds)
*** Degeneracy k-plex size: 38, max_core: 85, UB: 88, Time: 8,429 (microseconds)
*** After core shrink: n = 6,872, m = 460,188 (undirected)
*** After core-truss co-pruning: n = 550, m = 25,693, density = 0.1702
Degen found a solution of size 39
RecSearch found a larger kplex of size: 40
37.37 37.37 38.38 39.39 39.39 39.39 38.38 38.38 39.39 38.38 38.38 38.38 39.39 39.39 39.39 38.38 39.39 39.39 39.39 39.39 39.39 38.38 39.39 39.39 38.38 38.38 38.38 38.38 38.38 38.38 37.37 37.37 37.37 37.37 37.37 37.37 37.37 37.37 37.37 37.37 
Degen found a solution of size 41
Degen found a solution of size 43
Timings /socfb-Duke14 PxC: 4.68684 check2: 0 Partitioning: 0 Color: 0 Branching: 3.43784 additions 0
prune_cnt: 196, max_n: 156, min_density: 0.6583, avg_density: 0.7632
search_cnt: 196, max_n: 156, min_density: 0.6583, avg_density: 0.7632
>>/socfb-Duke14 t_Search: 13.211798	MaxKPlex_Size: 43 t_Total: 13.822286 t_Seesaw: 0.000000

**** kPlexS (Release) build at 16:40:06 Jun  4 2024 ***
# Start reading graph from an edgelist file, Require files "edges.txt"
# Note that this function is not optimized. Reading from a binary file will be faster
*	n = 63,393; m = 816,886 (undirected)
*** Heuristic kplex size: 22, time: 3,981 (microseconds)
*** Degeneracy k-plex size: 31, max_core: 52, UB: 55, Time: 12,542 (microseconds)
*** After core shrink: n = 9,271, m = 350,579 (undirected)
*** After core-truss co-pruning: n = 374, m = 10,519, density = 0.1508
Degen found a solution of size 32
Degen found a solution of size 33
Degen found a solution of size 36
Degen found a solution of size 37
Timings /socfb-OR PxC: 0.022776 check2: 0 Partitioning: 0 Color: 0 Branching: 0.0367487 additions 0
prune_cnt: 46, max_n: 63, min_density: 0.8623, avg_density: 0.9141
search_cnt: 46, max_n: 63, min_density: 0.8623, avg_density: 0.9141
>>/socfb-OR t_Search: 0.124515	MaxKPlex_Size: 37 t_Total: 0.402547 t_Seesaw: 0.000000

**** kPlexS (Release) build at 16:40:06 Jun  4 2024 ***
# Start reading graph from an edgelist file, Require files "edges.txt"
# Note that this function is not optimized. Reading from a binary file will be faster
*	n = 36,365; m = 1,590,651 (undirected)
*** Heuristic kplex size: 19, time: 23,838 (microseconds)
*** Degeneracy k-plex size: 57, max_core: 81, UB: 84, Time: 27,396 (microseconds)
*** After core shrink: n = 14,139, m = 945,180 (undirected)
*** After core-truss co-pruning: n = 317, m = 14,339, density = 0.2863
Degen found a solution of size 59
RecSearch found a larger kplex of size: 60
57.57 58.58 57.57 59.59 58.58 59.59 59.59 59.59 59.59 58.58 59.59 59.59 59.59 59.59 58.58 59.59 59.59 59.59 59.59 59.59 59.59 59.59 59.59 59.59 58.58 59.59 59.59 57.57 57.57 57.57 59.59 59.59 59.59 59.59 59.59 59.59 59.59 59.59 58.58 59.59 59.59 59.59 57.57 58.58 59.59 58.58 59.59 57.57 59.59 58.58 58.58 58.58 57.57 57.57 58.58 57.57 57.57 57.57 57.57 57.57 
Timings /socfb-Texas84 PxC: 0.972879 check2: 0 Partitioning: 0 Color: 0 Branching: 2.05002 additions 0
prune_cnt: 80, max_n: 113, min_density: 0.8564, avg_density: 0.9301
search_cnt: 80, max_n: 113, min_density: 0.8564, avg_density: 0.9301
>>/socfb-Texas84 t_Search: 6.216197	MaxKPlex_Size: 60 t_Total: 7.485524 t_Seesaw: 0.000000

**** kPlexS (Release) build at 16:40:06 Jun  4 2024 ***
# Start reading graph from an edgelist file, Require files "edges.txt"
# Note that this function is not optimized. Reading from a binary file will be faster
*	n = 952,204; m = 20,770,807 (undirected)
*** Heuristic kplex size: 21, time: 6,702 (microseconds)
*** Degeneracy k-plex size: 21, max_core: 34, UB: 37, Time: 270,130 (microseconds)
*** After core shrink: n = 909,537, m = 20,770,807 (undirected)
*** After core-truss co-pruning: n = 908,841, m = 20,748,670, density = 0.0001
Timings /sc-ldoor PxC: 8.12717 check2: 0 Partitioning: 0 Color: 0 Branching: 6.30131 additions 0
prune_cnt: 387809, max_n: 42, min_density: 0.6048, avg_density: 0.8581
search_cnt: 350668, max_n: 42, min_density: 0.6048, avg_density: 0.8431
>>/sc-ldoor t_Search: 43.282288	MaxKPlex_Size: 21 t_Total: 45.210737 t_Seesaw: 0.000000

**** kPlexS (Release) build at 16:40:06 Jun  4 2024 ***
# Start reading graph from an edgelist file, Require files "edges.txt"
# Note that this function is not optimized. Reading from a binary file will be faster
*	n = 87,805; m = 2,565,054 (undirected)
*** Heuristic kplex size: 24, time: 999 (microseconds)
*** Degeneracy k-plex size: 24, max_core: 47, UB: 50, Time: 24,031 (microseconds)
*** After core shrink: n = 87,084, m = 2,558,070 (undirected)
*** After core-truss co-pruning: n = 87,084, m = 2,414,934, density = 0.0006
Degen found a solution of size 30
Degen found a solution of size 36
Timings /sc-pkustk11 PxC: 0.00126471 check2: 0 Partitioning: 0 Color: 0 Branching: 0.000921746 additions 0
prune_cnt: 4604, max_n: 48, min_density: 0.8636, avg_density: 0.9966
search_cnt: 154, max_n: 48, min_density: 0.8636, avg_density: 0.8976
>>/sc-pkustk11 t_Search: 0.587837	MaxKPlex_Size: 36 t_Total: 0.913160 t_Seesaw: 0.000000

**** kPlexS (Release) build at 16:40:06 Jun  4 2024 ***
# Start reading graph from an edgelist file, Require files "edges.txt"
# Note that this function is not optimized. Reading from a binary file will be faster
*	n = 71; m = 1,855 (undirected)
*** Heuristic kplex size: 14, time: 171 (microseconds)
*** Degeneracy k-plex size: 16, max_core: 53, UB: 56, Time: 35 (microseconds)
*** After core shrink: n = 70, m = 1,855 (undirected)
*** After core-truss co-pruning: n = 70, m = 1,855, density = 0.7681
RecSearch found a larger kplex of size: 17
16.16 14.14 14.14 14.14 14.14 14.14 14.14 14.14 14.14 14.14 14.14 14.14 14.14 14.14 14.14 14.14 14.14 
RecSearch found a larger kplex of size: 18
17.17 17.17 15.15 15.15 15.15 15.15 15.15 15.15 15.15 15.15 15.15 15.15 15.15 15.15 15.15 15.15 15.15 15.15 
**** kPlexS (Release) build at 16:40:06 Jun  4 2024 ***
# Start reading graph from an edgelist file, Require files "edges.txt"
# Note that this function is not optimized. Reading from a binary file will be faster
*	n = 36,365; m = 1,590,651 (undirected)
*** Heuristic kplex size: 19, time: 26,664 (microseconds)
*** Degeneracy k-plex size: 57, max_core: 81, UB: 84, Time: 30,689 (microseconds)
*** After core shrink: n = 14,139, m = 945,180 (undirected)
*** After core-truss co-pruning: n = 317, m = 14,339, density = 0.2863
Degen found a solution of size 59
RecSearch found a larger kplex of size: 60
57.57 58.58 57.57 59.59 58.58 59.59 59.59 59.59 59.59 58.58 59.59 59.59 59.59 59.59 58.58 59.59 59.59 59.59 59.59 59.59 59.59 59.59 59.59 59.59 58.58 59.59 59.59 57.57 57.57 57.57 59.59 59.59 59.59 59.59 59.59 59.59 59.59 59.59 58.58 59.59 59.59 59.59 57.57 58.58 59.59 58.58 59.59 57.57 59.59 58.58 58.58 58.58 57.57 57.57 58.58 57.57 57.57 57.57 57.57 57.57 
Timings /socfb-Texas84 PxC: 1.0122 check2: 0 Partitioning: 0 Color: 0 Branching: 2.13242 additions 0
prune_cnt: 80, max_n: 113, min_density: 0.8564, avg_density: 0.9301
search_cnt: 80, max_n: 113, min_density: 0.8564, avg_density: 0.9301
>>/socfb-Texas84 t_Search: 6.465623	MaxKPlex_Size: 60 t_Total: 8.013997 t_Seesaw: 0.000000

Timings /johnson8-4-4 PxC: 9.63526 check2: 0 Partitioning: 0 Color: 0 Branching: 12.148 additions 0
prune_cnt: 50, max_n: 70, min_density: 0.7681, avg_density: 0.8001
search_cnt: 50, max_n: 70, min_density: 0.7681, avg_density: 0.8001
>>/johnson8-4-4 t_Search: 28.139425	MaxKPlex_Size: 18 t_Total: 28.139845 t_Seesaw: 0.000000

**** kPlexS (Release) build at 16:40:06 Jun  4 2024 ***
# Start reading graph from an edgelist file, Require files "edges.txt"
# Note that this function is not optimized. Reading from a binary file will be faster
*	n = 104,104; m = 2,193,083 (undirected)
*** Heuristic kplex size: 9, time: 15,856 (microseconds)
*** Degeneracy k-plex size: 11, max_core: 92, UB: 95, Time: 50,205 (microseconds)
*** After core shrink: n = 63,437, m = 2,031,014 (undirected)
*** After core-truss co-pruning: n = 4,054, m = 182,800, density = 0.0223
Degen found a solution of size 15
Degen found a solution of size 20
Degen found a solution of size 21
Degen found a solution of size 22
Timings /soc-LiveMocha PxC: 35.5847 check2: 0 Partitioning: 0 Color: 0 Branching: 7.26282 additions 0
prune_cnt: 395, max_n: 247, min_density: 0.3848, avg_density: 0.5348
search_cnt: 395, max_n: 247, min_density: 0.3848, avg_density: 0.5348
>>/soc-LiveMocha t_Search: 54.279752	MaxKPlex_Size: 22 t_Total: 56.012823 t_Seesaw: 0.000000

**** kPlexS (Release) build at 16:40:06 Jun  4 2024 ***
# Start reading graph from an edgelist file, Require files "edges.txt"
# Note that this function is not optimized. Reading from a binary file will be faster
*	n = 2,997,167; m = 106,349,209 (undirected)
*** Heuristic kplex size: 20, time: 428,487 (microseconds)
*** Degeneracy k-plex size: 30, max_core: 230, UB: 233, Time: 3,565,830 (microseconds)
*** After core shrink: n = 1,698,831, m = 87,924,565 (undirected)
*** After core-truss co-pruning: n = 92,201, m = 4,699,948, density = 0.0011
Degen found a solution of size 31
Degen found a solution of size 33
Degen found a solution of size 34
RecSearch found a larger kplex of size: 35
32.32 32.32 33.33 33.33 34.34 34.34 34.34 33.33 34.34 33.33 34.34 34.34 34.34 34.34 33.33 34.34 33.33 33.33 34.34 34.34 34.34 33.33 34.34 34.34 32.32 32.32 32.32 32.32 32.32 32.32 32.32 32.32 32.32 32.32 32.32 
Degen found a solution of size 36
Degen found a solution of size 39
Degen found a solution of size 50
Degen found a solution of size 56
Degen found a solution of size 58
RecSearch found a larger kplex of size: 59
56.56 56.56 57.57 58.58 57.57 57.57 58.58 58.58 58.58 57.57 57.57 58.58 57.57 57.57 58.58 58.58 58.58 58.58 58.58 58.58 58.58 58.58 58.58 58.58 57.57 58.58 57.57 58.58 57.57 58.58 57.57 58.58 57.57 57.57 58.58 58.58 57.57 58.58 57.57 58.58 58.58 56.56 56.56 56.56 56.56 56.56 56.56 56.56 57.57 57.57 56.56 56.56 56.56 57.57 56.56 56.56 56.56 56.56 56.56 
**** kPlexS (Release) build at 16:40:06 Jun  4 2024 ***
# Start reading graph from an edgelist file, Require files "edges.txt"
# Note that this function is not optimized. Reading from a binary file will be faster
*	n = 35,112; m = 1,465,654 (undirected)
*** Heuristic kplex size: 41, time: 21,408 (microseconds)
*** Degeneracy k-plex size: 57, max_core: 83, UB: 86, Time: 25,732 (microseconds)
*** After core shrink: n = 12,496, m = 820,553 (undirected)
*** After core-truss co-pruning: n = 1,188, m = 55,226, density = 0.0783
Degen found a solution of size 60
Degen found a solution of size 61
Degen found a solution of size 65
Timings /socfb-UF PxC: 0.903272 check2: 0 Partitioning: 0 Color: 0 Branching: 2.2752 additions 0
prune_cnt: 159, max_n: 108, min_density: 0.8884, avg_density: 0.9484
search_cnt: 159, max_n: 108, min_density: 0.8884, avg_density: 0.9484
>>/socfb-UF t_Search: 6.808443	MaxKPlex_Size: 65 t_Total: 7.960192 t_Seesaw: 0.000000

**** kPlexS (Release) build at 16:40:06 Jun  4 2024 ***
# Start reading graph from an edgelist file, Require files "edges.txt"
# Note that this function is not optimized. Reading from a binary file will be faster
*	n = 65; m = 1,824 (undirected)
*** Heuristic kplex size: 32, time: 206 (microseconds)
*** Degeneracy k-plex size: 32, max_core: 57, UB: 60, Time: 19 (microseconds)
*** After core shrink: n = 64, m = 1,824 (undirected)
*** After core-truss co-pruning: n = 64, m = 1,824, density = 0.9048
Timings /hamming6-2 PxC: 75.6857 check2: 0 Partitioning: 0 Color: 0 Branching: 201.555 additions 0
prune_cnt: 26, max_n: 64, min_density: 0.9048, avg_density: 0.9170
search_cnt: 25, max_n: 64, min_density: 0.9048, avg_density: 0.9137
>>/hamming6-2 t_Search: 424.160428	MaxKPlex_Size: 32 t_Total: 424.160812 t_Seesaw: 0.000000

**** kPlexS (Release) build at 16:40:06 Jun  4 2024 ***
# Start reading graph from an edgelist file, Require files "edges.txt"
# Note that this function is not optimized. Reading from a binary file will be faster
*	n = 7,477; m = 56,943 (undirected)
*** Heuristic kplex size: 45, time: 3,771 (microseconds)
*** Degeneracy k-plex size: 70, max_core: 88, UB: 91, Time: 755 (microseconds)
*** After core shrink: n = 256, m = 15,871 (undirected)
*** After core-truss co-pruning: n = 122, m = 6,511, density = 0.8821
RecSearch found a larger kplex of size: 71
68.68 68.68 68.68 69.69 70.70 70.70 69.69 70.70 70.70 70.70 70.70 70.70 70.70 70.70 70.70 70.70 70.70 70.70 70.70 70.70 70.70 70.70 70.70 69.69 70.70 70.70 70.70 69.69 70.70 70.70 70.70 70.70 70.70 70.70 70.70 70.70 70.70 70.70 70.70 70.70 69.69 69.69 70.70 70.70 70.70 70.70 70.70 70.70 68.68 68.68 68.68 68.68 68.68 68.68 69.69 68.68 68.68 69.69 69.69 69.69 68.68 68.68 68.68 68.68 69.69 69.69 68.68 68.68 68.68 68.68 68.68 
Timings /tech-WHOIS PxC: 0.764694 check2: 0 Partitioning: 0 Color: 0 Branching: 1.68614 additions 0
prune_cnt: 48, max_n: 115, min_density: 0.9001, avg_density: 0.9438
search_cnt: 48, max_n: 115, min_density: 0.9001, avg_density: 0.9438
>>/tech-WHOIS t_Search: 5.464085	MaxKPlex_Size: 71 t_Total: 5.479258 t_Seesaw: 0.000000

Timings /soc-orkut PxC: 82.3601 check2: 0 Partitioning: 0 Color: 0 Branching: 189.523 additions 0
prune_cnt: 610, max_n: 169, min_density: 0.7358, avg_density: 0.8635
search_cnt: 607, max_n: 169, min_density: 0.7358, avg_density: 0.8629
>>/soc-orkut t_Search: 512.932667	MaxKPlex_Size: 59 t_Total: 681.693314 t_Seesaw: 0.000000

**** kPlexS (Release) build at 16:40:06 Jun  4 2024 ***
# Start reading graph from an edgelist file, Require files "edges.txt"
# Note that this function is not optimized. Reading from a binary file will be faster
*	n = 217,892; m = 5,653,221 (undirected)
*** Heuristic kplex size: 24, time: 2,178 (microseconds)
*** Degeneracy k-plex size: 24, max_core: 35, UB: 38, Time: 40,134 (microseconds)
*** After core shrink: n = 217,112, m = 5,645,965 (undirected)
*** After core-truss co-pruning: n = 204,924, m = 5,323,510, density = 0.0003
Timings /sc-pwtk PxC: 0.0375673 check2: 0 Partitioning: 0 Color: 0 Branching: 0.00230873 additions 0
prune_cnt: 65077, max_n: 36, min_density: 0.7273, avg_density: 0.9894
search_cnt: 2953, max_n: 36, min_density: 0.7273, avg_density: 0.7663
>>/sc-pwtk t_Search: 1.108266	MaxKPlex_Size: 24 t_Total: 1.556154 t_Seesaw: 0.000000

**** kPlexS (Release) build at 16:40:06 Jun  4 2024 ***
# Start reading graph from an edgelist file, Require files "edges.txt"
# Note that this function is not optimized. Reading from a binary file will be faster
*	n = 770,800; m = 5,907,132 (undirected)
*** Heuristic kplex size: 27, time: 66,326 (microseconds)
*** Degeneracy k-plex size: 26, max_core: 236, UB: 239, Time: 112,940 (microseconds)
*** After core shrink: n = 42,806, m = 3,610,508 (undirected)
*** After core-truss co-pruning: n = 10,191, m = 1,512,413, density = 0.0291
Degen found a solution of size 41
Degen found a solution of size 47
Degen found a solution of size 48
Degen found a solution of size 60
Degen found a solution of size 63
Timings /soc-digg PxC: 4200.73 check2: 0 Partitioning: 0 Color: 0 Branching: 1063.31 additions 0
prune_cnt: 1026, max_n: 637, min_density: 0.4093, avg_density: 0.6276
search_cnt: 1026, max_n: 637, min_density: 0.4093, avg_density: 0.6276
>>/soc-digg t_Search: 6863.817701	MaxKPlex_Size: 63 t_Total: 6870.579540 t_Seesaw: 0.000000

