**** kPlexS (Release) build at 16:40:06 Jun  4 2024 ***
# Start reading graph from an edgelist file, Require files "edges.txt"
# Note that this function is not optimized. Reading from a binary file will be faster
*	n = 36,365; m = 1,590,651 (undirected)
*** Heuristic kplex size: 19, time: 25,781 (microseconds)
*** Degeneracy k-plex size: 67, max_core: 81, UB: 86, Time: 30,503 (microseconds)
*** After core shrink: n = 10,402, m = 727,916 (undirected)
*** After core-truss co-pruning: n = 114, m = 5,405, density = 0.8392
Degen found a solution of size 68
Timings /socfb-Texas84 PxC: 0.361252 check2: 0 Partitioning: 0 Color: 0 Branching: 1.28841 additions 0
prune_cnt: 29, max_n: 91, min_density: 0.9258, avg_density: 0.9535
search_cnt: 29, max_n: 91, min_density: 0.9258, avg_density: 0.9535
>>/socfb-Texas84 t_Search: 3.473545	MaxKPlex_Size: 68 t_Total: 4.635736 t_Seesaw: 0.000000

**** kPlexS (Release) build at 16:40:06 Jun  4 2024 ***
# Start reading graph from an edgelist file, Require files "edges.txt"
# Note that this function is not optimized. Reading from a binary file will be faster
*	n = 9,886; m = 506,437 (undirected)
*** Heuristic kplex size: 31, time: 7,567 (microseconds)
*** Degeneracy k-plex size: 44, max_core: 85, UB: 90, Time: 8,992 (microseconds)
*** After core shrink: n = 6,591, m = 449,653 (undirected)
*** After core-truss co-pruning: n = 394, m = 20,360, density = 0.2630
RecSearch found a larger kplex of size: 45
40.40 41.41 43.43 41.41 43.43 44.44 44.44 44.44 44.44 44.44 43.43 44.44 44.44 43.43 44.44 43.43 43.43 43.43 44.44 43.43 43.43 44.44 44.44 44.44 44.44 43.43 44.44 43.43 43.43 43.43 44.44 41.41 40.40 42.42 42.42 41.41 41.41 41.41 42.42 41.41 42.42 42.42 40.40 43.43 43.43 
**** kPlexS (Release) build at 16:40:06 Jun  4 2024 ***
# Start reading graph from an edgelist file, Require files "edges.txt"
# Note that this function is not optimized. Reading from a binary file will be faster
*	n = 35,112; m = 1,465,654 (undirected)
*** Heuristic kplex size: 41, time: 21,330 (microseconds)
*** Degeneracy k-plex size: 66, max_core: 83, UB: 88, Time: 26,393 (microseconds)
*** After core shrink: n = 9,049, m = 621,714 (undirected)
*** After core-truss co-pruning: n = 813, m = 36,941, density = 0.1119
RecSearch found a larger kplex of size: 67
62.62 64.64 65.65 65.65 64.64 66.66 65.65 65.65 66.66 66.66 66.66 66.66 66.66 66.66 65.65 66.66 66.66 66.66 66.66 65.65 66.66 66.66 66.66 66.66 65.65 65.65 66.66 66.66 66.66 65.65 65.65 65.65 66.66 66.66 66.66 66.66 66.66 66.66 66.66 66.66 62.62 62.62 64.64 62.62 64.64 64.64 62.62 63.63 63.63 63.63 64.64 64.64 64.64 64.64 62.62 63.63 63.63 63.63 64.64 64.64 64.64 64.64 62.62 64.64 64.64 63.63 62.62 
Degen found a solution of size 69
Degen found a solution of size 70
Degen found a solution of size 71
RecSearch found a larger kplex of size: 72
67.67 68.68 69.69 68.68 68.68 71.71 71.71 70.70 70.70 71.71 70.70 71.71 71.71 70.70 70.70 71.71 71.71 71.71 71.71 71.71 71.71 70.70 71.71 70.70 70.70 71.71 71.71 71.71 71.71 71.71 71.71 71.71 71.71 70.70 71.71 70.70 71.71 70.70 71.71 71.71 71.71 71.71 70.70 70.70 70.70 71.71 70.70 71.71 71.71 69.69 68.68 69.69 67.67 68.68 67.67 67.67 69.69 69.69 67.67 67.67 67.67 69.69 67.67 69.69 67.67 67.67 67.67 67.67 67.67 68.68 67.67 68.68 
Degen found a solution of size 47
RecSearch found a larger kplex of size: 48
43.43 43.43 45.45 43.43 44.44 47.47 47.47 47.47 47.47 47.47 47.47 47.47 47.47 47.47 47.47 47.47 47.47 46.46 43.43 43.43 43.43 43.43 46.46 44.44 46.46 47.47 46.46 45.45 47.47 46.46 46.46 44.44 46.46 43.43 45.45 43.43 47.47 45.45 44.44 44.44 43.43 45.45 45.45 44.44 44.44 43.43 43.43 45.45 
RecSearch found a larger kplex of size: 73
68.68 71.71 69.69 69.69 68.68 71.71 72.72 71.71 72.72 71.71 72.72 72.72 71.71 72.72 71.71 72.72 72.72 71.71 71.71 71.71 72.72 71.71 72.72 71.71 72.72 71.71 72.72 72.72 72.72 72.72 72.72 72.72 72.72 72.72 72.72 72.72 72.72 71.71 72.72 72.72 72.72 69.69 70.70 70.70 69.69 70.70 70.70 70.70 68.68 68.68 68.68 70.70 69.69 69.69 70.70 69.69 68.68 70.70 69.69 69.69 71.71 69.69 70.70 70.70 70.70 71.71 71.71 71.71 71.71 70.70 70.70 70.70 70.70 
Timings /socfb-UF PxC: 2.89143 check2: 0 Partitioning: 0 Color: 0 Branching: 17.1604 additions 0
prune_cnt: 28, max_n: 91, min_density: 0.9443, avg_density: 0.9615
search_cnt: 28, max_n: 91, min_density: 0.9443, avg_density: 0.9615
>>/socfb-UF t_Search: 33.981456	MaxKPlex_Size: 73 t_Total: 34.922522 t_Seesaw: 0.000000

**** kPlexS (Release) build at 16:40:06 Jun  4 2024 ***
# Start reading graph from an edgelist file, Require files "edges.txt"
# Note that this function is not optimized. Reading from a binary file will be faster
*	n = 65; m = 1,824 (undirected)
*** Heuristic kplex size: 32, time: 196 (microseconds)
*** Degeneracy k-plex size: 32, max_core: 57, UB: 62, Time: 18 (microseconds)
*** After core shrink: n = 64, m = 1,824 (undirected)
*** After core-truss co-pruning: n = 64, m = 1,824, density = 0.9048
RecSearch found a larger kplex of size: 33
32.32 30.30 32.32 31.31 31.31 31.31 31.31 32.32 29.29 30.30 29.29 30.30 29.29 29.29 29.29 28.28 29.29 30.30 28.28 28.28 28.28 29.29 28.28 28.28 28.28 28.28 28.28 28.28 28.28 28.28 28.28 29.29 28.28 
RecSearch found a larger kplex of size: 34
33.33 31.31 33.33 32.32 33.33 32.32 32.32 31.31 31.31 31.31 30.30 31.31 30.30 30.30 30.30 30.30 29.29 30.30 29.29 29.29 29.29 30.30 29.29 29.29 30.30 29.29 29.29 29.29 29.29 29.29 29.29 29.29 29.29 30.30 
RecSearch found a larger kplex of size: 35
34.34 32.32 33.33 33.33 34.34 33.33 34.34 31.31 32.32 31.31 32.32 32.32 31.31 32.32 31.31 31.31 31.31 30.30 30.30 30.30 30.30 30.30 30.30 31.31 31.31 30.30 30.30 31.31 30.30 30.30 30.30 30.30 30.30 30.30 30.30 
RecSearch found a larger kplex of size: 36
35.35 34.34 34.34 35.35 34.34 35.35 34.34 33.33 33.33 32.32 33.33 32.32 33.33 33.33 32.32 32.32 35.35 33.33 33.33 31.31 31.31 31.31 31.31 31.31 31.31 32.32 32.32 32.32 32.32 32.32 32.32 31.31 31.31 31.31 31.31 31.31 
RecSearch found a larger kplex of size: 37
36.36 34.34 35.35 35.35 35.35 36.36 35.35 36.36 33.33 33.33 34.34 33.33 34.34 33.33 34.34 34.34 33.33 36.36 34.34 32.32 32.32 32.32 32.32 33.33 33.33 32.32 33.33 32.32 33.33 33.33 33.33 32.32 32.32 32.32 33.33 32.32 32.32 
RecSearch found a larger kplex of size: 38
37.37 35.35 37.37 36.36 36.36 36.36 36.36 37.37 35.35 35.35 34.34 34.34 35.35 34.34 35.35 34.34 34.34 34.34 37.37 33.33 33.33 33.33 33.33 33.33 34.34 34.34 34.34 34.34 33.33 34.34 34.34 33.33 33.33 33.33 34.34 33.33 34.34 33.33 
RecSearch found a larger kplex of size: 39
38.38 36.36 38.38 37.37 38.38 37.37 37.37 37.37 35.35 36.36 36.36 36.36 35.35 35.35 36.36 35.35 36.36 34.34 35.35 34.34 34.34 34.34 37.37 34.34 35.35 35.35 34.34 35.35 35.35 35.35 35.35 35.35 35.35 34.34 34.34 34.34 34.34 34.34 34.34 
RecSearch found a larger kplex of size: 40
39.39 36.36 38.38 38.38 39.39 39.39 38.38 38.38 35.35 37.37 35.35 37.37 37.37 37.37 36.36 35.35 37.37 36.36 37.37 35.35 35.35 35.35 38.38 35.35 36.36 35.35 36.36 36.36 36.36 35.35 36.36 36.36 35.35 35.35 35.35 35.35 36.36 36.36 35.35 35.35 
RecSearch found a larger kplex of size: 41
40.40 36.36 38.38 36.36 38.38 38.38 37.37 38.38 36.36 37.37 36.36 37.37 36.36 39.39 37.37 37.37 37.37 39.39 36.36 37.37 36.36 36.36 37.37 36.36 39.39 36.36 37.37 37.37 36.36 36.36 36.36 36.36 36.36 36.36 36.36 36.36 36.36 38.38 37.37 37.37 37.37 
RecSearch found a larger kplex of size: 42
41.41 37.37 38.38 37.37 38.38 37.37 38.38 37.37 38.38 38.38 38.38 38.38 41.41 38.38 38.38 37.37 41.41 37.37 37.37 37.37 38.38 37.37 37.37 41.41 37.37 37.37 37.37 37.37 37.37 37.37 37.37 37.37 38.38 38.38 38.38 38.38 38.38 38.38 38.38 38.38 38.38 38.38 
**** kPlexS (Release) build at 16:40:06 Jun  4 2024 ***
# Start reading graph from an edgelist file, Require files "edges.txt"
# Note that this function is not optimized. Reading from a binary file will be faster
*	n = 952,204; m = 20,770,807 (undirected)
*** Heuristic kplex size: 21, time: 6,653 (microseconds)
*** Degeneracy k-plex size: 21, max_core: 34, UB: 39, Time: 275,879 (microseconds)
*** After core shrink: n = 909,537, m = 20,770,807 (undirected)
*** After core-truss co-pruning: n = 909,537, m = 20,763,402, density = 0.0001
RecSearch found a larger kplex of size: 22
17.17 17.17 17.17 17.17 17.17 21.21 21.21 21.21 21.21 21.21 21.21 17.17 17.17 17.17 17.17 17.17 17.17 17.17 17.17 17.17 17.17 17.17 
RecSearch found a larger kplex of size: 23
18.18 18.18 18.18 18.18 18.18 22.22 22.22 22.22 22.22 22.22 22.22 22.22 18.18 18.18 18.18 18.18 18.18 18.18 18.18 18.18 18.18 18.18 18.18 
RecSearch found a larger kplex of size: 43
42.42 42.42 38.38 38.38 38.38 38.38 38.38 38.38 39.39 42.42 39.39 39.39 39.39 39.39 39.39 42.42 39.39 39.39 39.39 39.39 39.39 38.38 38.38 38.38 38.38 38.38 38.38 38.38 38.38 38.38 38.38 38.38 38.38 38.38 39.39 38.38 39.39 39.39 38.38 39.39 39.39 39.39 39.39 
RecSearch found a larger kplex of size: 44
43.43 39.39 39.39 40.40 40.40 40.40 40.40 41.41 39.39 40.40 40.40 39.39 39.39 39.39 39.39 40.40 40.40 39.39 41.41 39.39 39.39 39.39 39.39 39.39 39.39 39.39 39.39 39.39 39.39 39.39 39.39 39.39 39.39 39.39 39.39 39.39 39.39 39.39 39.39 39.39 39.39 39.39 39.39 39.39 
RecSearch found a larger kplex of size: 45
43.43 40.40 42.42 40.40 41.41 41.41 40.40 41.41 40.40 40.40 40.40 41.41 41.41 40.40 41.41 40.40 40.40 40.40 40.40 40.40 40.40 40.40 40.40 40.40 40.40 40.40 40.40 40.40 40.40 40.40 40.40 40.40 40.40 40.40 40.40 40.40 40.40 40.40 40.40 41.41 40.40 40.40 40.40 40.40 40.40 
RecSearch found a larger kplex of size: 46
43.43 41.41 41.41 41.41 42.42 42.42 41.41 41.41 41.41 41.41 42.42 42.42 41.41 41.41 41.41 41.41 41.41 41.41 41.41 41.41 41.41 41.41 41.41 41.41 41.41 41.41 41.41 41.41 41.41 41.41 41.41 41.41 41.41 41.41 42.42 41.41 41.41 41.41 41.41 41.41 42.42 41.41 41.41 41.41 41.41 41.41 
RecSearch found a larger kplex of size: 47
43.43 42.42 42.42 42.42 42.42 42.42 42.42 42.42 43.43 43.43 42.42 42.42 42.42 42.42 42.42 42.42 42.42 42.42 42.42 42.42 42.42 42.42 42.42 42.42 42.42 42.42 42.42 42.42 42.42 42.42 42.42 42.42 42.42 42.42 42.42 42.42 42.42 42.42 42.42 43.43 42.42 42.42 42.42 42.42 42.42 42.42 42.42 
RecSearch found a larger kplex of size: 48
43.43 43.43 43.43 43.43 43.43 43.43 43.43 43.43 43.43 43.43 43.43 43.43 43.43 43.43 43.43 43.43 43.43 43.43 43.43 43.43 43.43 43.43 43.43 43.43 43.43 43.43 43.43 43.43 43.43 43.43 43.43 43.43 43.43 43.43 43.43 43.43 43.43 43.43 43.43 43.43 43.43 43.43 43.43 43.43 43.43 43.43 43.43 43.43 
Timings /hamming6-2 PxC: 8.89631 check2: 0 Partitioning: 0 Color: 0 Branching: 47.4451 additions 0
prune_cnt: 12, max_n: 64, min_density: 0.9048, avg_density: 0.9059
search_cnt: 12, max_n: 64, min_density: 0.9048, avg_density: 0.9059
>>/hamming6-2 t_Search: 87.464178	MaxKPlex_Size: 48 t_Total: 87.464539 t_Seesaw: 0.000000

**** kPlexS (Release) build at 16:40:06 Jun  4 2024 ***
# Start reading graph from an edgelist file, Require files "edges.txt"
# Note that this function is not optimized. Reading from a binary file will be faster
*	n = 29,733; m = 1,305,757 (undirected)
*** Heuristic kplex size: 29, time: 7,528 (microseconds)
*** Degeneracy k-plex size: 51, max_core: 76, UB: 81, Time: 23,823 (microseconds)
*** After core shrink: n = 15,859, m = 968,851 (undirected)
*** After core-truss co-pruning: n = 1,224, m = 43,309, density = 0.0579
Degen found a solution of size 55
Degen found a solution of size 58
RecSearch found a larger kplex of size: 59
54.54 54.54 55.55 55.55 57.57 58.58 58.58 58.58 57.57 57.57 58.58 58.58 57.57 58.58 58.58 58.58 58.58 57.57 58.58 58.58 58.58 58.58 58.58 57.57 58.58 57.57 58.58 57.57 58.58 58.58 58.58 57.57 58.58 57.57 58.58 58.58 57.57 56.56 56.56 56.56 56.56 57.57 57.57 54.54 54.54 55.55 56.56 57.57 54.54 55.55 55.55 54.54 56.56 54.54 56.56 54.54 55.55 54.54 54.54 
Timings /socfb-Indiana PxC: 0.0594426 check2: 0 Partitioning: 0 Color: 0 Branching: 0.209793 additions 0
prune_cnt: 15, max_n: 70, min_density: 0.9557, avg_density: 0.9640
search_cnt: 14, max_n: 70, min_density: 0.9557, avg_density: 0.9634
>>/socfb-Indiana t_Search: 0.508772	MaxKPlex_Size: 59 t_Total: 1.830954 t_Seesaw: 0.000000

Timings /sc-ldoor PxC: 179.745 check2: 0 Partitioning: 0 Color: 0 Branching: 139.924 additions 0
prune_cnt: 595851, max_n: 42, min_density: 0.5494, avg_density: 0.8471
search_cnt: 486232, max_n: 42, min_density: 0.5494, avg_density: 0.8387
>>/sc-ldoor t_Search: 598.719892	MaxKPlex_Size: 23 t_Total: 600.657607 t_Seesaw: 0.000000

Timings /socfb-Duke14 PxC: 201.511 check2: 0 Partitioning: 0 Color: 0 Branching: 223.509 additions 0
prune_cnt: 164, max_n: 149, min_density: 0.6748, avg_density: 0.7659
search_cnt: 164, max_n: 149, min_density: 0.6748, avg_density: 0.7659
>>/socfb-Duke14 t_Search: 684.591398	MaxKPlex_Size: 48 t_Total: 685.249530 t_Seesaw: 0.000000

**** kPlexS (Release) build at 16:40:06 Jun  4 2024 ***
# Start reading graph from an edgelist file, Require files "edges.txt"
# Note that this function is not optimized. Reading from a binary file will be faster
*	n = 92,118; m = 360,767 (undirected)
*** Heuristic kplex size: 14, time: 5,501 (microseconds)
*** Degeneracy k-plex size: 23, max_core: 58, UB: 63, Time: 6,022 (microseconds)
*** After core shrink: n = 4,296, m = 146,593 (undirected)
*** After core-truss co-pruning: n = 527, m = 21,384, density = 0.1543
Degen found a solution of size 25
Timings /ia-wiki-Talk PxC: 662.127 check2: 0 Partitioning: 0 Color: 0 Branching: 169.885 additions 0
prune_cnt: 270, max_n: 143, min_density: 0.4428, avg_density: 0.5465
search_cnt: 270, max_n: 143, min_density: 0.4428, avg_density: 0.5465
>>/ia-wiki-Talk t_Search: 1062.778377	MaxKPlex_Size: 25 t_Total: 1062.884847 t_Seesaw: 0.000000

**** kPlexS (Release) build at 16:40:06 Jun  4 2024 ***
# Start reading graph from an edgelist file, Require files "edges.txt"
# Note that this function is not optimized. Reading from a binary file will be faster
*	n = 217,892; m = 5,653,221 (undirected)
*** Heuristic kplex size: 24, time: 2,172 (microseconds)
*** Degeneracy k-plex size: 24, max_core: 35, UB: 40, Time: 39,980 (microseconds)
*** After core shrink: n = 217,116, m = 5,646,048 (undirected)
*** After core-truss co-pruning: n = 212,326, m = 5,507,216, density = 0.0002
RecSearch found a larger kplex of size: 25
21.21 20.20 20.20 20.20 24.24 24.24 24.24 24.24 24.24 24.24 24.24 24.24 24.24 24.24 24.24 24.24 24.24 24.24 24.24 24.24 24.24 24.24 21.21 21.21 21.21 
RecSearch found a larger kplex of size: 26
21.21 21.21 21.21 21.21 21.21 25.25 25.25 25.25 25.25 25.25 25.25 25.25 25.25 25.25 25.25 25.25 25.25 25.25 25.25 25.25 25.25 25.25 25.25 21.21 21.21 21.21 
Timings /sc-pwtk PxC: 0.339942 check2: 0 Partitioning: 0 Color: 0 Branching: 0.129014 additions 0
prune_cnt: 70519, max_n: 51, min_density: 0.6063, avg_density: 0.9779
search_cnt: 6368, max_n: 51, min_density: 0.6063, avg_density: 0.7614
>>/sc-pwtk t_Search: 2.187456	MaxKPlex_Size: 26 t_Total: 2.597587 t_Seesaw: 0.000000

**** kPlexS (Release) build at 16:40:06 Jun  4 2024 ***
# Start reading graph from an edgelist file, Require files "edges.txt"
# Note that this function is not optimized. Reading from a binary file will be faster
*	n = 36,365; m = 1,590,651 (undirected)
*** Heuristic kplex size: 19, time: 25,222 (microseconds)
*** Degeneracy k-plex size: 67, max_core: 81, UB: 86, Time: 29,378 (microseconds)
*** After core shrink: n = 10,402, m = 727,916 (undirected)
*** After core-truss co-pruning: n = 114, m = 5,405, density = 0.8392
Degen found a solution of size 68
Timings /socfb-Texas84 PxC: 0.358267 check2: 0 Partitioning: 0 Color: 0 Branching: 1.25859 additions 0
prune_cnt: 29, max_n: 91, min_density: 0.9258, avg_density: 0.9535
search_cnt: 29, max_n: 91, min_density: 0.9258, avg_density: 0.9535
>>/socfb-Texas84 t_Search: 3.399983	MaxKPlex_Size: 68 t_Total: 4.525384 t_Seesaw: 0.000000

**** kPlexS (Release) build at 16:40:06 Jun  4 2024 ***
# Start reading graph from an edgelist file, Require files "edges.txt"
# Note that this function is not optimized. Reading from a binary file will be faster
*	n = 2,997,167; m = 106,349,209 (undirected)
*** Heuristic kplex size: 20, time: 435,030 (microseconds)
*** Degeneracy k-plex size: 35, max_core: 230, UB: 235, Time: 4,382,278 (microseconds)
*** After core shrink: n = 1,546,064, m = 83,532,640 (undirected)
*** After core-truss co-pruning: n = 80,852, m = 4,169,128, density = 0.0013
Degen found a solution of size 36
Degen found a solution of size 37
Degen found a solution of size 38
RecSearch found a larger kplex of size: 39
34.34 34.34 36.36 36.36 35.35 37.37 37.37 38.38 38.38 38.38 38.38 37.37 37.37 38.38 38.38 38.38 38.38 38.38 38.38 38.38 37.37 38.38 38.38 36.36 36.36 36.36 35.35 36.36 36.36 35.35 36.36 36.36 36.36 34.34 36.36 36.36 34.34 34.34 34.34 
RecSearch found a larger kplex of size: 40
35.35 35.35 35.35 35.35 37.37 39.39 39.39 39.39 38.38 38.38 39.39 38.38 38.38 38.38 39.39 38.38 38.38 39.39 38.38 39.39 39.39 38.38 38.38 39.39 39.39 39.39 38.38 39.39 37.37 37.37 37.37 35.35 37.37 37.37 35.35 37.37 36.36 36.36 35.35 36.36 
Degen found a solution of size 41
Degen found a solution of size 44
RecSearch found a larger kplex of size: 45
40.40 41.41 41.41 41.41 43.43 44.44 43.43 43.43 43.43 43.43 43.43 44.44 43.43 44.44 43.43 43.43 44.44 44.44 43.43 44.44 44.44 44.44 43.43 43.43 44.44 44.44 44.44 43.43 44.44 40.40 41.41 42.42 41.41 41.41 41.41 42.42 42.42 42.42 40.40 42.42 40.40 40.40 40.40 41.41 41.41 
Degen found a solution of size 46
Degen found a solution of size 51
Degen found a solution of size 53
Degen found a solution of size 63
Degen found a solution of size 64
RecSearch found a larger kplex of size: 65
60.60 61.61 62.62 62.62 60.60 63.63 64.64 64.64 64.64 64.64 63.63 63.63 63.63 64.64 64.64 64.64 64.64 63.63 63.63 64.64 64.64 63.63 64.64 63.63 63.63 64.64 63.63 64.64 64.64 64.64 63.63 64.64 64.64 64.64 63.63 64.64 64.64 64.64 64.64 64.64 60.60 62.62 62.62 62.62 62.62 61.61 61.61 62.62 61.61 61.61 60.60 62.62 62.62 62.62 62.62 61.61 60.60 61.61 60.60 62.62 62.62 62.62 61.61 62.62 62.62 
**** kPlexS (Release) build at 16:40:06 Jun  4 2024 ***
# Start reading graph from an edgelist file, Require files "edges.txt"
# Note that this function is not optimized. Reading from a binary file will be faster
*	n = 87,805; m = 2,565,054 (undirected)
*** Heuristic kplex size: 24, time: 914 (microseconds)
*** Degeneracy k-plex size: 24, max_core: 47, UB: 52, Time: 20,771 (microseconds)
*** After core shrink: n = 87,084, m = 2,558,070 (undirected)
*** After core-truss co-pruning: n = 87,084, m = 2,556,918, density = 0.0007
Degen found a solution of size 30
RecSearch found a larger kplex of size: 31
27.27 26.26 26.26 26.26 26.26 26.26 26.26 26.26 26.26 26.26 26.26 26.26 26.26 26.26 26.26 26.26 26.26 26.26 26.26 26.26 26.26 26.26 26.26 26.26 26.26 26.26 26.26 26.26 27.27 27.27 27.27 
RecSearch found a larger kplex of size: 32
27.27 27.27 27.27 27.27 27.27 27.27 27.27 27.27 27.27 27.27 27.27 27.27 27.27 27.27 27.27 27.27 27.27 27.27 27.27 27.27 27.27 27.27 27.27 27.27 27.27 27.27 27.27 27.27 27.27 27.27 27.27 27.27 
Degen found a solution of size 36
Timings /sc-pkustk11 PxC: 0.403998 check2: 0 Partitioning: 0 Color: 0 Branching: 0.688829 additions 0
prune_cnt: 2709, max_n: 48, min_density: 0.7447, avg_density: 0.8578
search_cnt: 1643, max_n: 48, min_density: 0.7447, avg_density: 0.8037
>>/sc-pkustk11 t_Search: 2.825336	MaxKPlex_Size: 36 t_Total: 3.044518 t_Seesaw: 0.000000

**** kPlexS (Release) build at 16:40:06 Jun  4 2024 ***
# Start reading graph from an edgelist file, Require files "edges.txt"
# Note that this function is not optimized. Reading from a binary file will be faster
*	n = 7,477; m = 56,943 (undirected)
*** Heuristic kplex size: 45, time: 3,845 (microseconds)
*** Degeneracy k-plex size: 75, max_core: 88, UB: 93, Time: 813 (microseconds)
*** After core shrink: n = 248, m = 15,327 (undirected)
*** After core-truss co-pruning: n = 120, m = 6,339, density = 0.8878
RecSearch found a larger kplex of size: 76
71.71 73.73 72.72 72.72 71.71 75.75 74.74 75.75 75.75 75.75 74.74 75.75 75.75 75.75 75.75 75.75 75.75 75.75 74.74 75.75 75.75 74.74 74.74 75.75 74.74 75.75 75.75 75.75 75.75 75.75 75.75 74.74 75.75 75.75 74.74 75.75 75.75 75.75 75.75 75.75 73.73 74.74 71.71 74.74 71.71 75.75 75.75 73.73 73.73 71.71 72.72 74.74 75.75 74.74 74.74 73.73 72.72 73.73 73.73 73.73 72.72 74.74 73.73 71.71 74.74 74.74 74.74 74.74 71.71 71.71 71.71 73.73 73.73 73.73 73.73 72.72 
Timings /tech-WHOIS PxC: 32.1655 check2: 0 Partitioning: 0 Color: 0 Branching: 180.94 additions 0
prune_cnt: 41, max_n: 114, min_density: 0.9048, avg_density: 0.9442
search_cnt: 41, max_n: 114, min_density: 0.9048, avg_density: 0.9442
>>/tech-WHOIS t_Search: 362.841532	MaxKPlex_Size: 76 t_Total: 362.856612 t_Seesaw: 0.000000

**** kPlexS (Release) build at 16:40:06 Jun  4 2024 ***
# Start reading graph from an edgelist file, Require files "edges.txt"
# Note that this function is not optimized. Reading from a binary file will be faster
*	n = 415,864; m = 9,378,650 (undirected)
*** Heuristic kplex size: 21, time: 3,881 (microseconds)
*** Degeneracy k-plex size: 21, max_core: 34, UB: 39, Time: 123,302 (microseconds)
*** After core shrink: n = 404,785, m = 9,378,650 (undirected)
*** After core-truss co-pruning: n = 404,785, m = 9,371,658, density = 0.0001
RecSearch found a larger kplex of size: 22
17.17 17.17 17.17 17.17 17.17 21.21 21.21 21.21 21.21 21.21 21.21 17.17 17.17 17.17 17.17 17.17 17.17 17.17 17.17 17.17 17.17 17.17 
RecSearch found a larger kplex of size: 23
18.18 18.18 18.18 18.18 18.18 22.22 22.22 22.22 22.22 22.22 22.22 22.22 18.18 18.18 18.18 18.18 18.18 18.18 18.18 18.18 18.18 18.18 18.18 
**** kPlexS (Release) build at 16:40:06 Jun  4 2024 ***
# Start reading graph from an edgelist file, Require files "edges.txt"
# Note that this function is not optimized. Reading from a binary file will be faster
*	n = 63,393; m = 816,886 (undirected)
*** Heuristic kplex size: 22, time: 4,463 (microseconds)
*** Degeneracy k-plex size: 38, max_core: 52, UB: 57, Time: 14,163 (microseconds)
*** After core shrink: n = 6,937, m = 278,716 (undirected)
*** After core-truss co-pruning: n = 279, m = 7,709, density = 0.1988
Degen found a solution of size 39
RecSearch found a larger kplex of size: 40
36.36 35.35 37.37 37.37 38.38 39.39 38.38 38.38 38.38 38.38 39.39 38.38 38.38 39.39 39.39 38.38 35.35 36.36 36.36 35.35 37.37 37.37 35.35 37.37 37.37 36.36 37.37 36.36 36.36 35.35 36.36 37.37 37.37 37.37 35.35 36.36 37.37 38.38 37.37 36.36 
Degen found a solution of size 41
RecSearch found a larger kplex of size: 42
37.37 37.37 38.38 40.40 37.37 41.41 41.41 40.40 40.40 40.40 40.40 41.41 41.41 40.40 41.41 40.40 41.41 40.40 41.41 41.41 41.41 40.40 41.41 41.41 41.41 39.39 39.39 37.37 37.37 38.38 37.37 38.38 38.38 37.37 39.39 37.37 40.40 38.38 38.38 38.38 37.37 38.38 
Timings /socfb-OR PxC: 0.0711224 check2: 0 Partitioning: 0 Color: 0 Branching: 0.183296 additions 0
prune_cnt: 27, max_n: 58, min_density: 0.8832, avg_density: 0.9111
search_cnt: 27, max_n: 58, min_density: 0.8832, avg_density: 0.9111
>>/socfb-OR t_Search: 0.488729	MaxKPlex_Size: 42 t_Total: 0.747548 t_Seesaw: 0.000000

**** kPlexS (Release) build at 16:40:06 Jun  4 2024 ***
# Start reading graph from an edgelist file, Require files "edges.txt"
# Note that this function is not optimized. Reading from a binary file will be faster
*	n = 2,523,387; m = 7,918,801 (undirected)
*** Heuristic kplex size: 17, time: 19,877 (microseconds)
*** Degeneracy k-plex size: 46, max_core: 68, UB: 73, Time: 125,607 (microseconds)
*** After core shrink: n = 7,545, m = 312,522 (undirected)
*** After core-truss co-pruning: n = 244, m = 10,546, density = 0.3557
Degen found a solution of size 47
Degen found a solution of size 48
RecSearch found a larger kplex of size: 49
44.44 44.44 45.45 44.44 45.45 48.48 48.48 44.44 45.45 45.45 45.45 46.46 44.44 47.47 47.47 48.48 48.48 48.48 48.48 48.48 48.48 48.48 47.47 48.48 47.47 45.45 45.45 44.44 46.46 46.46 48.48 46.46 44.44 46.46 44.44 44.44 44.44 46.46 46.46 46.46 47.47 45.45 47.47 45.45 46.46 46.46 47.47 47.47 45.45 
**** kPlexS (Release) build at 16:40:06 Jun  4 2024 ***
# Start reading graph from an edgelist file, Require files "edges.txt"
# Note that this function is not optimized. Reading from a binary file will be faster
*	n = 2,937,613; m = 20,959,854 (undirected)
*** Heuristic kplex size: 9, time: 34,219 (microseconds)
*** Degeneracy k-plex size: 21, max_core: 63, UB: 68, Time: 620,292 (microseconds)
*** After core shrink: n = 432,416, m = 14,787,481 (undirected)
*** After core-truss co-pruning: n = 33,082, m = 845,687, density = 0.0015
Degen found a solution of size 22
Degen found a solution of size 23
RecSearch found a larger kplex of size: 24
19.19 21.21 20.20 20.20 20.20 23.23 23.23 23.23 22.22 23.23 23.23 22.22 23.23 23.23 22.22 23.23 23.23 19.19 21.21 20.20 19.19 19.19 20.20 19.19 
Degen found a solution of size 25
Degen found a solution of size 26
Degen found a solution of size 27
Degen found a solution of size 28
Degen found a solution of size 29
Degen found a solution of size 30
Degen found a solution of size 31
Degen found a solution of size 32
Degen found a solution of size 34
RecSearch found a larger kplex of size: 35
30.30 30.30 30.30 30.30 30.30 34.34 33.33 34.34 34.34 33.33 34.34 34.34 34.34 34.34 33.33 34.34 34.34 34.34 33.33 34.34 34.34 32.32 31.31 31.31 30.30 31.31 32.32 33.33 34.34 32.32 30.30 33.33 32.32 30.30 31.31 
**** kPlexS (Release) build at 16:40:06 Jun  4 2024 ***
# Start reading graph from an edgelist file, Require files "edges.txt"
# Note that this function is not optimized. Reading from a binary file will be faster
*	n = 71; m = 1,855 (undirected)
*** Heuristic kplex size: 14, time: 178 (microseconds)
*** Degeneracy k-plex size: 24, max_core: 53, UB: 58, Time: 36 (microseconds)
*** After core shrink: n = 70, m = 1,855 (undirected)
*** After core-truss co-pruning: n = 70, m = 1,855, density = 0.7681
RecSearch found a larger kplex of size: 25
24.24 20.20 20.20 20.20 20.20 20.20 20.20 20.20 20.20 20.20 20.20 20.20 20.20 20.20 20.20 20.20 20.20 20.20 20.20 20.20 20.20 20.20 20.20 20.20 20.20 
RecSearch found a larger kplex of size: 26
25.25 25.25 21.21 21.21 21.21 21.21 21.21 21.21 21.21 21.21 21.21 21.21 21.21 21.21 21.21 21.21 21.21 21.21 21.21 21.21 21.21 21.21 21.21 21.21 21.21 21.21 
RecSearch found a larger kplex of size: 27
23.23 22.22 22.22 22.22 22.22 22.22 23.23 22.22 23.23 22.22 22.22 23.23 22.22 22.22 22.22 22.22 22.22 22.22 22.22 22.22 22.22 22.22 22.22 22.22 22.22 22.22 22.22 
RecSearch found a larger kplex of size: 28
23.23 23.23 23.23 23.23 23.23 23.23 23.23 23.23 23.23 23.23 23.23 23.23 23.23 23.23 23.23 23.23 23.23 23.23 23.23 23.23 23.23 23.23 23.23 23.23 23.23 23.23 23.23 23.23 
Timings /soc-flixster PxC: 39.8795 check2: 0 Partitioning: 0 Color: 0 Branching: 118.33 additions 0
prune_cnt: 72, max_n: 115, min_density: 0.7529, avg_density: 0.8340
search_cnt: 72, max_n: 115, min_density: 0.7529, avg_density: 0.8340
>>/soc-flixster t_Search: 260.004414	MaxKPlex_Size: 49 t_Total: 260.378589 t_Seesaw: 0.000000

**** kPlexS (Release) build at 16:40:06 Jun  4 2024 ***
# Start reading graph from an edgelist file, Require files "edges.txt"
# Note that this function is not optimized. Reading from a binary file will be faster
*	n = 639,015; m = 3,214,986 (undirected)
*** Heuristic kplex size: 26, time: 308,056 (microseconds)
*** Degeneracy k-plex size: 37, max_core: 63, UB: 68, Time: 43,766 (microseconds)
*** After core shrink: n = 17,257, m = 678,326 (undirected)
*** After core-truss co-pruning: n = 10,645, m = 410,671, density = 0.0072
Degen found a solution of size 41
Degen found a solution of size 42
Degen found a solution of size 43
Degen found a solution of size 44
Timings /soc-FourSquare PxC: 78.9452 check2: 0 Partitioning: 0 Color: 0 Branching: 8.79609 additions 0
prune_cnt: 1143, max_n: 7712, min_density: 0.0096, avg_density: 0.7429
search_cnt: 1137, max_n: 7712, min_density: 0.0096, avg_density: 0.7418
>>/soc-FourSquare t_Search: 175.289095	MaxKPlex_Size: 44 t_Total: 176.254802 t_Seesaw: 0.000000

Timings /johnson8-4-4 PxC: 21.6117 check2: 0 Partitioning: 0 Color: 0 Branching: 75.5029 additions 0
prune_cnt: 34, max_n: 70, min_density: 0.7681, avg_density: 0.7838
search_cnt: 34, max_n: 70, min_density: 0.7681, avg_density: 0.7838
>>/johnson8-4-4 t_Search: 125.366502	MaxKPlex_Size: 28 t_Total: 125.366935 t_Seesaw: 0.000000

Timings /sc-msdoor PxC: 105.198 check2: 0 Partitioning: 0 Color: 0 Branching: 74.7431 additions 0
prune_cnt: 285614, max_n: 42, min_density: 0.5494, avg_density: 0.8455
search_cnt: 237041, max_n: 42, min_density: 0.5494, avg_density: 0.8395
>>/sc-msdoor t_Search: 326.110347	MaxKPlex_Size: 23 t_Total: 326.986674 t_Seesaw: 0.000000

Timings /socfb-B-anon PxC: 63.4827 check2: 0 Partitioning: 0 Color: 0 Branching: 185.993 additions 0
prune_cnt: 105, max_n: 87, min_density: 0.6444, avg_density: 0.8248
search_cnt: 100, max_n: 87, min_density: 0.6444, avg_density: 0.8198
>>/socfb-B-anon t_Search: 388.182643	MaxKPlex_Size: 35 t_Total: 406.897820 t_Seesaw: 0.000000

**** kPlexS (Release) build at 16:40:06 Jun  4 2024 ***
# Start reading graph from an edgelist file, Require files "edges.txt"
# Note that this function is not optimized. Reading from a binary file will be faster
*	n = 172; m = 9,435 (undirected)
*** Heuristic kplex size: 11, time: 594 (microseconds)
*** Degeneracy k-plex size: 26, max_core: 102, UB: 107, Time: 121 (microseconds)
*** After core shrink: n = 171, m = 9,435 (undirected)
*** After core-truss co-pruning: n = 171, m = 9,435, density = 0.6491
RecSearch found a larger kplex of size: 27
23.23 22.22 22.22 22.22 22.22 22.22 22.22 22.22 22.22 22.22 22.22 22.22 22.22 23.23 22.22 22.22 22.22 22.22 22.22 22.22 22.22 22.22 23.23 22.22 23.23 22.22 22.22 
**** kPlexS (Release) build at 16:40:06 Jun  4 2024 ***
# Start reading graph from an edgelist file, Require files "edges.txt"
# Note that this function is not optimized. Reading from a binary file will be faster
*	n = 201; m = 17,910 (undirected)
*** Heuristic kplex size: 51, time: 1,562 (microseconds)
*** Degeneracy k-plex size: 101, max_core: 169, UB: 174, Time: 213 (microseconds)
*** After core shrink: n = 200, m = 17,910 (undirected)
*** After core-truss co-pruning: n = 200, m = 17,910, density = 0.9000
Degen found a solution of size 103
RecSearch found a larger kplex of size: 104
102.102 102.102 101.101 101.101 101.101 101.101 101.101 101.101 101.101 101.101 101.101 101.101 101.101 101.101 101.101 101.101 101.101 101.101 101.101 101.101 101.101 101.101 101.101 101.101 101.101 101.101 101.101 101.101 101.101 101.101 101.101 101.101 101.101 101.101 101.101 101.101 101.101 101.101 101.101 101.101 101.101 101.101 101.101 101.101 101.101 101.101 101.101 101.101 101.101 101.101 101.101 101.101 101.101 101.101 101.101 101.101 101.101 101.101 101.101 101.101 101.101 101.101 101.101 101.101 101.101 101.101 101.101 101.101 101.101 101.101 101.101 101.101 101.101 101.101 101.101 101.101 101.101 101.101 101.101 101.101 101.101 101.101 101.101 101.101 101.101 101.101 101.101 101.101 101.101 101.101 101.101 101.101 101.101 101.101 101.101 101.101 101.101 101.101 101.101 101.101 101.101 101.101 101.101 101.101 
RecSearch found a larger kplex of size: 28
23.23 23.23 23.23 23.23 23.23 23.23 23.23 23.23 23.23 23.23 23.23 24.24 23.23 23.23 23.23 23.23 23.23 23.23 23.23 23.23 23.23 23.23 23.23 24.24 23.23 23.23 23.23 23.23 
RecSearch found a larger kplex of size: 105
102.102 102.102 102.102 102.102 102.102 102.102 102.102 102.102 102.102 102.102 102.102 102.102 102.102 102.102 102.102 102.102 102.102 102.102 102.102 102.102 102.102 102.102 102.102 102.102 102.102 102.102 102.102 102.102 102.102 102.102 102.102 102.102 102.102 102.102 102.102 102.102 102.102 102.102 102.102 102.102 102.102 102.102 102.102 102.102 102.102 102.102 102.102 102.102 102.102 102.102 102.102 102.102 102.102 102.102 102.102 102.102 102.102 102.102 102.102 102.102 102.102 102.102 102.102 102.102 102.102 102.102 102.102 102.102 102.102 102.102 102.102 102.102 102.102 102.102 102.102 102.102 102.102 102.102 102.102 102.102 102.102 102.102 102.102 102.102 102.102 102.102 102.102 102.102 102.102 102.102 102.102 102.102 102.102 102.102 102.102 102.102 102.102 102.102 102.102 102.102 102.102 102.102 102.102 102.102 102.102 
Timings /san200-0-9-2 PxC: 927.338 check2: 0 Partitioning: 0 Color: 0 Branching: 3683.58 additions 0
prune_cnt: 73, max_n: 200, min_density: 0.9000, avg_density: 0.9192
search_cnt: 73, max_n: 200, min_density: 0.9000, avg_density: 0.9192
>>/san200-0-9-2 t_Search: 8973.593223	MaxKPlex_Size: 105 t_Total: 8973.598334 t_Seesaw: 0.000000

