**** kPlexS (Release) build at 16:43:55 Jun  4 2024 ***
# Start reading graph from an edgelist file, Require files "edges.txt"
# Note that this function is not optimized. Reading from a binary file will be faster
*	n = 172; m = 9,435 (undirected)
*** Heuristic kplex size: 11, time: 707 (microseconds)
*** Degeneracy k-plex size: 16, max_core: 102, UB: 105, Time: 114 (microseconds)
*** After core shrink: n = 171, m = 9,435 (undirected)
*** After core-truss co-pruning: n = 171, m = 9,435, density = 0.6491
Degen found a solution of size 17
RecSearch found a larger kplex of size: 18
17.17 15.15 15.15 15.15 15.15 15.15 15.15 15.15 15.15 15.15 15.15 15.15 15.15 15.15 15.15 15.15 15.15 15.15 
RecSearch found a larger kplex of size: 19
18.18 16.16 16.16 16.16 16.16 16.16 16.16 16.16 16.16 16.16 16.16 16.16 16.16 16.16 16.16 16.16 16.16 16.16 16.16 
**** kPlexS (Release) build at 16:43:55 Jun  4 2024 ***
# Start reading graph from an edgelist file, Require files "edges.txt"
# Note that this function is not optimized. Reading from a binary file will be faster
*	n = 71; m = 1,855 (undirected)
*** Heuristic kplex size: 14, time: 196 (microseconds)
*** Degeneracy k-plex size: 16, max_core: 53, UB: 56, Time: 25 (microseconds)
*** After core shrink: n = 70, m = 1,855 (undirected)
*** After core-truss co-pruning: n = 70, m = 1,855, density = 0.7681
RecSearch found a larger kplex of size: 17
16.16 14.14 14.14 14.14 14.14 14.14 14.14 14.14 14.14 14.14 14.14 14.14 14.14 14.14 14.14 14.14 14.14 
RecSearch found a larger kplex of size: 18
17.17 15.15 17.17 15.15 15.15 15.15 15.15 15.15 15.15 15.15 15.15 15.15 15.15 15.15 15.15 15.15 15.15 15.15 
**** kPlexS (Release) build at 16:43:55 Jun  4 2024 ***
# Start reading graph from an edgelist file, Require files "edges.txt"
# Note that this function is not optimized. Reading from a binary file will be faster
*	n = 87,805; m = 2,565,054 (undirected)
*** Heuristic kplex size: 24, time: 1,041 (microseconds)
*** Degeneracy k-plex size: 24, max_core: 47, UB: 50, Time: 24,893 (microseconds)
*** After core shrink: n = 87,084, m = 2,558,070 (undirected)
*** After core-truss co-pruning: n = 87,084, m = 2,414,934, density = 0.0006
Degen found a solution of size 30
Degen found a solution of size 36
Timings /sc-pkustk11 PxC: 0.00133314 check2: 0.00282834 Partitioning: 0.00505728 Color: 0.00596488 Branching: 0.000511901 additions 0
prune_cnt: 4604, max_n: 48, min_density: 0.8636, avg_density: 0.9966
search_cnt: 154, max_n: 48, min_density: 0.8636, avg_density: 0.8976
>>/sc-pkustk11 t_Search: 0.599158	MaxKPlex_Size: 36 t_Total: 0.935463 t_Seesaw: 0.000000

**** kPlexS (Release) build at 16:43:55 Jun  4 2024 ***
# Start reading graph from an edgelist file, Require files "edges.txt"
# Note that this function is not optimized. Reading from a binary file will be faster
*	n = 63,393; m = 816,886 (undirected)
*** Heuristic kplex size: 22, time: 4,571 (microseconds)
*** Degeneracy k-plex size: 31, max_core: 52, UB: 55, Time: 12,964 (microseconds)
*** After core shrink: n = 9,271, m = 350,579 (undirected)
*** After core-truss co-pruning: n = 374, m = 10,519, density = 0.1508
Degen found a solution of size 32
Degen found a solution of size 33
Degen found a solution of size 36
Degen found a solution of size 37
Timings /socfb-OR PxC: 0.0208095 check2: 0.00937307 Partitioning: 0.0537384 Color: 0.0257345 Branching: 0.00498501 additions 0
prune_cnt: 46, max_n: 63, min_density: 0.8623, avg_density: 0.9141
search_cnt: 46, max_n: 63, min_density: 0.8623, avg_density: 0.9141
>>/socfb-OR t_Search: 0.153168	MaxKPlex_Size: 37 t_Total: 0.464609 t_Seesaw: 0.000000

**** kPlexS (Release) build at 16:43:55 Jun  4 2024 ***
# Start reading graph from an edgelist file, Require files "edges.txt"
# Note that this function is not optimized. Reading from a binary file will be faster
*	n = 9,886; m = 506,437 (undirected)
*** Heuristic kplex size: 31, time: 7,693 (microseconds)
*** Degeneracy k-plex size: 38, max_core: 85, UB: 88, Time: 8,302 (microseconds)
*** After core shrink: n = 6,872, m = 460,188 (undirected)
*** After core-truss co-pruning: n = 550, m = 25,693, density = 0.1702
Degen found a solution of size 39
RecSearch found a larger kplex of size: 40
37.37 37.37 38.38 39.39 39.39 39.39 38.38 38.38 39.39 38.38 38.38 38.38 39.39 39.39 39.39 38.38 39.39 39.39 39.39 39.39 39.39 38.38 39.39 39.39 38.38 38.38 38.38 38.38 38.38 38.38 37.37 37.37 37.37 37.37 37.37 37.37 37.37 37.37 37.37 37.37 
RecSearch found a larger kplex of size: 20
18.18 18.18 17.17 17.17 17.17 17.17 17.17 17.17 17.17 17.17 17.17 17.17 17.17 17.17 17.17 17.17 17.17 17.17 17.17 17.17 
**** kPlexS (Release) build at 16:43:55 Jun  4 2024 ***
# Start reading graph from an edgelist file, Require files "edges.txt"
# Note that this function is not optimized. Reading from a binary file will be faster
*	n = 36,365; m = 1,590,651 (undirected)
*** Heuristic kplex size: 19, time: 24,957 (microseconds)
*** Degeneracy k-plex size: 57, max_core: 81, UB: 84, Time: 25,864 (microseconds)
*** After core shrink: n = 14,139, m = 945,180 (undirected)
*** After core-truss co-pruning: n = 317, m = 14,339, density = 0.2863
Degen found a solution of size 59
RecSearch found a larger kplex of size: 60
57.57 58.58 57.57 59.59 58.58 59.59 59.59 59.59 58.58 59.59 59.59 59.59 59.59 58.58 59.59 59.59 59.59 59.59 59.59 59.59 59.59 59.59 59.59 59.59 59.59 58.58 59.59 57.57 58.58 59.59 59.59 59.59 59.59 59.59 59.59 58.58 59.59 59.59 59.59 59.59 59.59 57.57 59.59 58.58 59.59 59.59 58.58 58.58 57.57 58.58 57.57 57.57 57.57 57.57 57.57 57.57 58.58 57.57 57.57 57.57 
RecSearch found a larger kplex of size: 21
18.18 18.18 18.18 18.18 18.18 18.18 18.18 18.18 18.18 18.18 18.18 18.18 18.18 18.18 18.18 18.18 18.18 18.18 18.18 18.18 18.18 
Timings /socfb-Texas84 PxC: 0.943176 check2: 0.552266 Partitioning: 7.31352 Color: 1.78052 Branching: 0.614094 additions 0
prune_cnt: 80, max_n: 113, min_density: 0.8564, avg_density: 0.9301
search_cnt: 80, max_n: 113, min_density: 0.8564, avg_density: 0.9301
>>/socfb-Texas84 t_Search: 13.294250	MaxKPlex_Size: 60 t_Total: 14.575669 t_Seesaw: 0.000000

**** kPlexS (Release) build at 16:43:55 Jun  4 2024 ***
# Start reading graph from an edgelist file, Require files "edges.txt"
# Note that this function is not optimized. Reading from a binary file will be faster
*	n = 2,937,613; m = 20,959,854 (undirected)
*** Heuristic kplex size: 9, time: 38,182 (microseconds)
*** Degeneracy k-plex size: 17, max_core: 63, UB: 66, Time: 786,246 (microseconds)
*** After core shrink: n = 469,342, m = 15,355,191 (undirected)
*** After core-truss co-pruning: n = 35,378, m = 876,436, density = 0.0014
Degen found a solution of size 18
Degen found a solution of size 19
Degen found a solution of size 20
Degen found a solution of size 22
Degen found a solution of size 24
Degen found a solution of size 27
Degen found a solution of size 30
Timings /socfb-B-anon PxC: 1.31375 check2: 0.605465 Partitioning: 2.56494 Color: 1.69786 Branching: 0.496094 additions 0
prune_cnt: 159, max_n: 94, min_density: 0.6272, avg_density: 0.8206
search_cnt: 157, max_n: 94, min_density: 0.6272, avg_density: 0.8186
>>/socfb-B-anon t_Search: 8.633127	MaxKPlex_Size: 30 t_Total: 30.753210 t_Seesaw: 0.000000

Timings /johnson8-4-4 PxC: 7.41928 check2: 3.28651 Partitioning: 10.2335 Color: 12.4099 Branching: 4.00023 additions 0
prune_cnt: 50, max_n: 70, min_density: 0.7681, avg_density: 0.8001
search_cnt: 50, max_n: 70, min_density: 0.7681, avg_density: 0.8001
>>/johnson8-4-4 t_Search: 39.659673	MaxKPlex_Size: 18 t_Total: 39.660106 t_Seesaw: 0.000000

Degen found a solution of size 41
Degen found a solution of size 43
Timings /socfb-Duke14 PxC: 9.24897 check2: 3.22624 Partitioning: 11.4033 Color: 10.0562 Branching: 1.35439 additions 0
prune_cnt: 196, max_n: 156, min_density: 0.6583, avg_density: 0.7632
search_cnt: 196, max_n: 156, min_density: 0.6583, avg_density: 0.7632
>>/socfb-Duke14 t_Search: 38.210488	MaxKPlex_Size: 43 t_Total: 38.885102 t_Seesaw: 0.000000

**** kPlexS (Release) build at 16:43:55 Jun  4 2024 ***
# Start reading graph from an edgelist file, Require files "edges.txt"
# Note that this function is not optimized. Reading from a binary file will be faster
*	n = 36,365; m = 1,590,651 (undirected)
*** Heuristic kplex size: 19, time: 24,869 (microseconds)
*** Degeneracy k-plex size: 57, max_core: 81, UB: 84, Time: 25,858 (microseconds)
*** After core shrink: n = 14,139, m = 945,180 (undirected)
*** After core-truss co-pruning: n = 317, m = 14,339, density = 0.2863
Degen found a solution of size 59
RecSearch found a larger kplex of size: 60
57.57 58.58 57.57 59.59 58.58 59.59 59.59 59.59 58.58 59.59 59.59 59.59 59.59 58.58 59.59 59.59 59.59 59.59 59.59 59.59 59.59 59.59 59.59 59.59 59.59 58.58 59.59 57.57 58.58 59.59 59.59 59.59 59.59 59.59 59.59 58.58 59.59 59.59 59.59 59.59 59.59 57.57 59.59 58.58 59.59 59.59 58.58 58.58 57.57 58.58 57.57 57.57 57.57 57.57 57.57 57.57 58.58 57.57 57.57 57.57 
Timings /socfb-Texas84 PxC: 0.940106 check2: 0.55028 Partitioning: 7.29145 Color: 1.7747 Branching: 0.6123 additions 0
prune_cnt: 80, max_n: 113, min_density: 0.8564, avg_density: 0.9301
search_cnt: 80, max_n: 113, min_density: 0.8564, avg_density: 0.9301
>>/socfb-Texas84 t_Search: 13.252899	MaxKPlex_Size: 60 t_Total: 14.547589 t_Seesaw: 0.000000

**** kPlexS (Release) build at 16:43:55 Jun  4 2024 ***
# Start reading graph from an edgelist file, Require files "edges.txt"
# Note that this function is not optimized. Reading from a binary file will be faster
*	n = 217,892; m = 5,653,221 (undirected)
*** Heuristic kplex size: 24, time: 2,111 (microseconds)
*** Degeneracy k-plex size: 24, max_core: 35, UB: 38, Time: 41,261 (microseconds)
*** After core shrink: n = 217,112, m = 5,645,965 (undirected)
*** After core-truss co-pruning: n = 204,924, m = 5,323,510, density = 0.0003
Timings /sc-pwtk PxC: 0.035729 check2: 0.00170333 Partitioning: 0.00669745 Color: 0.00350049 Branching: 0.0026498 additions 0
prune_cnt: 65077, max_n: 36, min_density: 0.7273, avg_density: 0.9894
search_cnt: 2953, max_n: 36, min_density: 0.7273, avg_density: 0.7663
>>/sc-pwtk t_Search: 1.101344	MaxKPlex_Size: 24 t_Total: 1.548979 t_Seesaw: 0.000000

**** kPlexS (Release) build at 16:43:55 Jun  4 2024 ***
# Start reading graph from an edgelist file, Require files "edges.txt"
# Note that this function is not optimized. Reading from a binary file will be faster
*	n = 29,733; m = 1,305,757 (undirected)
*** Heuristic kplex size: 29, time: 7,393 (microseconds)
*** Degeneracy k-plex size: 46, max_core: 76, UB: 79, Time: 20,922 (microseconds)
*** After core shrink: n = 17,038, m = 1,021,599 (undirected)
*** After core-truss co-pruning: n = 1,539, m = 54,515, density = 0.0461
RecSearch found a larger kplex of size: 47
44.44 45.45 44.44 46.46 46.46 46.46 46.46 46.46 46.46 46.46 46.46 46.46 46.46 46.46 45.45 46.46 46.46 45.45 46.46 46.46 46.46 46.46 46.46 46.46 46.46 46.46 46.46 46.46 45.45 45.45 46.46 46.46 46.46 46.46 46.46 45.45 46.46 46.46 46.46 46.46 45.45 46.46 44.44 45.45 44.44 44.44 44.44 
Degen found a solution of size 49
Degen found a solution of size 50
Degen found a solution of size 52
Degen found a solution of size 53
Degen found a solution of size 54
RecSearch found a larger kplex of size: 55
52.52 53.53 52.52 54.54 54.54 54.54 54.54 54.54 54.54 54.54 54.54 54.54 54.54 54.54 54.54 54.54 54.54 54.54 53.53 54.54 54.54 54.54 54.54 54.54 54.54 54.54 54.54 54.54 54.54 54.54 54.54 54.54 54.54 54.54 54.54 53.53 54.54 54.54 52.52 53.53 54.54 54.54 53.53 53.53 53.53 54.54 53.53 52.52 52.52 52.52 52.52 53.53 52.52 52.52 53.53 
Timings /socfb-Indiana PxC: 0.00807325 check2: 0.0011864 Partitioning: 0.0147149 Color: 0.00374634 Branching: 0.00146047 additions 0
prune_cnt: 25, max_n: 72, min_density: 0.9499, avg_density: 0.9690
search_cnt: 24, max_n: 72, min_density: 0.9499, avg_density: 0.9679
>>/socfb-Indiana t_Search: 0.076888	MaxKPlex_Size: 55 t_Total: 1.428778 t_Seesaw: 0.000000

Timings /keller4 PxC: 83.8055 check2: 26.8771 Partitioning: 40.0071 Color: 175.989 Branching: 13.6001 additions 0
prune_cnt: 144, max_n: 171, min_density: 0.6491, avg_density: 0.7286
search_cnt: 144, max_n: 171, min_density: 0.6491, avg_density: 0.7286
>>/keller4 t_Search: 347.195985	MaxKPlex_Size: 21 t_Total: 347.198739 t_Seesaw: 0.000000

**** kPlexS (Release) build at 16:43:55 Jun  4 2024 ***
# Start reading graph from an edgelist file, Require files "edges.txt"
# Note that this function is not optimized. Reading from a binary file will be faster
*	n = 65; m = 1,824 (undirected)
*** Heuristic kplex size: 32, time: 204 (microseconds)
*** Degeneracy k-plex size: 32, max_core: 57, UB: 60, Time: 17 (microseconds)
*** After core shrink: n = 64, m = 1,824 (undirected)
*** After core-truss co-pruning: n = 64, m = 1,824, density = 0.9048
Timings /hamming6-2 PxC: 44.4248 check2: 37.7467 Partitioning: 242.916 Color: 133.716 Branching: 45.2232 additions 0
prune_cnt: 26, max_n: 64, min_density: 0.9048, avg_density: 0.9170
search_cnt: 25, max_n: 64, min_density: 0.9048, avg_density: 0.9137
>>/hamming6-2 t_Search: 569.819229	MaxKPlex_Size: 32 t_Total: 569.819608 t_Seesaw: 0.000000

**** kPlexS (Release) build at 16:43:55 Jun  4 2024 ***
# Start reading graph from an edgelist file, Require files "edges.txt"
# Note that this function is not optimized. Reading from a binary file will be faster
*	n = 104,104; m = 2,193,083 (undirected)
*** Heuristic kplex size: 9, time: 14,170 (microseconds)
*** Degeneracy k-plex size: 11, max_core: 92, UB: 95, Time: 40,692 (microseconds)
*** After core shrink: n = 63,437, m = 2,031,014 (undirected)
*** After core-truss co-pruning: n = 4,054, m = 182,800, density = 0.0223
Degen found a solution of size 15
Degen found a solution of size 20
Degen found a solution of size 21
Degen found a solution of size 22
Timings /soc-LiveMocha PxC: 117.755 check2: 3.57374 Partitioning: 4.43495 Color: 16.6522 Branching: 1.74892 additions 0
prune_cnt: 395, max_n: 247, min_density: 0.3848, avg_density: 0.5348
search_cnt: 395, max_n: 247, min_density: 0.3848, avg_density: 0.5348
>>/soc-LiveMocha t_Search: 149.280182	MaxKPlex_Size: 22 t_Total: 150.797156 t_Seesaw: 0.000000

**** kPlexS (Release) build at 16:43:55 Jun  4 2024 ***
# Start reading graph from an edgelist file, Require files "edges.txt"
# Note that this function is not optimized. Reading from a binary file will be faster
*	n = 952,204; m = 20,770,807 (undirected)
*** Heuristic kplex size: 21, time: 6,598 (microseconds)
*** Degeneracy k-plex size: 21, max_core: 34, UB: 37, Time: 273,525 (microseconds)
*** After core shrink: n = 909,537, m = 20,770,807 (undirected)
*** After core-truss co-pruning: n = 908,841, m = 20,748,670, density = 0.0001
Timings /sc-ldoor PxC: 8.8337 check2: 4.27668 Partitioning: 19.2788 Color: 12.723 Branching: 2.57325 additions 0
prune_cnt: 387809, max_n: 42, min_density: 0.6048, avg_density: 0.8581
search_cnt: 350668, max_n: 42, min_density: 0.6048, avg_density: 0.8431
>>/sc-ldoor t_Search: 75.023916	MaxKPlex_Size: 21 t_Total: 76.919318 t_Seesaw: 0.000000

**** kPlexS (Release) build at 16:43:55 Jun  4 2024 ***
# Start reading graph from an edgelist file, Require files "edges.txt"
# Note that this function is not optimized. Reading from a binary file will be faster
*	n = 35,112; m = 1,465,654 (undirected)
*** Heuristic kplex size: 41, time: 22,364 (microseconds)
*** Degeneracy k-plex size: 57, max_core: 83, UB: 86, Time: 24,602 (microseconds)
*** After core shrink: n = 12,496, m = 820,553 (undirected)
*** After core-truss co-pruning: n = 1,188, m = 55,226, density = 0.0783
Degen found a solution of size 60
Degen found a solution of size 61
Degen found a solution of size 65
Timings /socfb-UF PxC: 0.552783 check2: 0.497171 Partitioning: 6.39511 Color: 1.53193 Branching: 0.362347 additions 0
prune_cnt: 159, max_n: 108, min_density: 0.8884, avg_density: 0.9484
search_cnt: 159, max_n: 108, min_density: 0.8884, avg_density: 0.9484
>>/socfb-UF t_Search: 10.997874	MaxKPlex_Size: 65 t_Total: 12.210899 t_Seesaw: 0.000000

**** kPlexS (Release) build at 16:43:55 Jun  4 2024 ***
# Start reading graph from an edgelist file, Require files "edges.txt"
# Note that this function is not optimized. Reading from a binary file will be faster
*	n = 92,118; m = 360,767 (undirected)
*** Heuristic kplex size: 14, time: 5,632 (microseconds)
*** Degeneracy k-plex size: 18, max_core: 58, UB: 61, Time: 5,538 (microseconds)
*** After core shrink: n = 5,222, m = 162,193 (undirected)
*** After core-truss co-pruning: n = 616, m = 25,387, density = 0.1340
Degen found a solution of size 20
RecSearch found a larger kplex of size: 21
18.18 18.18 18.18 18.18 20.20 20.20 19.19 19.19 18.18 20.20 18.18 19.19 18.18 19.19 18.18 18.18 19.19 18.18 19.19 18.18 18.18 
Timings /ia-wiki-Talk PxC: 18.22 check2: 0.675714 Partitioning: 0.757902 Color: 2.56307 Branching: 0.200551 additions 0
prune_cnt: 360, max_n: 171, min_density: 0.4014, avg_density: 0.5402
search_cnt: 360, max_n: 171, min_density: 0.4014, avg_density: 0.5402
>>/ia-wiki-Talk t_Search: 23.805088	MaxKPlex_Size: 21 t_Total: 23.915343 t_Seesaw: 0.000000

**** kPlexS (Release) build at 16:43:55 Jun  4 2024 ***
# Start reading graph from an edgelist file, Require files "edges.txt"
# Note that this function is not optimized. Reading from a binary file will be faster
*	n = 2,997,167; m = 106,349,209 (undirected)
*** Heuristic kplex size: 20, time: 408,256 (microseconds)
*** Degeneracy k-plex size: 30, max_core: 230, UB: 233, Time: 3,042,837 (microseconds)
*** After core shrink: n = 1,698,831, m = 87,924,565 (undirected)
*** After core-truss co-pruning: n = 92,201, m = 4,699,948, density = 0.0011
Degen found a solution of size 31
Degen found a solution of size 33
Degen found a solution of size 34
RecSearch found a larger kplex of size: 35
32.32 32.32 33.33 33.33 34.34 34.34 34.34 33.33 34.34 33.33 34.34 34.34 34.34 34.34 33.33 34.34 33.33 33.33 34.34 34.34 34.34 33.33 34.34 34.34 32.32 32.32 32.32 32.32 32.32 32.32 32.32 32.32 32.32 32.32 32.32 
Degen found a solution of size 36
Degen found a solution of size 39
Degen found a solution of size 50
Degen found a solution of size 56
Degen found a solution of size 58
RecSearch found a larger kplex of size: 59
56.56 56.56 57.57 58.58 57.57 57.57 58.58 58.58 58.58 57.57 57.57 58.58 57.57 57.57 58.58 58.58 58.58 58.58 58.58 58.58 58.58 58.58 58.58 58.58 57.57 58.58 57.57 58.58 57.57 58.58 57.57 58.58 57.57 57.57 58.58 58.58 57.57 58.58 57.57 58.58 58.58 56.56 56.56 56.56 56.56 56.56 56.56 56.56 57.57 57.57 56.56 56.56 56.56 56.56 56.56 57.57 56.56 56.56 56.56 
**** kPlexS (Release) build at 16:43:55 Jun  4 2024 ***
# Start reading graph from an edgelist file, Require files "edges.txt"
# Note that this function is not optimized. Reading from a binary file will be faster
*	n = 2,523,387; m = 7,918,801 (undirected)
*** Heuristic kplex size: 17, time: 20,209 (microseconds)
*** Degeneracy k-plex size: 40, max_core: 68, UB: 71, Time: 118,923 (microseconds)
*** After core shrink: n = 17,761, m = 711,159 (undirected)
*** After core-truss co-pruning: n = 264, m = 11,792, density = 0.3397
Degen found a solution of size 42
Timings /soc-flixster PxC: 5.18078 check2: 3.49722 Partitioning: 17.2172 Color: 10.7101 Branching: 1.93022 additions 0
prune_cnt: 129, max_n: 123, min_density: 0.7310, avg_density: 0.8317
search_cnt: 129, max_n: 123, min_density: 0.7310, avg_density: 0.8317
>>/soc-flixster t_Search: 42.693223	MaxKPlex_Size: 42 t_Total: 43.355452 t_Seesaw: 0.000000

**** kPlexS (Release) build at 16:43:55 Jun  4 2024 ***
# Start reading graph from an edgelist file, Require files "edges.txt"
# Note that this function is not optimized. Reading from a binary file will be faster
*	n = 201; m = 17,910 (undirected)
*** Heuristic kplex size: 51, time: 1,932 (microseconds)
*** Degeneracy k-plex size: 101, max_core: 169, UB: 172, Time: 201 (microseconds)
*** After core shrink: n = 200, m = 17,910 (undirected)
*** After core-truss co-pruning: n = 200, m = 17,910, density = 0.9000
Degen found a solution of size 103
RecSearch found a larger kplex of size: 104
102.102 102.102 101.101 101.101 101.101 101.101 101.101 101.101 101.101 101.101 101.101 101.101 101.101 101.101 101.101 101.101 101.101 101.101 101.101 101.101 101.101 101.101 101.101 101.101 101.101 101.101 101.101 101.101 101.101 101.101 101.101 101.101 101.101 101.101 101.101 101.101 101.101 101.101 101.101 101.101 101.101 101.101 101.101 101.101 101.101 101.101 101.101 101.101 101.101 101.101 101.101 101.101 101.101 101.101 101.101 101.101 101.101 101.101 101.101 101.101 101.101 101.101 101.101 101.101 101.101 101.101 101.101 101.101 101.101 101.101 101.101 101.101 101.101 101.101 101.101 101.101 101.101 101.101 101.101 101.101 101.101 101.101 101.101 101.101 101.101 101.101 101.101 101.101 101.101 101.101 101.101 101.101 101.101 101.101 101.101 101.101 101.101 101.101 101.101 101.101 101.101 101.101 101.101 101.101 
RecSearch found a larger kplex of size: 105
102.102 102.102 102.102 102.102 102.102 102.102 102.102 102.102 102.102 102.102 102.102 102.102 102.102 102.102 102.102 102.102 102.102 102.102 102.102 102.102 102.102 102.102 102.102 102.102 102.102 102.102 102.102 102.102 102.102 102.102 102.102 102.102 102.102 102.102 102.102 102.102 102.102 102.102 102.102 102.102 102.102 102.102 102.102 102.102 102.102 102.102 102.102 102.102 102.102 102.102 102.102 102.102 102.102 102.102 102.102 102.102 102.102 102.102 102.102 102.102 102.102 102.102 102.102 102.102 102.102 102.102 102.102 102.102 102.102 102.102 102.102 102.102 102.102 102.102 102.102 102.102 102.102 102.102 102.102 102.102 102.102 102.102 102.102 102.102 102.102 102.102 102.102 102.102 102.102 102.102 102.102 102.102 102.102 102.102 102.102 102.102 102.102 102.102 102.102 102.102 102.102 102.102 102.102 102.102 102.102 
**** kPlexS (Release) build at 16:43:55 Jun  4 2024 ***
# Start reading graph from an edgelist file, Require files "edges.txt"
# Note that this function is not optimized. Reading from a binary file will be faster
*	n = 415,864; m = 9,378,650 (undirected)
*** Heuristic kplex size: 21, time: 3,883 (microseconds)
*** Degeneracy k-plex size: 21, max_core: 34, UB: 37, Time: 122,090 (microseconds)
*** After core shrink: n = 404,785, m = 9,378,650 (undirected)
*** After core-truss co-pruning: n = 403,802, m = 9,350,780, density = 0.0001
Timings /sc-msdoor PxC: 4.57728 check2: 2.14371 Partitioning: 9.8642 Color: 6.4491 Branching: 1.33431 additions 0
prune_cnt: 191041, max_n: 42, min_density: 0.6048, avg_density: 0.8567
search_cnt: 175303, max_n: 42, min_density: 0.6048, avg_density: 0.8438
>>/sc-msdoor t_Search: 38.145766	MaxKPlex_Size: 21 t_Total: 39.026766 t_Seesaw: 0.000000

**** kPlexS (Release) build at 16:43:55 Jun  4 2024 ***
# Start reading graph from an edgelist file, Require files "edges.txt"
# Note that this function is not optimized. Reading from a binary file will be faster
*	n = 639,015; m = 3,214,986 (undirected)
*** Heuristic kplex size: 26, time: 348,137 (microseconds)
*** Degeneracy k-plex size: 34, max_core: 63, UB: 66, Time: 43,100 (microseconds)
*** After core shrink: n = 18,709, m = 724,599 (undirected)
*** After core-truss co-pruning: n = 9,692, m = 374,193, density = 0.0080
Degen found a solution of size 35
Degen found a solution of size 36
Degen found a solution of size 37
Degen found a solution of size 38
Degen found a solution of size 39
Timings /soc-FourSquare PxC: 2.51165 check2: 0.013219 Partitioning: 0.105344 Color: 0.0495355 Branching: 0.00436619 additions 0
prune_cnt: 512, max_n: 615, min_density: 0.1108, avg_density: 0.8106
search_cnt: 490, max_n: 615, min_density: 0.1108, avg_density: 0.8033
>>/soc-FourSquare t_Search: 3.945218	MaxKPlex_Size: 39 t_Total: 4.777969 t_Seesaw: 0.000000

Timings /san200-0-9-2 PxC: 7.94167 check2: 38.4926 Partitioning: 86.2315 Color: 103.484 Branching: 2.53724 additions 0
prune_cnt: 68, max_n: 200, min_density: 0.9000, avg_density: 0.9174
search_cnt: 68, max_n: 200, min_density: 0.9000, avg_density: 0.9174
>>/san200-0-9-2 t_Search: 231.689774	MaxKPlex_Size: 105 t_Total: 231.695366 t_Seesaw: 0.000000

**** kPlexS (Release) build at 16:43:55 Jun  4 2024 ***
# Start reading graph from an edgelist file, Require files "edges.txt"
# Note that this function is not optimized. Reading from a binary file will be faster
*	n = 7,477; m = 56,943 (undirected)
*** Heuristic kplex size: 45, time: 4,128 (microseconds)
*** Degeneracy k-plex size: 70, max_core: 88, UB: 91, Time: 796 (microseconds)
*** After core shrink: n = 256, m = 15,871 (undirected)
*** After core-truss co-pruning: n = 122, m = 6,511, density = 0.8821
RecSearch found a larger kplex of size: 71
68.68 68.68 68.68 69.69 70.70 70.70 70.70 70.70 70.70 69.69 70.70 70.70 70.70 70.70 70.70 70.70 70.70 70.70 70.70 70.70 70.70 70.70 70.70 69.69 70.70 70.70 70.70 69.69 70.70 70.70 70.70 70.70 70.70 70.70 70.70 70.70 70.70 70.70 70.70 70.70 69.69 69.69 70.70 70.70 70.70 70.70 70.70 70.70 68.68 68.68 68.68 68.68 68.68 68.68 69.69 68.68 68.68 68.68 69.69 68.68 69.69 69.69 68.68 68.68 68.68 69.69 69.69 68.68 68.68 68.68 68.68 
Timings /tech-WHOIS PxC: 0.595424 check2: 0.44944 Partitioning: 6.71131 Color: 1.45704 Branching: 0.35516 additions 0
prune_cnt: 48, max_n: 115, min_density: 0.9001, avg_density: 0.9438
search_cnt: 48, max_n: 115, min_density: 0.9001, avg_density: 0.9438
>>/tech-WHOIS t_Search: 11.198186	MaxKPlex_Size: 71 t_Total: 11.214042 t_Seesaw: 0.000000

**** kPlexS (Release) build at 16:43:55 Jun  4 2024 ***
# Start reading graph from an edgelist file, Require files "edges.txt"
# Note that this function is not optimized. Reading from a binary file will be faster
*	n = 1,191,806; m = 4,519,330 (undirected)
*** Heuristic kplex size: 8, time: 21,007 (microseconds)
*** Degeneracy k-plex size: 19, max_core: 70, UB: 73, Time: 105,925 (microseconds)
*** After core shrink: n = 51,344, m = 1,291,703 (undirected)
*** After core-truss co-pruning: n = 960, m = 42,578, density = 0.0925
Degen found a solution of size 21
Timings /soc-lastfm PxC: 105.112 check2: 3.99353 Partitioning: 4.71027 Color: 15.3688 Branching: 2.68789 additions 0
prune_cnt: 583, max_n: 236, min_density: 0.3182, avg_density: 0.5094
search_cnt: 583, max_n: 236, min_density: 0.3182, avg_density: 0.5094
>>/soc-lastfm t_Search: 137.158026	MaxKPlex_Size: 21 t_Total: 138.081629 t_Seesaw: 0.000000

Timings /soc-orkut PxC: 329.687 check2: 354.533 Partitioning: 2776.08 Color: 1225.98 Branching: 214.16 additions 0
prune_cnt: 610, max_n: 169, min_density: 0.7358, avg_density: 0.8635
search_cnt: 607, max_n: 169, min_density: 0.7358, avg_density: 0.8629
>>/soc-orkut t_Search: 5318.417999	MaxKPlex_Size: 59 t_Total: 5485.841228 t_Seesaw: 0.000000

