**** kPlexS (Release) build at 17:40:27 Jun  4 2024 ***
# Start reading graph from an edgelist file, Require files "edges.txt"
# Note that this function is not optimized. Reading from a binary file will be faster
*	n = 7,477; m = 56,943 (undirected)
*** Heuristic kplex size: 45, time: 3,967 (microseconds)
*** Degeneracy k-plex size: 62, max_core: 88, UB: 90, Time: 786 (microseconds)
*** After core shrink: n = 266, m = 16,523 (undirected)
*** After core-truss co-pruning: n = 174, m = 9,778, density = 0.6497
Degen find a solution of size 63
prune_cnt: 73, max_n: 125, min_density: 0.8755, avg_density: 0.9426
search_cnt: 73, max_n: 125, min_density: 0.8755, avg_density: 0.9426
>>/tech-WHOIS t_Search: 0.520133	MaxKPlex_Size: 64 t_Total: 0.534141 t_Seesaw: 0.000000

**** kPlexS (Release) build at 17:40:27 Jun  4 2024 ***
# Start reading graph from an edgelist file, Require files "edges.txt"
# Note that this function is not optimized. Reading from a binary file will be faster
*	n = 87,805; m = 2,565,054 (undirected)
*** Heuristic kplex size: 24, time: 1,026 (microseconds)
*** Degeneracy k-plex size: 24, max_core: 47, UB: 49, Time: 25,858 (microseconds)
*** After core shrink: n = 87,084, m = 2,558,070 (undirected)
*** After core-truss co-pruning: n = 87,084, m = 2,414,934, density = 0.0006
Degen find a solution of size 30
Degen find a solution of size 36
prune_cnt: 2302, max_n: 48, min_density: 0.8723, avg_density: 0.9968
search_cnt: 78, max_n: 48, min_density: 0.8723, avg_density: 0.9048
>>/sc-pkustk11 t_Search: 0.566315	MaxKPlex_Size: 36 t_Total: 0.894978 t_Seesaw: 0.000000

**** kPlexS (Release) build at 17:40:27 Jun  4 2024 ***
# Start reading graph from an edgelist file, Require files "edges.txt"
# Note that this function is not optimized. Reading from a binary file will be faster
*	n = 35,112; m = 1,465,654 (undirected)
*** Heuristic kplex size: 41, time: 20,290 (microseconds)
*** Degeneracy k-plex size: 52, max_core: 83, UB: 85, Time: 25,426 (microseconds)
*** After core shrink: n = 14,127, m = 905,529 (undirected)
*** After core-truss co-pruning: n = 1,526, m = 70,410, density = 0.0605
Degen find a solution of size 59
Degen find a solution of size 60
prune_cnt: 319, max_n: 114, min_density: 0.8718, avg_density: 0.9485
search_cnt: 319, max_n: 114, min_density: 0.8718, avg_density: 0.9485
>>/socfb-UF t_Search: 0.754696	MaxKPlex_Size: 60 t_Total: 2.031175 t_Seesaw: 0.000000

**** kPlexS (Release) build at 17:40:27 Jun  4 2024 ***
# Start reading graph from an edgelist file, Require files "edges.txt"
# Note that this function is not optimized. Reading from a binary file will be faster
*	n = 92,118; m = 360,767 (undirected)
*** Heuristic kplex size: 14, time: 5,085 (microseconds)
*** Degeneracy k-plex size: 13, max_core: 58, UB: 60, Time: 5,455 (microseconds)
*** After core shrink: n = 6,549, m = 180,546 (undirected)
*** After core-truss co-pruning: n = 819, m = 34,337, density = 0.1025
Degen find a solution of size 15
Degen find a solution of size 16
Degen find a solution of size 18
prune_cnt: 443, max_n: 171, min_density: 0.4014, avg_density: 0.5566
search_cnt: 443, max_n: 171, min_density: 0.4014, avg_density: 0.5566
>>/ia-wiki-Talk t_Search: 2.275080	MaxKPlex_Size: 18 t_Total: 2.378574 t_Seesaw: 0.000000

**** kPlexS (Release) build at 17:40:27 Jun  4 2024 ***
# Start reading graph from an edgelist file, Require files "edges.txt"
# Note that this function is not optimized. Reading from a binary file will be faster
*	n = 71; m = 1,855 (undirected)
*** Heuristic kplex size: 14, time: 169 (microseconds)
*** Degeneracy k-plex size: 8, max_core: 53, UB: 55, Time: 43 (microseconds)
*** After core shrink: n = 70, m = 1,855 (undirected)
*** After core-truss co-pruning: n = 70, m = 1,855, density = 0.7681
prune_cnt: 52, max_n: 70, min_density: 0.7681, avg_density: 0.8026
search_cnt: 52, max_n: 70, min_density: 0.7681, avg_density: 0.8026
>>/johnson8-4-4 t_Search: 2.503632	MaxKPlex_Size: 14 t_Total: 2.504075 t_Seesaw: 0.000000

**** kPlexS (Release) build at 17:40:27 Jun  4 2024 ***
# Start reading graph from an edgelist file, Require files "edges.txt"
# Note that this function is not optimized. Reading from a binary file will be faster
*	n = 65; m = 1,824 (undirected)
*** Heuristic kplex size: 32, time: 190 (microseconds)
*** Degeneracy k-plex size: 32, max_core: 57, UB: 59, Time: 21 (microseconds)
*** After core shrink: n = 64, m = 1,824 (undirected)
*** After core-truss co-pruning: n = 64, m = 1,824, density = 0.9048
prune_cnt: 22, max_n: 64, min_density: 0.9048, avg_density: 0.9109
search_cnt: 22, max_n: 64, min_density: 0.9048, avg_density: 0.9109
>>/hamming6-2 t_Search: 2.033453	MaxKPlex_Size: 32 t_Total: 2.033815 t_Seesaw: 0.000000

**** kPlexS (Release) build at 17:40:27 Jun  4 2024 ***
# Start reading graph from an edgelist file, Require files "edges.txt"
# Note that this function is not optimized. Reading from a binary file will be faster
*	n = 36,365; m = 1,590,651 (undirected)
*** Heuristic kplex size: 19, time: 25,522 (microseconds)
*** Degeneracy k-plex size: 52, max_core: 81, UB: 83, Time: 30,881 (microseconds)
*** After core shrink: n = 16,086, m = 1,046,859 (undirected)
*** After core-truss co-pruning: n = 377, m = 18,140, density = 0.2559
Degen find a solution of size 55
prune_cnt: 131, max_n: 117, min_density: 0.8438, avg_density: 0.9241
search_cnt: 131, max_n: 117, min_density: 0.8438, avg_density: 0.9241
>>/socfb-Texas84 t_Search: 0.555856	MaxKPlex_Size: 55 t_Total: 2.349180 t_Seesaw: 0.000000

**** kPlexS (Release) build at 17:40:27 Jun  4 2024 ***
# Start reading graph from an edgelist file, Require files "edges.txt"
# Note that this function is not optimized. Reading from a binary file will be faster
*	n = 2,523,387; m = 7,918,801 (undirected)
*** Heuristic kplex size: 17, time: 19,947 (microseconds)
*** Degeneracy k-plex size: 36, max_core: 68, UB: 70, Time: 129,294 (microseconds)
*** After core shrink: n = 24,044, m = 934,735 (undirected)
*** After core-truss co-pruning: n = 282, m = 12,901, density = 0.3256
Degen find a solution of size 37
prune_cnt: 186, max_n: 132, min_density: 0.7010, avg_density: 0.8220
search_cnt: 186, max_n: 132, min_density: 0.7010, avg_density: 0.8220
>>/soc-flixster t_Search: 1.756468	MaxKPlex_Size: 38 t_Total: 2.682459 t_Seesaw: 0.000000

**** kPlexS (Release) build at 17:40:27 Jun  4 2024 ***
# Start reading graph from an edgelist file, Require files "edges.txt"
# Note that this function is not optimized. Reading from a binary file will be faster
*	n = 415,864; m = 9,378,650 (undirected)
*** Heuristic kplex size: 21, time: 3,840 (microseconds)
*** Degeneracy k-plex size: 21, max_core: 34, UB: 36, Time: 127,052 (microseconds)
*** After core shrink: n = 404,705, m = 9,377,290 (undirected)
*** After core-truss co-pruning: n = 378,465, m = 8,746,531, density = 0.0001
prune_cnt: 84963, max_n: 42, min_density: 0.6506, avg_density: 0.8646
search_cnt: 77360, max_n: 42, min_density: 0.6506, avg_density: 0.8513
>>/sc-msdoor t_Search: 7.690982	MaxKPlex_Size: 21 t_Total: 8.738396 t_Seesaw: 0.000000

**** kPlexS (Release) build at 17:40:27 Jun  4 2024 ***
# Start reading graph from an edgelist file, Require files "edges.txt"
# Note that this function is not optimized. Reading from a binary file will be faster
*	n = 9,886; m = 506,437 (undirected)
*** Heuristic kplex size: 31, time: 7,233 (microseconds)
*** Degeneracy k-plex size: 33, max_core: 85, UB: 87, Time: 8,599 (microseconds)
*** After core shrink: n = 7,165, m = 469,969 (undirected)
*** After core-truss co-pruning: n = 815, m = 35,252, density = 0.1063
Degen find a solution of size 34
Degen find a solution of size 37
Degen find a solution of size 38
prune_cnt: 291, max_n: 175, min_density: 0.6188, avg_density: 0.7786
search_cnt: 291, max_n: 175, min_density: 0.6188, avg_density: 0.7786
>>/socfb-Duke14 t_Search: 6.562880	MaxKPlex_Size: 38 t_Total: 7.196758 t_Seesaw: 0.000000

**** kPlexS (Release) build at 17:40:27 Jun  4 2024 ***
# Start reading graph from an edgelist file, Require files "edges.txt"
# Note that this function is not optimized. Reading from a binary file will be faster
*	n = 952,204; m = 20,770,807 (undirected)
*** Heuristic kplex size: 21, time: 6,199 (microseconds)
*** Degeneracy k-plex size: 21, max_core: 34, UB: 36, Time: 265,471 (microseconds)
*** After core shrink: n = 909,447, m = 20,769,277 (undirected)
*** After core-truss co-pruning: n = 881,740, m = 20,111,444, density = 0.0001
prune_cnt: 141256, max_n: 42, min_density: 0.6506, avg_density: 0.8723
search_cnt: 122493, max_n: 42, min_density: 0.6506, avg_density: 0.8527
>>/sc-ldoor t_Search: 12.112382	MaxKPlex_Size: 21 t_Total: 14.043426 t_Seesaw: 0.000000

**** kPlexS (Release) build at 17:40:27 Jun  4 2024 ***
# Start reading graph from an edgelist file, Require files "edges.txt"
# Note that this function is not optimized. Reading from a binary file will be faster
*	n = 1,191,806; m = 4,519,330 (undirected)
*** Heuristic kplex size: 8, time: 24,529 (microseconds)
*** Degeneracy k-plex size: 14, max_core: 70, UB: 72, Time: 115,349 (microseconds)
*** After core shrink: n = 79,932, m = 1,696,417 (undirected)
*** After core-truss co-pruning: n = 2,017, m = 77,558, density = 0.0381
Degen find a solution of size 15
Degen find a solution of size 16
Degen find a solution of size 18
prune_cnt: 731, max_n: 272, min_density: 0.2895, avg_density: 0.4939
search_cnt: 731, max_n: 272, min_density: 0.2895, avg_density: 0.4939
>>/soc-lastfm t_Search: 20.678091	MaxKPlex_Size: 18 t_Total: 22.016986 t_Seesaw: 0.000000

**** kPlexS (Release) build at 17:40:27 Jun  4 2024 ***
# Start reading graph from an edgelist file, Require files "edges.txt"
# Note that this function is not optimized. Reading from a binary file will be faster
*	n = 104,104; m = 2,193,083 (undirected)
*** Heuristic kplex size: 9, time: 14,020 (microseconds)
*** Degeneracy k-plex size: 9, max_core: 92, UB: 94, Time: 47,877 (microseconds)
*** After core shrink: n = 66,980, m = 2,059,265 (undirected)
*** After core-truss co-pruning: n = 4,062, m = 182,864, density = 0.0222
Degen find a solution of size 10
Degen find a solution of size 11
Degen find a solution of size 15
Degen find a solution of size 17
Degen find a solution of size 18
Degen find a solution of size 19
prune_cnt: 461, max_n: 260, min_density: 0.3703, avg_density: 0.5203
search_cnt: 461, max_n: 260, min_density: 0.3703, avg_density: 0.5203
>>/soc-LiveMocha t_Search: 30.207555	MaxKPlex_Size: 19 t_Total: 32.030542 t_Seesaw: 0.000000

**** kPlexS (Release) build at 17:40:27 Jun  4 2024 ***
# Start reading graph from an edgelist file, Require files "edges.txt"
# Note that this function is not optimized. Reading from a binary file will be faster
*	n = 172; m = 9,435 (undirected)
*** Heuristic kplex size: 11, time: 593 (microseconds)
*** Degeneracy k-plex size: 15, max_core: 102, UB: 104, Time: 130 (microseconds)
*** After core shrink: n = 171, m = 9,435 (undirected)
*** After core-truss co-pruning: n = 171, m = 9,435, density = 0.6491
prune_cnt: 152, max_n: 171, min_density: 0.6491, avg_density: 0.7356
search_cnt: 152, max_n: 171, min_density: 0.6491, avg_density: 0.7356
>>/keller4 t_Search: 171.406063	MaxKPlex_Size: 15 t_Total: 171.408373 t_Seesaw: 0.000000

**** kPlexS (Release) build at 17:40:27 Jun  4 2024 ***
# Start reading graph from an edgelist file, Require files "edges.txt"
# Note that this function is not optimized. Reading from a binary file will be faster
*	n = 36,365; m = 1,590,651 (undirected)
*** Heuristic kplex size: 19, time: 25,808 (microseconds)
*** Degeneracy k-plex size: 52, max_core: 81, UB: 83, Time: 29,935 (microseconds)
*** After core shrink: n = 16,086, m = 1,046,859 (undirected)
*** After core-truss co-pruning: n = 377, m = 18,140, density = 0.2559
Degen find a solution of size 55
prune_cnt: 131, max_n: 117, min_density: 0.8438, avg_density: 0.9241
search_cnt: 131, max_n: 117, min_density: 0.8438, avg_density: 0.9241
>>/socfb-Texas84 t_Search: 0.576854	MaxKPlex_Size: 55 t_Total: 2.072545 t_Seesaw: 0.000000

**** kPlexS (Release) build at 17:40:27 Jun  4 2024 ***
# Start reading graph from an edgelist file, Require files "edges.txt"
# Note that this function is not optimized. Reading from a binary file will be faster
*	n = 770,800; m = 5,907,132 (undirected)
*** Heuristic kplex size: 27, time: 61,109 (microseconds)
*** Degeneracy k-plex size: 22, max_core: 236, UB: 238, Time: 109,755 (microseconds)
*** After core shrink: n = 41,299, m = 3,573,022 (undirected)
*** After core-truss co-pruning: n = 9,388, m = 1,412,825, density = 0.0321
Degen find a solution of size 43
Degen find a solution of size 54
Degen find a solution of size 55
Degen find a solution of size 56
prune_cnt: 1412, max_n: 721, min_density: 0.3562, avg_density: 0.6048
search_cnt: 1412, max_n: 721, min_density: 0.3562, avg_density: 0.6048
>>/soc-digg t_Search: 2856.860063	MaxKPlex_Size: 57 t_Total: 2863.222213 t_Seesaw: 0.000000

**** kPlexS (Release) build at 17:40:27 Jun  4 2024 ***
# Start reading graph from an edgelist file, Require files "edges.txt"
# Note that this function is not optimized. Reading from a binary file will be faster
*	n = 2,997,167; m = 106,349,209 (undirected)
*** Heuristic kplex size: 20, time: 435,466 (microseconds)
*** Degeneracy k-plex size: 24, max_core: 230, UB: 232, Time: 3,775,386 (microseconds)
*** After core shrink: n = 1,954,140, m = 94,256,779 (undirected)
*** After core-truss co-pruning: n = 158,450, m = 7,760,529, density = 0.0006
Degen find a solution of size 25
Degen find a solution of size 26
Degen find a solution of size 30
Degen find a solution of size 31
Degen find a solution of size 32
Degen find a solution of size 33
Degen find a solution of size 34
Degen find a solution of size 35
Degen find a solution of size 36
Degen find a solution of size 37
Degen find a solution of size 43
Degen find a solution of size 48
Degen find a solution of size 49
Degen find a solution of size 50
prune_cnt: 1689, max_n: 315, min_density: 0.5034, avg_density: 0.8093
search_cnt: 1685, max_n: 315, min_density: 0.5034, avg_density: 0.8088
>>/soc-orkut t_Search: 342.061397	MaxKPlex_Size: 52 t_Total: 516.697784 t_Seesaw: 0.000000

**** kPlexS (Release) build at 17:40:27 Jun  4 2024 ***
# Start reading graph from an edgelist file, Require files "edges.txt"
# Note that this function is not optimized. Reading from a binary file will be faster
*	n = 639,015; m = 3,214,986 (undirected)
*** Heuristic kplex size: 26, time: 285,534 (microseconds)
*** Degeneracy k-plex size: 30, max_core: 63, UB: 65, Time: 39,483 (microseconds)
*** After core shrink: n = 23,248, m = 860,065 (undirected)
*** After core-truss co-pruning: n = 12,742, m = 481,460, density = 0.0059
Degen find a solution of size 31
Degen find a solution of size 32
Degen find a solution of size 33
Degen find a solution of size 35
prune_cnt: 3814, max_n: 708, min_density: 0.0971, avg_density: 0.5299
search_cnt: 3813, max_n: 708, min_density: 0.0971, avg_density: 0.5297
>>/soc-FourSquare t_Search: 8.901470	MaxKPlex_Size: 35 t_Total: 9.682530 t_Seesaw: 0.000000

**** kPlexS (Release) build at 17:40:27 Jun  4 2024 ***
# Start reading graph from an edgelist file, Require files "edges.txt"
# Note that this function is not optimized. Reading from a binary file will be faster
*	n = 2,937,613; m = 20,959,854 (undirected)
*** Heuristic kplex size: 9, time: 35,848 (microseconds)
*** Degeneracy k-plex size: 15, max_core: 63, UB: 65, Time: 620,965 (microseconds)
*** After core shrink: n = 489,129, m = 15,630,088 (undirected)
*** After core-truss co-pruning: n = 35,893, m = 882,817, density = 0.0014
Degen find a solution of size 19
Degen find a solution of size 22
Degen find a solution of size 24
Degen find a solution of size 27
prune_cnt: 255, max_n: 103, min_density: 0.5814, avg_density: 0.7877
search_cnt: 254, max_n: 103, min_density: 0.5814, avg_density: 0.7869
>>/socfb-B-anon t_Search: 1.001954	MaxKPlex_Size: 27 t_Total: 21.224820 t_Seesaw: 0.000000

**** kPlexS (Release) build at 17:40:27 Jun  4 2024 ***
# Start reading graph from an edgelist file, Require files "edges.txt"
# Note that this function is not optimized. Reading from a binary file will be faster
*	n = 63,393; m = 816,886 (undirected)
*** Heuristic kplex size: 22, time: 4,286 (microseconds)
*** Degeneracy k-plex size: 28, max_core: 52, UB: 54, Time: 13,245 (microseconds)
*** After core shrink: n = 10,506, m = 383,449 (undirected)
*** After core-truss co-pruning: n = 404, m = 11,600, density = 0.1425
Degen find a solution of size 31
Degen find a solution of size 32
Degen find a solution of size 33
prune_cnt: 144, max_n: 70, min_density: 0.8095, avg_density: 0.9026
search_cnt: 144, max_n: 70, min_density: 0.8095, avg_density: 0.9026
>>/socfb-OR t_Search: 0.082316	MaxKPlex_Size: 33 t_Total: 0.404612 t_Seesaw: 0.000000

**** kPlexS (Release) build at 17:40:27 Jun  4 2024 ***
# Start reading graph from an edgelist file, Require files "edges.txt"
# Note that this function is not optimized. Reading from a binary file will be faster
*	n = 29,733; m = 1,305,757 (undirected)
*** Heuristic kplex size: 29, time: 7,555 (microseconds)
*** Degeneracy k-plex size: 39, max_core: 76, UB: 78, Time: 23,797 (microseconds)
*** After core shrink: n = 19,088, m = 1,104,303 (undirected)
*** After core-truss co-pruning: n = 2,312, m = 83,743, density = 0.0313
Degen find a solution of size 43
Degen find a solution of size 47
Degen find a solution of size 48
Degen find a solution of size 50
Degen find a solution of size 51
prune_cnt: 60, max_n: 76, min_density: 0.9081, avg_density: 0.9654
search_cnt: 60, max_n: 76, min_density: 0.9081, avg_density: 0.9654
>>/socfb-Indiana t_Search: 0.068683	MaxKPlex_Size: 51 t_Total: 1.650978 t_Seesaw: 0.000000

**** kPlexS (Release) build at 17:40:27 Jun  4 2024 ***
# Start reading graph from an edgelist file, Require files "edges.txt"
# Note that this function is not optimized. Reading from a binary file will be faster
*	n = 217,892; m = 5,653,221 (undirected)
*** Heuristic kplex size: 24, time: 2,165 (microseconds)
*** Degeneracy k-plex size: 24, max_core: 35, UB: 37, Time: 40,249 (microseconds)
*** After core shrink: n = 216,897, m = 5,641,349 (undirected)
*** After core-truss co-pruning: n = 204,263, m = 5,302,125, density = 0.0003
prune_cnt: 32351, max_n: 36, min_density: 0.7580, avg_density: 0.9898
search_cnt: 1458, max_n: 36, min_density: 0.7580, avg_density: 0.7742
>>/sc-pwtk t_Search: 0.924859	MaxKPlex_Size: 24 t_Total: 1.381848 t_Seesaw: 0.000000

