computing hamming6-2.... 
computing hamming6-2.... 
computing hamming6-2.... 
computing hamming6-2.... 
computing hamming6-2.... 
computing hamming6-2.... 
computing johnson8-4-4.... 
computing johnson8-4-4.... 
computing johnson8-4-4.... 
computing johnson8-4-4.... 
computing johnson8-4-4.... 
computing johnson8-4-4.... 
computing san200-0-9-2.... 
computing san200-0-9-2.... 
computing san200-0-9-2.... 
computing san200-0-9-2.... 
computing san200-0-9-2.... 
computing san200-0-9-2.... 
computing keller4.... 
computing keller4.... 
computing keller4.... 
computing keller4.... 
computing keller4.... 
computing keller4.... 
computing socfb-Texas84.... 
computing socfb-Texas84.... 
computing socfb-Texas84.... 
computing socfb-Texas84.... 
computing socfb-Texas84.... 
computing socfb-Texas84.... 
computing sc-pkustk11.... 
computing sc-pkustk11.... 
computing sc-pkustk11.... 
computing sc-pkustk11.... 
computing sc-pkustk11.... 
computing sc-pkustk11.... 
computing socfb-UF.... 
computing socfb-UF.... 
computing socfb-UF.... 
computing socfb-UF.... 
computing socfb-UF.... 
computing socfb-UF.... 
computing socfb-B-anon.... 
computing socfb-B-anon.... 
computing socfb-B-anon.... 
computing socfb-B-anon.... 
computing socfb-B-anon.... 
computing socfb-B-anon.... 
computing sc-pwtk.... 
computing sc-pwtk.... 
computing sc-pwtk.... 
computing sc-pwtk.... 
computing sc-pwtk.... 
computing sc-pwtk.... 
computing soc-flixster.... 
computing soc-flixster.... 
computing soc-flixster.... 
computing soc-flixster.... 
computing soc-flixster.... 
computing soc-flixster.... 
computing tech-WHOIS.... 
computing tech-WHOIS.... 
computing tech-WHOIS.... 
computing tech-WHOIS.... 
computing tech-WHOIS.... 
computing tech-WHOIS.... 
computing ia-wiki-Talk.... 
computing ia-wiki-Talk.... 
computing ia-wiki-Talk.... 
computing ia-wiki-Talk.... 
computing ia-wiki-Talk.... 
computing ia-wiki-Talk.... 
computing socfb-Duke14.... 
computing socfb-Duke14.... 
computing socfb-Duke14.... 
computing socfb-Duke14.... 
computing socfb-Duke14.... 
computing socfb-Duke14.... 
computing socfb-Indiana.... 
computing socfb-Indiana.... 
computing socfb-Indiana.... 
computing socfb-Indiana.... 
computing socfb-Indiana.... 
computing socfb-Indiana.... 
computing socfb-OR.... 
computing socfb-OR.... 
computing socfb-OR.... 
computing socfb-OR.... 
computing socfb-OR.... 
computing socfb-OR.... 
computing socfb-Texas84.... 
computing socfb-Texas84.... 
computing socfb-Texas84.... 
computing socfb-Texas84.... 
computing socfb-Texas84.... 
computing socfb-Texas84.... 
computing sc-msdoor.... 
computing sc-msdoor.... 
computing sc-msdoor.... 
computing sc-msdoor.... 
computing sc-msdoor.... 
computing sc-msdoor.... 
computing soc-FourSquare.... 
computing soc-FourSquare.... 
computing soc-FourSquare.... 
computing soc-FourSquare.... 
computing soc-FourSquare.... 
computing soc-FourSquare.... 
computing sc-ldoor.... 
computing sc-ldoor.... 
computing sc-ldoor.... 
computing sc-ldoor.... 
computing sc-ldoor.... 
computing sc-ldoor.... 
computing soc-lastfm.... 
computing soc-lastfm.... 
computing soc-lastfm.... 
computing soc-lastfm.... 
computing soc-lastfm.... 
computing soc-lastfm.... 
computing soc-LiveMocha.... 
computing soc-LiveMocha.... 
computing soc-LiveMocha.... 
computing soc-LiveMocha.... 
computing soc-LiveMocha.... 
computing soc-LiveMocha.... 
computing soc-orkut.... 
computing soc-orkut.... 
computing soc-orkut.... 
computing soc-orkut.... 
computing soc-orkut.... 
computing soc-orkut.... 
computing soc-BlogCatalog.... 
computing soc-BlogCatalog.... 
computing soc-BlogCatalog.... 
computing soc-BlogCatalog.... 
computing soc-BlogCatalog.... 
computing soc-BlogCatalog.... 
computing soc-buzznet.... 
computing soc-buzznet.... 
computing soc-buzznet.... 
computing soc-buzznet.... 
computing soc-buzznet.... 
computing soc-buzznet.... 
computing soc-digg.... 
computing soc-digg.... 
computing soc-digg.... 
computing soc-digg.... 
computing soc-digg.... 
computing soc-digg.... 
computing soc-flickr.... 
computing soc-flickr.... 
computing soc-flickr.... 
computing soc-flickr.... 
computing soc-flickr.... 
computing soc-flickr.... 
computing hamming6-2.... 
computing hamming6-2.... 
computing hamming6-2.... 
computing hamming6-2.... 
computing hamming6-2.... 
computing hamming6-2.... 
computing johnson8-4-4.... 
computing johnson8-4-4.... 
computing johnson8-4-4.... 
computing johnson8-4-4.... 
computing johnson8-4-4.... 
computing johnson8-4-4.... 
computing san200-0-9-2.... 
computing san200-0-9-2.... 
computing san200-0-9-2.... 
computing san200-0-9-2.... 
computing san200-0-9-2.... 
computing san200-0-9-2.... 
computing keller4.... 
computing keller4.... 
computing keller4.... 
computing keller4.... 
computing keller4.... 
computing keller4.... 
computing socfb-Texas84.... 
computing socfb-Texas84.... 
computing socfb-Texas84.... 
computing socfb-Texas84.... 
computing socfb-Texas84.... 
computing socfb-Texas84.... 
computing sc-pkustk11.... 
computing sc-pkustk11.... 
computing sc-pkustk11.... 
computing sc-pkustk11.... 
computing sc-pkustk11.... 
computing sc-pkustk11.... 
computing socfb-UF.... 
computing socfb-UF.... 
computing socfb-UF.... 
computing socfb-UF.... 
computing socfb-UF.... 
computing socfb-UF.... 
computing socfb-B-anon.... 
computing socfb-B-anon.... 
computing socfb-B-anon.... 
computing socfb-B-anon.... 
computing socfb-B-anon.... 
computing socfb-B-anon.... 
computing sc-pwtk.... 
computing sc-pwtk.... 
computing sc-pwtk.... 
computing sc-pwtk.... 
computing sc-pwtk.... 
computing sc-pwtk.... 
computing soc-flixster.... 
computing soc-flixster.... 
computing soc-flixster.... 
computing soc-flixster.... 
computing soc-flixster.... 
computing soc-flixster.... 
computing tech-WHOIS.... 
computing tech-WHOIS.... 
computing tech-WHOIS.... 
computing tech-WHOIS.... 
computing tech-WHOIS.... 
computing tech-WHOIS.... 
computing ia-wiki-Talk.... 
computing ia-wiki-Talk.... 
computing ia-wiki-Talk.... 
computing ia-wiki-Talk.... 
computing ia-wiki-Talk.... 
computing ia-wiki-Talk.... 
computing socfb-Duke14.... 
computing socfb-Duke14.... 
computing socfb-Duke14.... 
computing socfb-Duke14.... 
computing socfb-Duke14.... 
computing socfb-Duke14.... 
computing socfb-Indiana.... 
computing socfb-Indiana.... 
computing socfb-Indiana.... 
computing socfb-Indiana.... 
computing socfb-Indiana.... 
computing socfb-Indiana.... 
computing socfb-OR.... 
computing socfb-OR.... 
computing socfb-OR.... 
computing socfb-OR.... 
computing socfb-OR.... 
computing socfb-OR.... 
computing socfb-Texas84.... 
computing socfb-Texas84.... 
computing socfb-Texas84.... 
computing socfb-Texas84.... 
computing socfb-Texas84.... 
computing socfb-Texas84.... 
computing sc-msdoor.... 
computing sc-msdoor.... 
computing sc-msdoor.... 
computing sc-msdoor.... 
computing sc-msdoor.... 
computing sc-msdoor.... 
computing soc-FourSquare.... 
computing soc-FourSquare.... 
computing soc-FourSquare.... 
computing soc-FourSquare.... 
computing soc-FourSquare.... 
computing soc-FourSquare.... 
computing sc-ldoor.... 
computing sc-ldoor.... 
computing sc-ldoor.... 
computing sc-ldoor.... 
computing sc-ldoor.... 
computing sc-ldoor.... 
computing soc-lastfm.... 
computing soc-lastfm.... 
computing soc-lastfm.... 
computing soc-lastfm.... 
computing soc-lastfm.... 
computing soc-lastfm.... 
computing soc-LiveMocha.... 
computing soc-LiveMocha.... 
computing soc-LiveMocha.... 
computing soc-LiveMocha.... 
computing soc-LiveMocha.... 
computing soc-LiveMocha.... 
computing soc-orkut.... 
computing soc-orkut.... 
computing soc-orkut.... 
computing soc-orkut.... 
computing soc-orkut.... 
computing soc-orkut.... 
computing soc-BlogCatalog.... 
computing soc-BlogCatalog.... 
computing soc-BlogCatalog.... 
computing soc-BlogCatalog.... 
computing soc-BlogCatalog.... 
computing soc-BlogCatalog.... 
computing soc-buzznet.... 
computing soc-buzznet.... 
computing soc-buzznet.... 
computing soc-buzznet.... 
computing soc-buzznet.... 
computing soc-buzznet.... 
computing soc-digg.... 
computing soc-digg.... 
computing soc-digg.... 
computing soc-digg.... 
computing soc-digg.... 
computing soc-digg.... 
computing soc-flickr.... 
computing soc-flickr.... 
computing soc-flickr.... 
computing soc-flickr.... 
computing soc-flickr.... 
computing soc-flickr.... 
computing hamming6-2.... 
computing hamming6-2.... 
computing hamming6-2.... 
computing hamming6-2.... 
computing hamming6-2.... 
computing hamming6-2.... 
computing johnson8-4-4.... 
computing johnson8-4-4.... 
computing johnson8-4-4.... 
computing johnson8-4-4.... 
computing johnson8-4-4.... 
computing johnson8-4-4.... 
computing san200-0-9-2.... 
computing san200-0-9-2.... 
computing san200-0-9-2.... 
computing san200-0-9-2.... 
computing san200-0-9-2.... 
computing san200-0-9-2.... 
computing keller4.... 
computing keller4.... 
computing keller4.... 
computing keller4.... 
computing keller4.... 
computing keller4.... 
computing socfb-Texas84.... 
computing socfb-Texas84.... 
computing socfb-Texas84.... 
computing socfb-Texas84.... 
computing socfb-Texas84.... 
computing socfb-Texas84.... 
computing sc-pkustk11.... 
computing sc-pkustk11.... 
computing sc-pkustk11.... 
computing sc-pkustk11.... 
computing sc-pkustk11.... 
computing sc-pkustk11.... 
computing socfb-UF.... 
computing socfb-UF.... 
computing socfb-UF.... 
computing socfb-UF.... 
computing socfb-UF.... 
computing socfb-UF.... 
computing socfb-B-anon.... 
computing socfb-B-anon.... 
computing socfb-B-anon.... 
computing socfb-B-anon.... 
computing socfb-B-anon.... 
computing socfb-B-anon.... 
computing sc-pwtk.... 
computing sc-pwtk.... 
computing sc-pwtk.... 
computing sc-pwtk.... 
computing sc-pwtk.... 
computing sc-pwtk.... 
computing soc-flixster.... 
computing soc-flixster.... 
computing soc-flixster.... 
computing soc-flixster.... 
computing soc-flixster.... 
computing soc-flixster.... 
computing tech-WHOIS.... 
computing tech-WHOIS.... 
computing tech-WHOIS.... 
computing tech-WHOIS.... 
computing tech-WHOIS.... 
computing tech-WHOIS.... 
computing ia-wiki-Talk.... 
computing ia-wiki-Talk.... 
computing ia-wiki-Talk.... 
computing ia-wiki-Talk.... 
computing ia-wiki-Talk.... 
computing ia-wiki-Talk.... 
computing socfb-Duke14.... 
computing socfb-Duke14.... 
computing socfb-Duke14.... 
computing socfb-Duke14.... 
computing socfb-Duke14.... 
computing socfb-Duke14.... 
computing socfb-Indiana.... 
computing socfb-Indiana.... 
computing socfb-Indiana.... 
computing socfb-Indiana.... 
computing socfb-Indiana.... 
computing socfb-Indiana.... 
computing socfb-OR.... 
computing socfb-OR.... 
computing socfb-OR.... 
computing socfb-OR.... 
computing socfb-OR.... 
computing socfb-OR.... 
computing socfb-Texas84.... 
computing socfb-Texas84.... 
computing socfb-Texas84.... 
computing socfb-Texas84.... 
computing socfb-Texas84.... 
computing socfb-Texas84.... 
computing sc-msdoor.... 
computing sc-msdoor.... 
computing sc-msdoor.... 
computing sc-msdoor.... 
computing sc-msdoor.... 
computing sc-msdoor.... 
computing soc-FourSquare.... 
computing soc-FourSquare.... 
computing soc-FourSquare.... 
computing soc-FourSquare.... 
computing soc-FourSquare.... 
computing soc-FourSquare.... 
computing sc-ldoor.... 
computing sc-ldoor.... 
computing sc-ldoor.... 
computing sc-ldoor.... 
computing sc-ldoor.... 
computing sc-ldoor.... 
computing soc-lastfm.... 
computing soc-lastfm.... 
computing soc-lastfm.... 
computing soc-lastfm.... 
computing soc-lastfm.... 
computing soc-lastfm.... 
computing soc-LiveMocha.... 
computing soc-LiveMocha.... 
computing soc-LiveMocha.... 
computing soc-LiveMocha.... 
computing soc-LiveMocha.... 
computing soc-LiveMocha.... 
computing soc-orkut.... 
computing soc-orkut.... 
computing soc-orkut.... 
computing soc-orkut.... 
computing soc-orkut.... 
computing soc-orkut.... 
computing soc-BlogCatalog.... 
computing soc-BlogCatalog.... 
computing soc-BlogCatalog.... 
computing soc-BlogCatalog.... 
computing soc-BlogCatalog.... 
computing soc-BlogCatalog.... 
computing soc-buzznet.... 
computing soc-buzznet.... 
computing soc-buzznet.... 
computing soc-buzznet.... 
computing soc-buzznet.... 
computing soc-buzznet.... 
computing soc-digg.... 
computing soc-digg.... 
computing soc-digg.... 
computing soc-digg.... 
computing soc-digg.... 
computing soc-digg.... 
computing soc-flickr.... 
computing soc-flickr.... 
computing soc-flickr.... 
computing soc-flickr.... 
computing soc-flickr.... 
computing soc-flickr.... 
computing hamming6-2.... 
computing hamming6-2.... 
computing hamming6-2.... 
computing hamming6-2.... 
computing hamming6-2.... 
computing hamming6-2.... 
computing johnson8-4-4.... 
computing johnson8-4-4.... 
computing johnson8-4-4.... 
computing johnson8-4-4.... 
computing johnson8-4-4.... 
computing johnson8-4-4.... 
computing san200-0-9-2.... 
computing san200-0-9-2.... 
computing san200-0-9-2.... 
computing san200-0-9-2.... 
computing san200-0-9-2.... 
computing san200-0-9-2.... 
computing keller4.... 
computing keller4.... 
computing keller4.... 
computing keller4.... 
computing keller4.... 
computing keller4.... 
computing socfb-Texas84.... 
computing socfb-Texas84.... 
computing socfb-Texas84.... 
computing socfb-Texas84.... 
computing socfb-Texas84.... 
computing socfb-Texas84.... 
computing sc-pkustk11.... 
computing sc-pkustk11.... 
computing sc-pkustk11.... 
computing sc-pkustk11.... 
computing sc-pkustk11.... 
computing sc-pkustk11.... 
computing socfb-UF.... 
computing socfb-UF.... 
computing socfb-UF.... 
computing socfb-UF.... 
computing socfb-UF.... 
computing socfb-UF.... 
computing socfb-B-anon.... 
computing socfb-B-anon.... 
computing socfb-B-anon.... 
computing socfb-B-anon.... 
computing socfb-B-anon.... 
computing socfb-B-anon.... 
computing sc-pwtk.... 
computing sc-pwtk.... 
computing sc-pwtk.... 
computing sc-pwtk.... 
computing sc-pwtk.... 
computing sc-pwtk.... 
computing soc-flixster.... 
computing soc-flixster.... 
computing soc-flixster.... 
computing soc-flixster.... 
computing soc-flixster.... 
computing soc-flixster.... 
computing tech-WHOIS.... 
computing tech-WHOIS.... 
computing tech-WHOIS.... 
computing tech-WHOIS.... 
computing tech-WHOIS.... 
computing tech-WHOIS.... 
computing ia-wiki-Talk.... 
computing ia-wiki-Talk.... 
computing ia-wiki-Talk.... 
computing ia-wiki-Talk.... 
computing ia-wiki-Talk.... 
computing ia-wiki-Talk.... 
computing socfb-Duke14.... 
computing socfb-Duke14.... 
computing socfb-Duke14.... 
computing socfb-Duke14.... 
computing socfb-Duke14.... 
computing socfb-Duke14.... 
computing socfb-Indiana.... 
computing socfb-Indiana.... 
computing socfb-Indiana.... 
computing socfb-Indiana.... 
computing socfb-Indiana.... 
computing socfb-Indiana.... 
computing socfb-OR.... 
computing socfb-OR.... 
computing socfb-OR.... 
computing socfb-OR.... 
computing socfb-OR.... 
computing socfb-OR.... 
computing socfb-Texas84.... 
computing socfb-Texas84.... 
computing socfb-Texas84.... 
computing socfb-Texas84.... 
computing socfb-Texas84.... 
computing socfb-Texas84.... 
computing sc-msdoor.... 
computing sc-msdoor.... 
computing sc-msdoor.... 
computing sc-msdoor.... 
computing sc-msdoor.... 
computing sc-msdoor.... 
computing soc-FourSquare.... 
computing soc-FourSquare.... 
computing soc-FourSquare.... 
computing soc-FourSquare.... 
computing soc-FourSquare.... 
computing soc-FourSquare.... 
computing sc-ldoor.... 
computing sc-ldoor.... 
computing sc-ldoor.... 
computing sc-ldoor.... 
computing sc-ldoor.... 
computing sc-ldoor.... 
computing soc-lastfm.... 
computing soc-lastfm.... 
computing soc-lastfm.... 
computing soc-lastfm.... 
computing soc-lastfm.... 
computing soc-lastfm.... 
computing soc-LiveMocha.... 
computing soc-LiveMocha.... 
computing soc-LiveMocha.... 
computing soc-LiveMocha.... 
computing soc-LiveMocha.... 
computing soc-LiveMocha.... 
computing soc-orkut.... 
computing soc-orkut.... 
computing soc-orkut.... 
computing soc-orkut.... 
computing soc-orkut.... 
computing soc-orkut.... 
computing soc-BlogCatalog.... 
computing soc-BlogCatalog.... 
computing soc-BlogCatalog.... 
computing soc-BlogCatalog.... 
computing soc-BlogCatalog.... 
computing soc-BlogCatalog.... 
computing soc-buzznet.... 
computing soc-buzznet.... 
computing soc-buzznet.... 
computing soc-buzznet.... 
computing soc-buzznet.... 
computing soc-buzznet.... 
computing soc-digg.... 
computing soc-digg.... 
computing soc-digg.... 
computing soc-digg.... 
computing soc-digg.... 
computing soc-digg.... 
computing soc-flickr.... 
computing soc-flickr.... 
computing soc-flickr.... 
computing soc-flickr.... 
computing soc-flickr.... 
computing soc-flickr.... 
