**** kPlexS (Release) build at 16:47:01 Jun  4 2024 ***
# Start reading graph from an edgelist file, Require files "edges.txt"
# Note that this function is not optimized. Reading from a binary file will be faster
*	n = 63,393; m = 816,886 (undirected)
*** Heuristic kplex size: 22, time: 4,533 (microseconds)
*** Degeneracy k-plex size: 38, max_core: 52, UB: 57, Time: 13,689 (microseconds)
*** After core shrink: n = 6,937, m = 278,716 (undirected)
*** After core-truss co-pruning: n = 279, m = 7,709, density = 0.1988
Degen found a solution of size 39
RecSearch found a larger kplex of size: 40
36.36 35.35 37.37 37.37 38.38 39.39 38.38 38.38 38.38 38.38 39.39 38.38 38.38 39.39 39.39 38.38 35.35 36.36 36.36 35.35 37.37 37.37 35.35 37.37 37.37 36.36 37.37 36.36 36.36 35.35 36.36 37.37 37.37 37.37 35.35 36.36 37.37 38.38 37.37 36.36 
Degen found a solution of size 41
RecSearch found a larger kplex of size: 42
37.37 37.37 38.38 40.40 37.37 41.41 41.41 40.40 40.40 40.40 40.40 41.41 41.41 40.40 41.41 40.40 41.41 40.40 41.41 41.41 41.41 40.40 41.41 41.41 41.41 39.39 39.39 37.37 37.37 38.38 37.37 38.38 38.38 37.37 39.39 37.37 40.40 38.38 38.38 38.38 37.37 38.38 
Timings /socfb-OR PxC: 0.0857424 check2: 0.0161888 Partitioning: 0.104398 Color: 0.0358573 Branching: 0.272877 additions 0
prune_cnt: 27, max_n: 58, min_density: 0.8832, avg_density: 0.9111
search_cnt: 27, max_n: 58, min_density: 0.8832, avg_density: 0.9111
>>/socfb-OR t_Search: 0.764011	MaxKPlex_Size: 42 t_Total: 1.023907 t_Seesaw: 0.000000

**** kPlexS (Release) build at 16:47:01 Jun  4 2024 ***
# Start reading graph from an edgelist file, Require files "edges.txt"
# Note that this function is not optimized. Reading from a binary file will be faster
*	n = 87,805; m = 2,565,054 (undirected)
*** Heuristic kplex size: 24, time: 1,072 (microseconds)
*** Degeneracy k-plex size: 24, max_core: 47, UB: 52, Time: 24,334 (microseconds)
*** After core shrink: n = 87,084, m = 2,558,070 (undirected)
*** After core-truss co-pruning: n = 87,084, m = 2,556,918, density = 0.0007
Degen found a solution of size 30
RecSearch found a larger kplex of size: 31
27.27 26.26 26.26 26.26 26.26 26.26 26.26 26.26 26.26 26.26 26.26 26.26 26.26 26.26 26.26 26.26 26.26 26.26 26.26 26.26 26.26 26.26 26.26 26.26 26.26 26.26 26.26 26.26 27.27 27.27 27.27 
RecSearch found a larger kplex of size: 32
27.27 27.27 27.27 27.27 27.27 27.27 27.27 27.27 27.27 27.27 27.27 27.27 27.27 27.27 27.27 27.27 27.27 27.27 27.27 27.27 27.27 27.27 27.27 27.27 27.27 27.27 27.27 27.27 27.27 27.27 27.27 27.27 
Degen found a solution of size 36
Timings /sc-pkustk11 PxC: 0.644857 check2: 0.471281 Partitioning: 2.48587 Color: 1.36826 Branching: 1.05569 additions 0
prune_cnt: 2709, max_n: 48, min_density: 0.7447, avg_density: 0.8578
search_cnt: 1643, max_n: 48, min_density: 0.7447, avg_density: 0.8037
>>/sc-pkustk11 t_Search: 8.091697	MaxKPlex_Size: 36 t_Total: 8.333467 t_Seesaw: 0.000000

**** kPlexS (Release) build at 16:47:01 Jun  4 2024 ***
# Start reading graph from an edgelist file, Require files "edges.txt"
# Note that this function is not optimized. Reading from a binary file will be faster
*	n = 2,937,613; m = 20,959,854 (undirected)
*** Heuristic kplex size: 9, time: 36,403 (microseconds)
*** Degeneracy k-plex size: 21, max_core: 63, UB: 68, Time: 759,580 (microseconds)
*** After core shrink: n = 432,416, m = 14,787,481 (undirected)
*** After core-truss co-pruning: n = 33,082, m = 845,687, density = 0.0015
Degen found a solution of size 22
Degen found a solution of size 23
RecSearch found a larger kplex of size: 24
19.19 21.21 20.20 20.20 20.20 23.23 23.23 23.23 22.22 23.23 23.23 22.22 23.23 23.23 22.22 23.23 23.23 19.19 21.21 20.20 19.19 19.19 20.20 19.19 
Degen found a solution of size 25
Degen found a solution of size 26
Degen found a solution of size 27
Degen found a solution of size 28
Degen found a solution of size 29
Degen found a solution of size 30
Degen found a solution of size 31
Degen found a solution of size 32
Degen found a solution of size 34
RecSearch found a larger kplex of size: 35
30.30 30.30 30.30 30.30 30.30 34.34 33.33 34.34 34.34 33.33 34.34 34.34 34.34 34.34 33.33 34.34 34.34 34.34 33.33 34.34 34.34 32.32 31.31 31.31 30.30 31.31 32.32 33.33 34.34 32.32 30.30 33.33 32.32 30.30 31.31 
**** kPlexS (Release) build at 16:47:01 Jun  4 2024 ***
# Start reading graph from an edgelist file, Require files "edges.txt"
# Note that this function is not optimized. Reading from a binary file will be faster
*	n = 35,112; m = 1,465,654 (undirected)
*** Heuristic kplex size: 41, time: 21,640 (microseconds)
*** Degeneracy k-plex size: 66, max_core: 83, UB: 88, Time: 23,934 (microseconds)
*** After core shrink: n = 9,049, m = 621,714 (undirected)
*** After core-truss co-pruning: n = 813, m = 36,941, density = 0.1119
RecSearch found a larger kplex of size: 67
62.62 64.64 65.65 65.65 64.64 66.66 65.65 65.65 66.66 66.66 66.66 66.66 66.66 66.66 65.65 66.66 66.66 66.66 66.66 65.65 66.66 66.66 66.66 66.66 65.65 65.65 66.66 66.66 66.66 65.65 65.65 65.65 66.66 66.66 66.66 66.66 66.66 66.66 66.66 66.66 62.62 62.62 64.64 62.62 64.64 64.64 62.62 63.63 63.63 63.63 64.64 64.64 64.64 64.64 62.62 63.63 63.63 63.63 64.64 64.64 64.64 64.64 62.62 64.64 64.64 63.63 62.62 
Degen found a solution of size 69
Degen found a solution of size 70
Degen found a solution of size 71
RecSearch found a larger kplex of size: 72
67.67 68.68 69.69 68.68 68.68 71.71 71.71 70.70 70.70 71.71 70.70 71.71 71.71 70.70 70.70 71.71 71.71 71.71 71.71 71.71 71.71 70.70 71.71 70.70 70.70 71.71 71.71 71.71 71.71 71.71 71.71 71.71 71.71 70.70 71.71 70.70 71.71 70.70 71.71 71.71 71.71 71.71 70.70 70.70 70.70 71.71 70.70 71.71 71.71 69.69 68.68 69.69 67.67 68.68 67.67 67.67 69.69 69.69 67.67 67.67 67.67 69.69 67.67 69.69 67.67 67.67 67.67 67.67 67.67 68.68 67.67 68.68 
**** kPlexS (Release) build at 16:47:01 Jun  4 2024 ***
# Start reading graph from an edgelist file, Require files "edges.txt"
# Note that this function is not optimized. Reading from a binary file will be faster
*	n = 415,864; m = 9,378,650 (undirected)
*** Heuristic kplex size: 21, time: 3,768 (microseconds)
*** Degeneracy k-plex size: 21, max_core: 34, UB: 39, Time: 114,628 (microseconds)
*** After core shrink: n = 404,785, m = 9,378,650 (undirected)
*** After core-truss co-pruning: n = 404,785, m = 9,371,658, density = 0.0001
RecSearch found a larger kplex of size: 22
17.17 17.17 17.17 17.17 17.17 21.21 21.21 21.21 21.21 21.21 21.21 17.17 17.17 17.17 17.17 17.17 17.17 17.17 17.17 17.17 17.17 17.17 
RecSearch found a larger kplex of size: 23
18.18 18.18 18.18 18.18 18.18 22.22 22.22 22.22 22.22 22.22 22.22 22.22 18.18 18.18 18.18 18.18 18.18 18.18 18.18 18.18 18.18 18.18 18.18 
RecSearch found a larger kplex of size: 73
68.68 71.71 69.69 69.69 68.68 71.71 72.72 71.71 71.71 72.72 72.72 72.72 71.71 72.72 71.71 72.72 72.72 71.71 71.71 72.72 72.72 71.71 72.72 72.72 72.72 71.71 72.72 72.72 72.72 72.72 72.72 72.72 71.71 72.72 71.71 72.72 72.72 71.71 72.72 72.72 72.72 70.70 70.70 70.70 70.70 70.70 69.69 69.69 68.68 68.68 70.70 68.68 71.71 71.71 70.70 70.70 70.70 69.69 68.68 69.69 71.71 69.69 69.69 69.69 70.70 70.70 69.69 71.71 71.71 70.70 70.70 70.70 70.70 
Timings /socfb-UF PxC: 4.51698 check2: 0.593728 Partitioning: 10.4802 Color: 1.41094 Branching: 28.4976 additions 0
prune_cnt: 28, max_n: 91, min_density: 0.9443, avg_density: 0.9615
search_cnt: 28, max_n: 91, min_density: 0.9443, avg_density: 0.9615
>>/socfb-UF t_Search: 63.319456	MaxKPlex_Size: 73 t_Total: 64.296425 t_Seesaw: 0.000000

**** kPlexS (Release) build at 16:47:01 Jun  4 2024 ***
# Start reading graph from an edgelist file, Require files "edges.txt"
# Note that this function is not optimized. Reading from a binary file will be faster
*	n = 2,997,167; m = 106,349,209 (undirected)
*** Heuristic kplex size: 20, time: 407,316 (microseconds)
*** Degeneracy k-plex size: 35, max_core: 230, UB: 235, Time: 3,142,913 (microseconds)
*** After core shrink: n = 1,546,064, m = 83,532,640 (undirected)
*** After core-truss co-pruning: n = 80,852, m = 4,169,128, density = 0.0013
Degen found a solution of size 36
Degen found a solution of size 37
Degen found a solution of size 38
RecSearch found a larger kplex of size: 39
34.34 34.34 36.36 36.36 35.35 37.37 37.37 38.38 38.38 38.38 38.38 37.37 37.37 38.38 38.38 38.38 38.38 38.38 38.38 38.38 37.37 38.38 38.38 36.36 36.36 36.36 35.35 36.36 36.36 35.35 36.36 36.36 36.36 34.34 36.36 36.36 34.34 34.34 34.34 
RecSearch found a larger kplex of size: 40
35.35 35.35 35.35 35.35 37.37 39.39 39.39 39.39 38.38 38.38 39.39 38.38 38.38 38.38 39.39 38.38 38.38 39.39 38.38 39.39 39.39 38.38 38.38 39.39 39.39 39.39 38.38 39.39 37.37 37.37 37.37 35.35 37.37 37.37 35.35 37.37 36.36 36.36 35.35 36.36 
Degen found a solution of size 41
Degen found a solution of size 44
RecSearch found a larger kplex of size: 45
40.40 41.41 41.41 41.41 43.43 44.44 43.43 43.43 43.43 43.43 43.43 44.44 43.43 44.44 43.43 43.43 44.44 44.44 43.43 44.44 44.44 44.44 43.43 43.43 44.44 44.44 44.44 43.43 44.44 40.40 41.41 42.42 41.41 41.41 41.41 42.42 42.42 42.42 40.40 42.42 40.40 40.40 40.40 41.41 41.41 
Degen found a solution of size 46
Degen found a solution of size 51
Degen found a solution of size 53
Degen found a solution of size 63
Degen found a solution of size 64
RecSearch found a larger kplex of size: 65
60.60 61.61 62.62 62.62 60.60 63.63 64.64 64.64 64.64 64.64 63.63 63.63 63.63 64.64 64.64 64.64 64.64 63.63 63.63 64.64 64.64 63.63 64.64 63.63 63.63 64.64 63.63 64.64 64.64 64.64 63.63 64.64 64.64 64.64 63.63 64.64 64.64 64.64 64.64 64.64 60.60 62.62 62.62 62.62 62.62 61.61 61.61 62.62 61.61 61.61 60.60 62.62 62.62 62.62 62.62 61.61 60.60 61.61 60.60 62.62 62.62 62.62 61.61 62.62 62.62 
Timings /sc-msdoor PxC: 135.052 check2: 18.0154 Partitioning: 109.172 Color: 51.6716 Branching: 111.52 additions 0
prune_cnt: 285614, max_n: 42, min_density: 0.5494, avg_density: 0.8455
search_cnt: 237041, max_n: 42, min_density: 0.5494, avg_density: 0.8395
>>/sc-msdoor t_Search: 604.448073	MaxKPlex_Size: 23 t_Total: 605.315390 t_Seesaw: 0.000000

Timings /socfb-B-anon PxC: 83.3347 check2: 54.4575 Partitioning: 319.735 Color: 129.56 Branching: 208.731 additions 0
prune_cnt: 105, max_n: 87, min_density: 0.6444, avg_density: 0.8248
search_cnt: 100, max_n: 87, min_density: 0.6444, avg_density: 0.8198
>>/socfb-B-anon t_Search: 938.909124	MaxKPlex_Size: 35 t_Total: 960.278497 t_Seesaw: 0.000000

**** kPlexS (Release) build at 16:47:01 Jun  4 2024 ***
# Start reading graph from an edgelist file, Require files "edges.txt"
# Note that this function is not optimized. Reading from a binary file will be faster
*	n = 2,523,387; m = 7,918,801 (undirected)
*** Heuristic kplex size: 17, time: 20,856 (microseconds)
*** Degeneracy k-plex size: 46, max_core: 68, UB: 73, Time: 137,370 (microseconds)
*** After core shrink: n = 7,545, m = 312,522 (undirected)
*** After core-truss co-pruning: n = 244, m = 10,546, density = 0.3557
Degen found a solution of size 47
Degen found a solution of size 48
RecSearch found a larger kplex of size: 49
44.44 44.44 45.45 44.44 45.45 48.48 48.48 45.45 44.44 44.44 47.47 44.44 47.47 48.48 48.48 48.48 48.48 45.45 48.48 48.48 48.48 47.47 48.48 46.46 44.44 45.45 47.47 47.47 48.48 44.44 46.46 45.45 47.47 44.44 45.45 44.44 46.46 46.46 46.46 46.46 46.46 46.46 46.46 47.47 46.46 45.45 47.47 45.45 45.45 
**** kPlexS (Release) build at 16:47:01 Jun  4 2024 ***
# Start reading graph from an edgelist file, Require files "edges.txt"
# Note that this function is not optimized. Reading from a binary file will be faster
*	n = 9,886; m = 506,437 (undirected)
*** Heuristic kplex size: 31, time: 7,582 (microseconds)
*** Degeneracy k-plex size: 44, max_core: 85, UB: 90, Time: 8,179 (microseconds)
*** After core shrink: n = 6,591, m = 449,653 (undirected)
*** After core-truss co-pruning: n = 394, m = 20,360, density = 0.2630
RecSearch found a larger kplex of size: 45
40.40 41.41 43.43 41.41 43.43 44.44 44.44 44.44 44.44 44.44 43.43 44.44 44.44 43.43 44.44 43.43 43.43 43.43 44.44 43.43 43.43 44.44 44.44 44.44 44.44 43.43 44.44 43.43 43.43 43.43 44.44 41.41 40.40 42.42 42.42 41.41 41.41 41.41 42.42 41.41 42.42 42.42 40.40 43.43 43.43 
Degen found a solution of size 47
RecSearch found a larger kplex of size: 48
43.43 43.43 45.45 43.43 44.44 46.46 47.47 47.47 47.47 47.47 47.47 47.47 47.47 47.47 47.47 47.47 47.47 47.47 43.43 46.46 47.47 43.43 43.43 46.46 44.44 46.46 46.46 46.46 47.47 47.47 43.43 43.43 45.45 46.46 45.45 43.43 44.44 45.45 45.45 44.44 43.43 43.43 45.45 44.44 44.44 44.44 45.45 43.43 
**** kPlexS (Release) build at 16:47:01 Jun  4 2024 ***
# Start reading graph from an edgelist file, Require files "edges.txt"
# Note that this function is not optimized. Reading from a binary file will be faster
*	n = 92,118; m = 360,767 (undirected)
*** Heuristic kplex size: 14, time: 5,870 (microseconds)
*** Degeneracy k-plex size: 23, max_core: 58, UB: 63, Time: 5,793 (microseconds)
*** After core shrink: n = 4,296, m = 146,593 (undirected)
*** After core-truss co-pruning: n = 527, m = 21,384, density = 0.1543
Degen found a solution of size 25
Timings /ia-wiki-Talk PxC: 657.285 check2: 86.1388 Partitioning: 166.864 Color: 290.912 Branching: 16.6738 additions 0
prune_cnt: 270, max_n: 143, min_density: 0.4428, avg_density: 0.5465
search_cnt: 270, max_n: 143, min_density: 0.4428, avg_density: 0.5465
>>/ia-wiki-Talk t_Search: 1393.879860	MaxKPlex_Size: 25 t_Total: 1393.987931 t_Seesaw: 0.000000

**** kPlexS (Release) build at 16:47:01 Jun  4 2024 ***
# Start reading graph from an edgelist file, Require files "edges.txt"
# Note that this function is not optimized. Reading from a binary file will be faster
*	n = 217,892; m = 5,653,221 (undirected)
*** Heuristic kplex size: 24, time: 2,053 (microseconds)
*** Degeneracy k-plex size: 24, max_core: 35, UB: 40, Time: 39,477 (microseconds)
*** After core shrink: n = 217,116, m = 5,646,048 (undirected)
*** After core-truss co-pruning: n = 212,326, m = 5,507,216, density = 0.0002
RecSearch found a larger kplex of size: 25
21.21 20.20 20.20 20.20 24.24 24.24 24.24 24.24 24.24 24.24 24.24 24.24 24.24 24.24 24.24 24.24 24.24 24.24 24.24 24.24 24.24 24.24 21.21 21.21 21.21 
RecSearch found a larger kplex of size: 26
21.21 21.21 21.21 21.21 21.21 25.25 25.25 25.25 25.25 25.25 25.25 25.25 25.25 25.25 25.25 25.25 25.25 25.25 25.25 25.25 25.25 25.25 25.25 21.21 21.21 21.21 
Timings /sc-pwtk PxC: 0.31581 check2: 0.00646621 Partitioning: 0.0316685 Color: 0.0146743 Branching: 0.130615 additions 0
prune_cnt: 70519, max_n: 51, min_density: 0.6063, avg_density: 0.9779
search_cnt: 6368, max_n: 51, min_density: 0.6063, avg_density: 0.7614
>>/sc-pwtk t_Search: 2.096140	MaxKPlex_Size: 26 t_Total: 2.500513 t_Seesaw: 0.000000

Timings /soc-flixster PxC: 128.667 check2: 170.43 Partitioning: 1161.02 Color: 439.343 Branching: 267.447 additions 0
prune_cnt: 72, max_n: 115, min_density: 0.7529, avg_density: 0.8340
search_cnt: 72, max_n: 115, min_density: 0.7529, avg_density: 0.8340
>>/soc-flixster t_Search: 2402.460666	MaxKPlex_Size: 49 t_Total: 2402.864268 t_Seesaw: 0.000000

Timings /socfb-Duke14 PxC: 223.258 check2: 145.745 Partitioning: 690.699 Color: 383.961 Branching: 126.914 additions 0
prune_cnt: 164, max_n: 149, min_density: 0.6748, avg_density: 0.7659
search_cnt: 164, max_n: 149, min_density: 0.6748, avg_density: 0.7659
>>/socfb-Duke14 t_Search: 1788.692009	MaxKPlex_Size: 48 t_Total: 1789.320471 t_Seesaw: 0.000000

**** kPlexS (Release) build at 16:47:01 Jun  4 2024 ***
# Start reading graph from an edgelist file, Require files "edges.txt"
# Note that this function is not optimized. Reading from a binary file will be faster
*	n = 639,015; m = 3,214,986 (undirected)
*** Heuristic kplex size: 26, time: 314,117 (microseconds)
*** Degeneracy k-plex size: 37, max_core: 63, UB: 68, Time: 39,914 (microseconds)
*** After core shrink: n = 17,257, m = 678,326 (undirected)
*** After core-truss co-pruning: n = 10,645, m = 410,671, density = 0.0072
Degen found a solution of size 41
Degen found a solution of size 42
Degen found a solution of size 43
Degen found a solution of size 44
Timings /soc-FourSquare PxC: 76.0689 check2: 0.00755958 Partitioning: 0.0706267 Color: 0.0175817 Branching: 8.80621 additions 0
prune_cnt: 1143, max_n: 7712, min_density: 0.0096, avg_density: 0.7429
search_cnt: 1137, max_n: 7712, min_density: 0.0096, avg_density: 0.7418
>>/soc-FourSquare t_Search: 156.596534	MaxKPlex_Size: 44 t_Total: 157.553075 t_Seesaw: 0.000000

**** kPlexS (Release) build at 16:47:01 Jun  4 2024 ***
# Start reading graph from an edgelist file, Require files "edges.txt"
# Note that this function is not optimized. Reading from a binary file will be faster
*	n = 7,477; m = 56,943 (undirected)
*** Heuristic kplex size: 45, time: 4,141 (microseconds)
*** Degeneracy k-plex size: 75, max_core: 88, UB: 93, Time: 738 (microseconds)
*** After core shrink: n = 248, m = 15,327 (undirected)
*** After core-truss co-pruning: n = 120, m = 6,339, density = 0.8878
RecSearch found a larger kplex of size: 76
71.71 73.73 72.72 72.72 71.71 75.75 74.74 75.75 75.75 75.75 75.75 75.75 75.75 74.74 75.75 75.75 75.75 75.75 74.74 75.75 75.75 74.74 75.75 75.75 74.74 75.75 75.75 74.74 75.75 75.75 75.75 75.75 75.75 75.75 74.74 75.75 75.75 74.74 75.75 75.75 73.73 74.74 71.71 75.75 73.73 73.73 74.74 75.75 71.71 71.71 74.74 75.75 72.72 74.74 74.74 73.73 73.73 73.73 72.72 73.73 72.72 73.73 74.74 74.74 71.71 71.71 74.74 71.71 74.74 74.74 71.71 73.73 73.73 73.73 72.72 73.73 
Timings /tech-WHOIS PxC: 181.905 check2: 142.85 Partitioning: 2442.82 Color: 376.73 Branching: 985.206 additions 0
prune_cnt: 41, max_n: 114, min_density: 0.9048, avg_density: 0.9442
search_cnt: 41, max_n: 114, min_density: 0.9048, avg_density: 0.9442
>>/tech-WHOIS t_Search: 4842.437091	MaxKPlex_Size: 76 t_Total: 4842.452466 t_Seesaw: 0.000000

**** kPlexS (Release) build at 16:47:01 Jun  4 2024 ***
# Start reading graph from an edgelist file, Require files "edges.txt"
# Note that this function is not optimized. Reading from a binary file will be faster
*	n = 172; m = 9,435 (undirected)
*** Heuristic kplex size: 11, time: 705 (microseconds)
*** Degeneracy k-plex size: 26, max_core: 102, UB: 107, Time: 112 (microseconds)
*** After core shrink: n = 171, m = 9,435 (undirected)
*** After core-truss co-pruning: n = 171, m = 9,435, density = 0.6491
RecSearch found a larger kplex of size: 27
23.23 22.22 22.22 22.22 22.22 22.22 22.22 22.22 22.22 22.22 22.22 22.22 22.22 23.23 22.22 22.22 22.22 22.22 22.22 22.22 22.22 23.23 22.22 23.23 22.22 22.22 22.22 
**** kPlexS (Release) build at 16:47:01 Jun  4 2024 ***
# Start reading graph from an edgelist file, Require files "edges.txt"
# Note that this function is not optimized. Reading from a binary file will be faster
*	n = 71; m = 1,855 (undirected)
*** Heuristic kplex size: 14, time: 191 (microseconds)
*** Degeneracy k-plex size: 24, max_core: 53, UB: 58, Time: 37 (microseconds)
*** After core shrink: n = 70, m = 1,855 (undirected)
*** After core-truss co-pruning: n = 70, m = 1,855, density = 0.7681
RecSearch found a larger kplex of size: 25
24.24 20.20 20.20 20.20 20.20 20.20 20.20 20.20 20.20 20.20 20.20 20.20 20.20 20.20 20.20 20.20 20.20 20.20 20.20 20.20 20.20 20.20 20.20 20.20 20.20 
RecSearch found a larger kplex of size: 26
25.25 25.25 21.21 21.21 21.21 21.21 21.21 21.21 21.21 21.21 21.21 21.21 21.21 21.21 21.21 21.21 21.21 21.21 21.21 21.21 21.21 21.21 21.21 21.21 21.21 21.21 
RecSearch found a larger kplex of size: 27
23.23 22.22 22.22 22.22 22.22 22.22 22.22 22.22 22.22 22.22 23.23 23.23 23.23 22.22 22.22 22.22 22.22 22.22 22.22 22.22 22.22 22.22 22.22 22.22 22.22 22.22 22.22 
RecSearch found a larger kplex of size: 28
23.23 23.23 23.23 23.23 23.23 23.23 23.23 23.23 23.23 23.23 23.23 23.23 23.23 23.23 23.23 23.23 23.23 23.23 23.23 23.23 23.23 23.23 23.23 23.23 23.23 23.23 23.23 23.23 
Timings /johnson8-4-4 PxC: 14.469 check2: 16.3984 Partitioning: 72.8162 Color: 52.3581 Branching: 25.8968 additions 0
prune_cnt: 34, max_n: 70, min_density: 0.7681, avg_density: 0.7838
search_cnt: 34, max_n: 70, min_density: 0.7681, avg_density: 0.7838
>>/johnson8-4-4 t_Search: 191.629787	MaxKPlex_Size: 28 t_Total: 191.630230 t_Seesaw: 0.000000

RecSearch found a larger kplex of size: 28
23.23 23.23 23.23 23.23 23.23 23.23 23.23 23.23 23.23 23.23 24.24 23.23 23.23 23.23 23.23 24.24 23.23 23.23 23.23 23.23 23.23 23.23 23.23 23.23 23.23 23.23 23.23 23.23 
**** kPlexS (Release) build at 16:47:01 Jun  4 2024 ***
# Start reading graph from an edgelist file, Require files "edges.txt"
# Note that this function is not optimized. Reading from a binary file will be faster
*	n = 29,733; m = 1,305,757 (undirected)
*** Heuristic kplex size: 29, time: 7,841 (microseconds)
*** Degeneracy k-plex size: 51, max_core: 76, UB: 81, Time: 22,364 (microseconds)
*** After core shrink: n = 15,859, m = 968,851 (undirected)
*** After core-truss co-pruning: n = 1,224, m = 43,309, density = 0.0579
Degen found a solution of size 55
Degen found a solution of size 58
RecSearch found a larger kplex of size: 59
54.54 54.54 55.55 55.55 57.57 58.58 58.58 58.58 57.57 57.57 58.58 58.58 57.57 58.58 58.58 58.58 58.58 57.57 58.58 58.58 58.58 58.58 58.58 57.57 58.58 57.57 58.58 57.57 58.58 58.58 58.58 57.57 58.58 57.57 58.58 58.58 57.57 56.56 56.56 56.56 56.56 57.57 57.57 54.54 54.54 55.55 56.56 57.57 54.54 55.55 55.55 54.54 56.56 54.54 56.56 54.54 55.55 54.54 54.54 
Timings /socfb-Indiana PxC: 0.0669667 check2: 0.00297603 Partitioning: 0.0402119 Color: 0.00677502 Branching: 0.265441 additions 0
prune_cnt: 15, max_n: 70, min_density: 0.9557, avg_density: 0.9640
search_cnt: 14, max_n: 70, min_density: 0.9557, avg_density: 0.9634
>>/socfb-Indiana t_Search: 0.592903	MaxKPlex_Size: 59 t_Total: 2.038593 t_Seesaw: 0.000000

**** kPlexS (Release) build at 16:47:01 Jun  4 2024 ***
# Start reading graph from an edgelist file, Require files "edges.txt"
# Note that this function is not optimized. Reading from a binary file will be faster
*	n = 36,365; m = 1,590,651 (undirected)
*** Heuristic kplex size: 19, time: 26,848 (microseconds)
*** Degeneracy k-plex size: 67, max_core: 81, UB: 86, Time: 28,886 (microseconds)
*** After core shrink: n = 10,402, m = 727,916 (undirected)
*** After core-truss co-pruning: n = 114, m = 5,405, density = 0.8392
Degen found a solution of size 68
Timings /socfb-Texas84 PxC: 0.443382 check2: 0.133805 Partitioning: 2.07677 Color: 0.306644 Branching: 1.91147 additions 0
prune_cnt: 29, max_n: 91, min_density: 0.9258, avg_density: 0.9535
search_cnt: 29, max_n: 91, min_density: 0.9258, avg_density: 0.9535
>>/socfb-Texas84 t_Search: 6.643099	MaxKPlex_Size: 68 t_Total: 7.863364 t_Seesaw: 0.000000

**** kPlexS (Release) build at 16:47:01 Jun  4 2024 ***
# Start reading graph from an edgelist file, Require files "edges.txt"
# Note that this function is not optimized. Reading from a binary file will be faster
*	n = 36,365; m = 1,590,651 (undirected)
*** Heuristic kplex size: 19, time: 26,684 (microseconds)
*** Degeneracy k-plex size: 67, max_core: 81, UB: 86, Time: 27,983 (microseconds)
*** After core shrink: n = 10,402, m = 727,916 (undirected)
*** After core-truss co-pruning: n = 114, m = 5,405, density = 0.8392
Degen found a solution of size 68
Timings /socfb-Texas84 PxC: 0.448026 check2: 0.135234 Partitioning: 2.10225 Color: 0.310221 Branching: 1.93537 additions 0
prune_cnt: 29, max_n: 91, min_density: 0.9258, avg_density: 0.9535
search_cnt: 29, max_n: 91, min_density: 0.9258, avg_density: 0.9535
>>/socfb-Texas84 t_Search: 6.722812	MaxKPlex_Size: 68 t_Total: 7.858317 t_Seesaw: 0.000000

**** kPlexS (Release) build at 16:47:01 Jun  4 2024 ***
# Start reading graph from an edgelist file, Require files "edges.txt"
# Note that this function is not optimized. Reading from a binary file will be faster
*	n = 952,204; m = 20,770,807 (undirected)
*** Heuristic kplex size: 21, time: 6,569 (microseconds)
*** Degeneracy k-plex size: 21, max_core: 34, UB: 39, Time: 258,370 (microseconds)
*** After core shrink: n = 909,537, m = 20,770,807 (undirected)
*** After core-truss co-pruning: n = 909,537, m = 20,763,402, density = 0.0001
RecSearch found a larger kplex of size: 22
17.17 17.17 17.17 17.17 17.17 21.21 21.21 21.21 21.21 21.21 21.21 17.17 17.17 17.17 17.17 17.17 17.17 17.17 17.17 17.17 17.17 17.17 
RecSearch found a larger kplex of size: 23
18.18 18.18 18.18 18.18 18.18 22.22 22.22 22.22 22.22 22.22 22.22 22.22 18.18 18.18 18.18 18.18 18.18 18.18 18.18 18.18 18.18 18.18 18.18 
**** kPlexS (Release) build at 16:47:01 Jun  4 2024 ***
# Start reading graph from an edgelist file, Require files "edges.txt"
# Note that this function is not optimized. Reading from a binary file will be faster
*	n = 65; m = 1,824 (undirected)
*** Heuristic kplex size: 32, time: 226 (microseconds)
*** Degeneracy k-plex size: 32, max_core: 57, UB: 62, Time: 18 (microseconds)
*** After core shrink: n = 64, m = 1,824 (undirected)
*** After core-truss co-pruning: n = 64, m = 1,824, density = 0.9048
RecSearch found a larger kplex of size: 33
32.32 31.31 32.32 32.32 32.32 28.28 30.30 29.29 30.30 28.28 29.29 30.30 29.29 29.29 29.29 28.28 29.29 29.29 29.29 28.28 29.29 29.29 28.28 28.28 28.28 29.29 28.28 29.29 29.29 30.30 29.29 28.28 29.29 
RecSearch found a larger kplex of size: 34
33.33 31.31 33.33 33.33 33.33 32.32 29.29 29.29 30.30 29.29 31.31 30.30 31.31 30.30 30.30 30.30 29.29 30.30 30.30 31.31 32.32 30.30 29.29 30.30 30.30 30.30 29.29 30.30 30.30 29.29 30.30 32.32 30.30 29.29 
RecSearch found a larger kplex of size: 35
34.34 32.32 33.33 34.34 34.34 34.34 32.32 32.32 30.30 30.30 31.31 30.30 31.31 31.31 31.31 31.31 31.31 30.30 31.31 32.32 33.33 31.31 30.30 31.31 31.31 31.31 31.31 30.30 30.30 31.31 31.31 30.30 30.30 31.31 33.33 
RecSearch found a larger kplex of size: 36
35.35 33.33 35.35 35.35 34.34 35.35 32.32 33.33 32.32 33.33 31.31 31.31 32.32 31.31 32.32 32.32 31.31 32.32 32.32 33.33 34.34 32.32 32.32 32.32 31.31 32.32 31.31 32.32 31.31 32.32 32.32 31.31 31.31 31.31 32.32 34.34 
RecSearch found a larger kplex of size: 37
36.36 34.34 35.35 36.36 35.35 35.35 34.34 33.33 33.33 34.34 32.32 34.34 33.33 32.32 35.35 35.35 34.34 33.33 34.34 32.32 32.32 32.32 32.32 33.33 34.34 32.32 32.32 33.33 33.33 32.32 32.32 32.32 32.32 32.32 32.32 32.32 32.32 
RecSearch found a larger kplex of size: 38
37.37 35.35 36.36 37.37 36.36 36.36 35.35 35.35 35.35 34.34 33.33 35.35 33.33 33.33 36.36 36.36 34.34 35.35 35.35 33.33 33.33 33.33 33.33 33.33 33.33 35.35 34.34 33.33 33.33 34.34 33.33 33.33 33.33 34.34 33.33 33.33 33.33 33.33 
RecSearch found a larger kplex of size: 39
38.38 36.36 38.38 37.37 37.37 37.37 34.34 36.36 36.36 36.36 36.36 34.34 34.34 36.36 34.34 35.35 34.34 34.34 34.34 37.37 37.37 36.36 35.35 36.36 34.34 35.35 35.35 34.34 34.34 34.34 34.34 34.34 34.34 34.34 35.35 34.34 34.34 34.34 34.34 
RecSearch found a larger kplex of size: 40
39.39 35.35 38.38 35.35 35.35 37.37 37.37 37.37 37.37 37.37 35.35 37.37 36.36 36.36 35.35 35.35 35.35 35.35 35.35 38.38 35.35 35.35 35.35 35.35 35.35 35.35 35.35 35.35 35.35 36.36 36.36 35.35 35.35 36.36 36.36 36.36 37.37 37.37 35.35 36.36 
RecSearch found a larger kplex of size: 41
40.40 36.36 36.36 36.36 36.36 36.36 37.37 36.36 37.37 37.37 37.37 37.37 36.36 36.36 40.40 37.37 36.36 36.36 36.36 36.36 36.36 37.37 37.37 36.36 40.40 40.40 38.38 38.38 37.37 37.37 36.36 37.37 37.37 37.37 37.37 37.37 37.37 37.37 37.37 37.37 37.37 
RecSearch found a larger kplex of size: 42
41.41 38.38 37.37 38.38 37.37 38.38 37.37 38.38 37.37 37.37 37.37 38.38 37.37 38.38 37.37 37.37 37.37 37.37 37.37 37.37 40.40 39.39 39.39 37.37 37.37 37.37 38.38 37.37 37.37 37.37 37.37 37.37 38.38 37.37 37.37 37.37 37.37 37.37 37.37 37.37 37.37 38.38 
RecSearch found a larger kplex of size: 43
42.42 38.38 40.40 39.39 39.39 39.39 39.39 38.38 38.38 40.40 38.38 38.38 38.38 38.38 38.38 39.39 39.39 39.39 38.38 39.39 38.38 39.39 38.38 38.38 38.38 38.38 38.38 38.38 38.38 38.38 38.38 38.38 38.38 38.38 38.38 38.38 38.38 38.38 39.39 38.38 38.38 39.39 39.39 
RecSearch found a larger kplex of size: 44
43.43 39.39 40.40 40.40 39.39 41.41 40.40 40.40 39.39 40.40 39.39 40.40 39.39 41.41 39.39 39.39 39.39 39.39 39.39 39.39 39.39 39.39 39.39 40.40 39.39 39.39 39.39 39.39 39.39 39.39 39.39 39.39 39.39 39.39 39.39 39.39 39.39 39.39 40.40 39.39 39.39 39.39 39.39 39.39 
RecSearch found a larger kplex of size: 45
43.43 40.40 42.42 41.41 41.41 40.40 40.40 41.41 40.40 40.40 41.41 41.41 40.40 40.40 40.40 40.40 40.40 40.40 41.41 40.40 40.40 40.40 40.40 40.40 40.40 40.40 40.40 40.40 40.40 40.40 40.40 40.40 40.40 40.40 40.40 40.40 40.40 40.40 40.40 41.41 40.40 40.40 40.40 40.40 40.40 
RecSearch found a larger kplex of size: 46
43.43 41.41 41.41 41.41 42.42 41.41 42.42 41.41 41.41 41.41 42.42 41.41 41.41 41.41 41.41 42.42 41.41 41.41 41.41 41.41 41.41 41.41 41.41 41.41 41.41 41.41 41.41 41.41 41.41 41.41 41.41 41.41 41.41 41.41 42.42 41.41 41.41 41.41 41.41 41.41 42.42 41.41 41.41 41.41 41.41 41.41 
RecSearch found a larger kplex of size: 47
43.43 42.42 42.42 42.42 42.42 42.42 43.43 42.42 42.42 42.42 43.43 42.42 42.42 42.42 42.42 42.42 42.42 42.42 42.42 42.42 42.42 42.42 42.42 42.42 42.42 42.42 42.42 42.42 42.42 42.42 42.42 42.42 42.42 42.42 42.42 42.42 42.42 42.42 42.42 42.42 42.42 42.42 42.42 42.42 43.43 42.42 42.42 
RecSearch found a larger kplex of size: 48
43.43 43.43 43.43 43.43 43.43 43.43 43.43 43.43 43.43 43.43 43.43 43.43 43.43 43.43 43.43 43.43 43.43 43.43 43.43 43.43 43.43 43.43 43.43 43.43 43.43 43.43 43.43 43.43 43.43 43.43 43.43 43.43 43.43 43.43 43.43 43.43 43.43 43.43 43.43 43.43 43.43 43.43 43.43 43.43 43.43 43.43 43.43 43.43 
Timings /hamming6-2 PxC: 8.63606 check2: 7.08364 Partitioning: 58.6683 Color: 18.7309 Branching: 39.0833 additions 0
prune_cnt: 12, max_n: 64, min_density: 0.9048, avg_density: 0.9059
search_cnt: 12, max_n: 64, min_density: 0.9048, avg_density: 0.9059
>>/hamming6-2 t_Search: 156.459429	MaxKPlex_Size: 48 t_Total: 156.459828 t_Seesaw: 0.000000

Timings /sc-ldoor PxC: 239.827 check2: 31.6181 Partitioning: 189.967 Color: 90.7038 Branching: 204.06 additions 0
prune_cnt: 595851, max_n: 42, min_density: 0.5494, avg_density: 0.8471
search_cnt: 486232, max_n: 42, min_density: 0.5494, avg_density: 0.8387
>>/sc-ldoor t_Search: 1088.212530	MaxKPlex_Size: 23 t_Total: 1090.093628 t_Seesaw: 0.000000

