**** kPlexS (Release) build at 16:28:11 Jun  4 2024 ***
# Start reading graph from an edgelist file, Require files "edges.txt"
# Note that this function is not optimized. Reading from a binary file will be faster
*	n = 71; m = 1,855 (undirected)
*** Heuristic kplex size: 14, time: 192 (microseconds)
*** Degeneracy k-plex size: 16, max_core: 53, UB: 56, Time: 23 (microseconds)
*** After core shrink: n = 70, m = 1,855 (undirected)
*** After core-truss co-pruning: n = 70, m = 1,855, density = 0.7681
RecSearch found a larger kplex of size: 17
16.16 14.14 14.14 14.14 14.14 14.14 14.14 14.14 14.14 14.14 14.14 14.14 14.14 14.14 14.14 14.14 14.14 
RecSearch found a larger kplex of size: 18
17.17 15.15 17.17 15.15 15.15 15.15 15.15 15.15 15.15 15.15 15.15 15.15 15.15 15.15 15.15 15.15 15.15 15.15 
**** kPlexS (Release) build at 16:28:11 Jun  4 2024 ***
# Start reading graph from an edgelist file, Require files "edges.txt"
# Note that this function is not optimized. Reading from a binary file will be faster
*	n = 217,892; m = 5,653,221 (undirected)
*** Heuristic kplex size: 24, time: 2,130 (microseconds)
*** Degeneracy k-plex size: 24, max_core: 35, UB: 38, Time: 40,685 (microseconds)
*** After core shrink: n = 217,112, m = 5,645,965 (undirected)
*** After core-truss co-pruning: n = 204,924, m = 5,323,510, density = 0.0003
Timings /sc-pwtk PxC: 0.0349094 check2: 0.00172013 Partitioning: 0.00667574 Color: 0.00350195 Branching: 0.00253555 additions 0
prune_cnt: 65077, max_n: 36, min_density: 0.7273, avg_density: 0.9894
search_cnt: 2953, max_n: 36, min_density: 0.7273, avg_density: 0.7663
>>/sc-pwtk t_Search: 1.095062	MaxKPlex_Size: 24 t_Total: 1.537027 t_Seesaw: 0.000000

**** kPlexS (Release) build at 16:28:11 Jun  4 2024 ***
# Start reading graph from an edgelist file, Require files "edges.txt"
# Note that this function is not optimized. Reading from a binary file will be faster
*	n = 63,393; m = 816,886 (undirected)
*** Heuristic kplex size: 22, time: 4,563 (microseconds)
*** Degeneracy k-plex size: 31, max_core: 52, UB: 55, Time: 12,942 (microseconds)
*** After core shrink: n = 9,271, m = 350,579 (undirected)
*** After core-truss co-pruning: n = 374, m = 10,519, density = 0.1508
Degen found a solution of size 32
Degen found a solution of size 33
Degen found a solution of size 36
Degen found a solution of size 37
Timings /socfb-OR PxC: 0.0147974 check2: 0.0096413 Partitioning: 0.0542535 Color: 0.0256714 Branching: 0.0049561 additions 0
prune_cnt: 46, max_n: 63, min_density: 0.8623, avg_density: 0.9141
search_cnt: 46, max_n: 63, min_density: 0.8623, avg_density: 0.9141
>>/socfb-OR t_Search: 0.150096	MaxKPlex_Size: 37 t_Total: 0.457077 t_Seesaw: 0.000000

**** kPlexS (Release) build at 16:28:11 Jun  4 2024 ***
# Start reading graph from an edgelist file, Require files "edges.txt"
# Note that this function is not optimized. Reading from a binary file will be faster
*	n = 92,118; m = 360,767 (undirected)
*** Heuristic kplex size: 14, time: 5,734 (microseconds)
*** Degeneracy k-plex size: 18, max_core: 58, UB: 61, Time: 5,565 (microseconds)
*** After core shrink: n = 5,222, m = 162,193 (undirected)
*** After core-truss co-pruning: n = 616, m = 25,387, density = 0.1340
Degen found a solution of size 20
RecSearch found a larger kplex of size: 21
18.18 18.18 18.18 18.18 20.20 20.20 19.19 19.19 18.18 20.20 18.18 19.19 18.18 19.19 18.18 18.18 19.19 18.18 19.19 18.18 18.18 
Timings /ia-wiki-Talk PxC: 5.59883 check2: 0.660154 Partitioning: 0.721857 Color: 2.48071 Branching: 0.106261 additions 0
prune_cnt: 360, max_n: 171, min_density: 0.4014, avg_density: 0.5402
search_cnt: 360, max_n: 171, min_density: 0.4014, avg_density: 0.5402
>>/ia-wiki-Talk t_Search: 11.019345	MaxKPlex_Size: 21 t_Total: 11.131068 t_Seesaw: 0.000000

**** kPlexS (Release) build at 16:28:11 Jun  4 2024 ***
# Start reading graph from an edgelist file, Require files "edges.txt"
# Note that this function is not optimized. Reading from a binary file will be faster
*	n = 639,015; m = 3,214,986 (undirected)
*** Heuristic kplex size: 26, time: 288,791 (microseconds)
*** Degeneracy k-plex size: 34, max_core: 63, UB: 66, Time: 35,435 (microseconds)
*** After core shrink: n = 18,709, m = 724,599 (undirected)
*** After core-truss co-pruning: n = 9,692, m = 374,193, density = 0.0080
Degen found a solution of size 35
Degen found a solution of size 36
Degen found a solution of size 37
Degen found a solution of size 38
Degen found a solution of size 39
Timings /soc-FourSquare PxC: 0.575683 check2: 0.0129825 Partitioning: 0.10213 Color: 0.0484631 Branching: 0.0040712 additions 0
prune_cnt: 512, max_n: 615, min_density: 0.1108, avg_density: 0.8106
search_cnt: 490, max_n: 615, min_density: 0.1108, avg_density: 0.8033
>>/soc-FourSquare t_Search: 1.978844	MaxKPlex_Size: 39 t_Total: 2.707183 t_Seesaw: 0.000000

Timings /johnson8-4-4 PxC: 6.01586 check2: 3.19404 Partitioning: 9.88634 Color: 11.9723 Branching: 3.61109 additions 0
prune_cnt: 50, max_n: 70, min_density: 0.7681, avg_density: 0.8001
search_cnt: 50, max_n: 70, min_density: 0.7681, avg_density: 0.8001
>>/johnson8-4-4 t_Search: 37.133812	MaxKPlex_Size: 18 t_Total: 37.134245 t_Seesaw: 0.000000

**** kPlexS (Release) build at 16:28:11 Jun  4 2024 ***
# Start reading graph from an edgelist file, Require files "edges.txt"
# Note that this function is not optimized. Reading from a binary file will be faster
*	n = 2,937,613; m = 20,959,854 (undirected)
*** Heuristic kplex size: 9, time: 37,228 (microseconds)
*** Degeneracy k-plex size: 17, max_core: 63, UB: 66, Time: 626,450 (microseconds)
*** After core shrink: n = 469,342, m = 15,355,191 (undirected)
*** After core-truss co-pruning: n = 35,378, m = 876,436, density = 0.0014
Degen found a solution of size 18
Degen found a solution of size 19
Degen found a solution of size 20
Degen found a solution of size 22
Degen found a solution of size 24
Degen found a solution of size 27
Degen found a solution of size 30
Timings /socfb-B-anon PxC: 0.889109 check2: 0.624589 Partitioning: 2.63166 Color: 1.73931 Branching: 0.441161 additions 0
prune_cnt: 159, max_n: 94, min_density: 0.6272, avg_density: 0.8206
search_cnt: 157, max_n: 94, min_density: 0.6272, avg_density: 0.8186
>>/socfb-B-anon t_Search: 8.371946	MaxKPlex_Size: 30 t_Total: 26.764201 t_Seesaw: 0.000000

**** kPlexS (Release) build at 16:28:11 Jun  4 2024 ***
# Start reading graph from an edgelist file, Require files "edges.txt"
# Note that this function is not optimized. Reading from a binary file will be faster
*	n = 172; m = 9,435 (undirected)
*** Heuristic kplex size: 11, time: 751 (microseconds)
*** Degeneracy k-plex size: 16, max_core: 102, UB: 105, Time: 115 (microseconds)
*** After core shrink: n = 171, m = 9,435 (undirected)
*** After core-truss co-pruning: n = 171, m = 9,435, density = 0.6491
Degen found a solution of size 17
RecSearch found a larger kplex of size: 18
17.17 15.15 15.15 15.15 15.15 15.15 15.15 15.15 15.15 15.15 15.15 15.15 15.15 15.15 15.15 15.15 15.15 15.15 
RecSearch found a larger kplex of size: 19
18.18 16.16 16.16 16.16 16.16 16.16 16.16 16.16 16.16 16.16 16.16 16.16 16.16 16.16 16.16 16.16 16.16 16.16 16.16 
RecSearch found a larger kplex of size: 20
18.18 18.18 17.17 17.17 17.17 17.17 17.17 17.17 17.17 17.17 17.17 17.17 17.17 17.17 17.17 17.17 17.17 17.17 17.17 17.17 
RecSearch found a larger kplex of size: 21
18.18 18.18 18.18 18.18 18.18 18.18 18.18 18.18 18.18 18.18 18.18 18.18 18.18 18.18 18.18 18.18 18.18 18.18 18.18 18.18 18.18 
**** kPlexS (Release) build at 16:28:11 Jun  4 2024 ***
# Start reading graph from an edgelist file, Require files "edges.txt"
# Note that this function is not optimized. Reading from a binary file will be faster
*	n = 104,104; m = 2,193,083 (undirected)
*** Heuristic kplex size: 9, time: 13,604 (microseconds)
*** Degeneracy k-plex size: 11, max_core: 92, UB: 95, Time: 41,692 (microseconds)
*** After core shrink: n = 63,437, m = 2,031,014 (undirected)
*** After core-truss co-pruning: n = 4,054, m = 182,800, density = 0.0223
Degen found a solution of size 15
Degen found a solution of size 20
Degen found a solution of size 21
Degen found a solution of size 22
Timings /soc-LiveMocha PxC: 27.2502 check2: 3.47455 Partitioning: 4.23248 Color: 16.0552 Branching: 0.842963 additions 0
prune_cnt: 395, max_n: 247, min_density: 0.3848, avg_density: 0.5348
search_cnt: 395, max_n: 247, min_density: 0.3848, avg_density: 0.5348
>>/soc-LiveMocha t_Search: 57.708068	MaxKPlex_Size: 22 t_Total: 59.354310 t_Seesaw: 0.000000

**** kPlexS (Release) build at 16:28:11 Jun  4 2024 ***
# Start reading graph from an edgelist file, Require files "edges.txt"
# Note that this function is not optimized. Reading from a binary file will be faster
*	n = 1,191,806; m = 4,519,330 (undirected)
*** Heuristic kplex size: 8, time: 20,646 (microseconds)
*** Degeneracy k-plex size: 19, max_core: 70, UB: 73, Time: 102,950 (microseconds)
*** After core shrink: n = 51,344, m = 1,291,703 (undirected)
*** After core-truss co-pruning: n = 960, m = 42,578, density = 0.0925
Degen found a solution of size 21
Timings /soc-lastfm PxC: 25.8665 check2: 3.98334 Partitioning: 4.63228 Color: 15.2194 Branching: 0.974983 additions 0
prune_cnt: 583, max_n: 236, min_density: 0.3182, avg_density: 0.5094
search_cnt: 583, max_n: 236, min_density: 0.3182, avg_density: 0.5094
>>/soc-lastfm t_Search: 57.869475	MaxKPlex_Size: 21 t_Total: 58.755566 t_Seesaw: 0.000000

**** kPlexS (Release) build at 16:28:11 Jun  4 2024 ***
# Start reading graph from an edgelist file, Require files "edges.txt"
# Note that this function is not optimized. Reading from a binary file will be faster
*	n = 7,477; m = 56,943 (undirected)
*** Heuristic kplex size: 45, time: 3,908 (microseconds)
*** Degeneracy k-plex size: 70, max_core: 88, UB: 91, Time: 682 (microseconds)
*** After core shrink: n = 256, m = 15,871 (undirected)
*** After core-truss co-pruning: n = 122, m = 6,511, density = 0.8821
RecSearch found a larger kplex of size: 71
68.68 68.68 68.68 69.69 70.70 70.70 70.70 70.70 70.70 69.69 70.70 70.70 70.70 70.70 70.70 70.70 70.70 70.70 70.70 70.70 70.70 70.70 70.70 69.69 70.70 70.70 70.70 69.69 70.70 70.70 70.70 70.70 70.70 70.70 70.70 70.70 70.70 70.70 70.70 70.70 69.69 69.69 70.70 70.70 70.70 70.70 70.70 70.70 68.68 68.68 68.68 68.68 68.68 68.68 69.69 68.68 68.68 68.68 69.69 68.68 69.69 69.69 68.68 68.68 68.68 69.69 69.69 68.68 68.68 68.68 68.68 
Timings /tech-WHOIS PxC: 0.473527 check2: 0.423842 Partitioning: 6.30963 Color: 1.37055 Branching: 0.3243 additions 0
prune_cnt: 48, max_n: 115, min_density: 0.9001, avg_density: 0.9438
search_cnt: 48, max_n: 115, min_density: 0.9001, avg_density: 0.9438
>>/tech-WHOIS t_Search: 10.389331	MaxKPlex_Size: 71 t_Total: 10.404266 t_Seesaw: 0.000000

**** kPlexS (Release) build at 16:28:11 Jun  4 2024 ***
# Start reading graph from an edgelist file, Require files "edges.txt"
# Note that this function is not optimized. Reading from a binary file will be faster
*	n = 2,523,387; m = 7,918,801 (undirected)
*** Heuristic kplex size: 17, time: 21,254 (microseconds)
*** Degeneracy k-plex size: 40, max_core: 68, UB: 71, Time: 125,744 (microseconds)
*** After core shrink: n = 17,761, m = 711,159 (undirected)
*** After core-truss co-pruning: n = 264, m = 11,792, density = 0.3397
Degen found a solution of size 42
Timings /soc-flixster PxC: 3.22828 check2: 3.40906 Partitioning: 16.6652 Color: 10.3692 Branching: 1.66131 additions 0
prune_cnt: 129, max_n: 123, min_density: 0.7310, avg_density: 0.8317
search_cnt: 129, max_n: 123, min_density: 0.7310, avg_density: 0.8317
>>/soc-flixster t_Search: 39.607870	MaxKPlex_Size: 42 t_Total: 40.302036 t_Seesaw: 0.000000

**** kPlexS (Release) build at 16:28:11 Jun  4 2024 ***
# Start reading graph from an edgelist file, Require files "edges.txt"
# Note that this function is not optimized. Reading from a binary file will be faster
*	n = 29,733; m = 1,305,757 (undirected)
*** Heuristic kplex size: 29, time: 7,409 (microseconds)
*** Degeneracy k-plex size: 46, max_core: 76, UB: 79, Time: 21,225 (microseconds)
*** After core shrink: n = 17,038, m = 1,021,599 (undirected)
*** After core-truss co-pruning: n = 1,539, m = 54,515, density = 0.0461
RecSearch found a larger kplex of size: 47
44.44 45.45 44.44 46.46 46.46 46.46 46.46 46.46 46.46 46.46 46.46 46.46 46.46 46.46 45.45 46.46 46.46 45.45 46.46 46.46 46.46 46.46 46.46 46.46 46.46 46.46 46.46 46.46 45.45 45.45 46.46 46.46 46.46 46.46 46.46 45.45 46.46 46.46 46.46 46.46 45.45 46.46 44.44 45.45 44.44 44.44 44.44 
Degen found a solution of size 49
Degen found a solution of size 50
Degen found a solution of size 52
Degen found a solution of size 53
Degen found a solution of size 54
RecSearch found a larger kplex of size: 55
52.52 53.53 52.52 54.54 54.54 54.54 54.54 54.54 54.54 54.54 54.54 54.54 54.54 54.54 54.54 54.54 54.54 54.54 53.53 54.54 54.54 54.54 54.54 54.54 54.54 54.54 54.54 54.54 54.54 54.54 54.54 54.54 54.54 54.54 54.54 53.53 54.54 54.54 52.52 53.53 54.54 54.54 53.53 53.53 53.53 54.54 53.53 52.52 52.52 52.52 52.52 53.53 52.52 52.52 53.53 
Timings /socfb-Indiana PxC: 0.00781557 check2: 0.00119346 Partitioning: 0.0148154 Color: 0.00373022 Branching: 0.00143436 additions 0
prune_cnt: 25, max_n: 72, min_density: 0.9499, avg_density: 0.9690
search_cnt: 24, max_n: 72, min_density: 0.9499, avg_density: 0.9679
>>/socfb-Indiana t_Search: 0.078017	MaxKPlex_Size: 55 t_Total: 1.421750 t_Seesaw: 0.000000

**** kPlexS (Release) build at 16:28:11 Jun  4 2024 ***
# Start reading graph from an edgelist file, Require files "edges.txt"
# Note that this function is not optimized. Reading from a binary file will be faster
*	n = 415,864; m = 9,378,650 (undirected)
*** Heuristic kplex size: 21, time: 3,846 (microseconds)
*** Degeneracy k-plex size: 21, max_core: 34, UB: 37, Time: 116,944 (microseconds)
*** After core shrink: n = 404,785, m = 9,378,650 (undirected)
*** After core-truss co-pruning: n = 403,802, m = 9,350,780, density = 0.0001
Timings /sc-msdoor PxC: 4.03158 check2: 2.14825 Partitioning: 9.90031 Color: 6.43111 Branching: 1.27338 additions 0
prune_cnt: 191041, max_n: 42, min_density: 0.6048, avg_density: 0.8567
search_cnt: 175303, max_n: 42, min_density: 0.6048, avg_density: 0.8438
>>/sc-msdoor t_Search: 38.143592	MaxKPlex_Size: 21 t_Total: 39.033997 t_Seesaw: 0.000000

**** kPlexS (Release) build at 16:28:11 Jun  4 2024 ***
# Start reading graph from an edgelist file, Require files "edges.txt"
# Note that this function is not optimized. Reading from a binary file will be faster
*	n = 9,886; m = 506,437 (undirected)
*** Heuristic kplex size: 31, time: 7,583 (microseconds)
*** Degeneracy k-plex size: 38, max_core: 85, UB: 88, Time: 8,130 (microseconds)
*** After core shrink: n = 6,872, m = 460,188 (undirected)
*** After core-truss co-pruning: n = 550, m = 25,693, density = 0.1702
Degen found a solution of size 39
RecSearch found a larger kplex of size: 40
37.37 37.37 38.38 39.39 39.39 39.39 38.38 38.38 39.39 38.38 38.38 38.38 39.39 39.39 39.39 38.38 39.39 39.39 39.39 39.39 39.39 38.38 39.39 39.39 38.38 38.38 38.38 38.38 38.38 38.38 37.37 37.37 37.37 37.37 37.37 37.37 37.37 37.37 37.37 37.37 
Degen found a solution of size 41
Degen found a solution of size 43
Timings /socfb-Duke14 PxC: 4.31344 check2: 3.04968 Partitioning: 10.7274 Color: 9.45703 Branching: 0.968406 additions 0
prune_cnt: 196, max_n: 156, min_density: 0.6583, avg_density: 0.7632
search_cnt: 196, max_n: 156, min_density: 0.6583, avg_density: 0.7632
>>/socfb-Duke14 t_Search: 31.624052	MaxKPlex_Size: 43 t_Total: 32.252943 t_Seesaw: 0.000000

Timings /keller4 PxC: 54.5211 check2: 27.2457 Partitioning: 40.0912 Color: 176.387 Branching: 8.70492 additions 0
prune_cnt: 144, max_n: 171, min_density: 0.6491, avg_density: 0.7286
search_cnt: 144, max_n: 171, min_density: 0.6491, avg_density: 0.7286
>>/keller4 t_Search: 319.821763	MaxKPlex_Size: 21 t_Total: 319.824360 t_Seesaw: 0.000000

**** kPlexS (Release) build at 16:28:11 Jun  4 2024 ***
# Start reading graph from an edgelist file, Require files "edges.txt"
# Note that this function is not optimized. Reading from a binary file will be faster
*	n = 65; m = 1,824 (undirected)
*** Heuristic kplex size: 32, time: 205 (microseconds)
*** Degeneracy k-plex size: 32, max_core: 57, UB: 60, Time: 17 (microseconds)
*** After core shrink: n = 64, m = 1,824 (undirected)
*** After core-truss co-pruning: n = 64, m = 1,824, density = 0.9048
Timings /hamming6-2 PxC: 40.5447 check2: 37.9761 Partitioning: 242.921 Color: 133.68 Branching: 44.5908 additions 0
prune_cnt: 26, max_n: 64, min_density: 0.9048, avg_density: 0.9170
search_cnt: 25, max_n: 64, min_density: 0.9048, avg_density: 0.9137
>>/hamming6-2 t_Search: 565.278524	MaxKPlex_Size: 32 t_Total: 565.278896 t_Seesaw: 0.000000

**** kPlexS (Release) build at 16:28:11 Jun  4 2024 ***
# Start reading graph from an edgelist file, Require files "edges.txt"
# Note that this function is not optimized. Reading from a binary file will be faster
*	n = 952,204; m = 20,770,807 (undirected)
*** Heuristic kplex size: 21, time: 6,239 (microseconds)
*** Degeneracy k-plex size: 21, max_core: 34, UB: 37, Time: 245,694 (microseconds)
*** After core shrink: n = 909,537, m = 20,770,807 (undirected)
*** After core-truss co-pruning: n = 908,841, m = 20,748,670, density = 0.0001
Timings /sc-ldoor PxC: 7.44172 check2: 4.12019 Partitioning: 18.5775 Color: 12.225 Branching: 2.37936 additions 0
prune_cnt: 387809, max_n: 42, min_density: 0.6048, avg_density: 0.8581
search_cnt: 350668, max_n: 42, min_density: 0.6048, avg_density: 0.8431
>>/sc-ldoor t_Search: 72.014981	MaxKPlex_Size: 21 t_Total: 73.803005 t_Seesaw: 0.000000

**** kPlexS (Release) build at 16:28:11 Jun  4 2024 ***
# Start reading graph from an edgelist file, Require files "edges.txt"
# Note that this function is not optimized. Reading from a binary file will be faster
*	n = 35,112; m = 1,465,654 (undirected)
*** Heuristic kplex size: 41, time: 23,272 (microseconds)
*** Degeneracy k-plex size: 57, max_core: 83, UB: 86, Time: 24,036 (microseconds)
*** After core shrink: n = 12,496, m = 820,553 (undirected)
*** After core-truss co-pruning: n = 1,188, m = 55,226, density = 0.0783
Degen found a solution of size 60
Degen found a solution of size 61
Degen found a solution of size 65
Timings /socfb-UF PxC: 0.493596 check2: 0.497966 Partitioning: 6.38977 Color: 1.53107 Branching: 0.356649 additions 0
prune_cnt: 159, max_n: 108, min_density: 0.8884, avg_density: 0.9484
search_cnt: 159, max_n: 108, min_density: 0.8884, avg_density: 0.9484
>>/socfb-UF t_Search: 10.936448	MaxKPlex_Size: 65 t_Total: 12.222988 t_Seesaw: 0.000000

**** kPlexS (Release) build at 16:28:11 Jun  4 2024 ***
# Start reading graph from an edgelist file, Require files "edges.txt"
# Note that this function is not optimized. Reading from a binary file will be faster
*	n = 36,365; m = 1,590,651 (undirected)
*** Heuristic kplex size: 19, time: 25,549 (microseconds)
*** Degeneracy k-plex size: 57, max_core: 81, UB: 84, Time: 27,543 (microseconds)
*** After core shrink: n = 14,139, m = 945,180 (undirected)
*** After core-truss co-pruning: n = 317, m = 14,339, density = 0.2863
Degen found a solution of size 59
RecSearch found a larger kplex of size: 60
57.57 58.58 57.57 59.59 58.58 59.59 59.59 59.59 58.58 59.59 59.59 59.59 59.59 58.58 59.59 59.59 59.59 59.59 59.59 59.59 59.59 59.59 59.59 59.59 59.59 58.58 59.59 57.57 58.58 59.59 59.59 59.59 59.59 59.59 59.59 58.58 59.59 59.59 59.59 59.59 59.59 57.57 59.59 58.58 59.59 59.59 58.58 58.58 57.57 58.58 57.57 57.57 57.57 57.57 57.57 57.57 58.58 57.57 57.57 57.57 
Timings /socfb-Texas84 PxC: 0.775249 check2: 0.553972 Partitioning: 7.30616 Color: 1.78231 Branching: 0.588883 additions 0
prune_cnt: 80, max_n: 113, min_density: 0.8564, avg_density: 0.9301
search_cnt: 80, max_n: 113, min_density: 0.8564, avg_density: 0.9301
>>/socfb-Texas84 t_Search: 13.070419	MaxKPlex_Size: 60 t_Total: 14.526083 t_Seesaw: 0.000000

**** kPlexS (Release) build at 16:28:11 Jun  4 2024 ***
# Start reading graph from an edgelist file, Require files "edges.txt"
# Note that this function is not optimized. Reading from a binary file will be faster
*	n = 2,997,167; m = 106,349,209 (undirected)
*** Heuristic kplex size: 20, time: 436,027 (microseconds)
*** Degeneracy k-plex size: 30, max_core: 230, UB: 233, Time: 3,592,157 (microseconds)
*** After core shrink: n = 1,698,831, m = 87,924,565 (undirected)
*** After core-truss co-pruning: n = 92,201, m = 4,699,948, density = 0.0011
Degen found a solution of size 31
Degen found a solution of size 33
Degen found a solution of size 34
RecSearch found a larger kplex of size: 35
32.32 32.32 33.33 33.33 34.34 34.34 34.34 33.33 34.34 33.33 34.34 34.34 34.34 34.34 33.33 34.34 33.33 33.33 34.34 34.34 34.34 33.33 34.34 34.34 32.32 32.32 32.32 32.32 32.32 32.32 32.32 32.32 32.32 32.32 32.32 
Degen found a solution of size 36
Degen found a solution of size 39
Degen found a solution of size 50
Degen found a solution of size 56
Degen found a solution of size 58
RecSearch found a larger kplex of size: 59
56.56 56.56 57.57 58.58 57.57 57.57 58.58 58.58 58.58 57.57 57.57 58.58 57.57 57.57 58.58 58.58 58.58 58.58 58.58 58.58 58.58 58.58 58.58 58.58 57.57 58.58 57.57 58.58 57.57 58.58 57.57 58.58 57.57 57.57 58.58 58.58 57.57 58.58 57.57 58.58 58.58 56.56 56.56 56.56 56.56 56.56 56.56 56.56 57.57 57.57 56.56 56.56 56.56 56.56 56.56 57.57 56.56 56.56 56.56 
**** kPlexS (Release) build at 16:28:11 Jun  4 2024 ***
# Start reading graph from an edgelist file, Require files "edges.txt"
# Note that this function is not optimized. Reading from a binary file will be faster
*	n = 36,365; m = 1,590,651 (undirected)
*** Heuristic kplex size: 19, time: 26,861 (microseconds)
*** Degeneracy k-plex size: 57, max_core: 81, UB: 84, Time: 27,653 (microseconds)
*** After core shrink: n = 14,139, m = 945,180 (undirected)
*** After core-truss co-pruning: n = 317, m = 14,339, density = 0.2863
Degen found a solution of size 59
RecSearch found a larger kplex of size: 60
57.57 58.58 57.57 59.59 58.58 59.59 59.59 59.59 58.58 59.59 59.59 59.59 59.59 58.58 59.59 59.59 59.59 59.59 59.59 59.59 59.59 59.59 59.59 59.59 59.59 58.58 59.59 57.57 58.58 59.59 59.59 59.59 59.59 59.59 59.59 58.58 59.59 59.59 59.59 59.59 59.59 57.57 59.59 58.58 59.59 59.59 58.58 58.58 57.57 58.58 57.57 57.57 57.57 57.57 57.57 57.57 58.58 57.57 57.57 57.57 
Timings /socfb-Texas84 PxC: 0.826804 check2: 0.592007 Partitioning: 7.81252 Color: 1.90332 Branching: 0.630187 additions 0
prune_cnt: 80, max_n: 113, min_density: 0.8564, avg_density: 0.9301
search_cnt: 80, max_n: 113, min_density: 0.8564, avg_density: 0.9301
>>/socfb-Texas84 t_Search: 13.967308	MaxKPlex_Size: 60 t_Total: 15.332117 t_Seesaw: 0.000000

**** kPlexS (Release) build at 16:28:11 Jun  4 2024 ***
# Start reading graph from an edgelist file, Require files "edges.txt"
# Note that this function is not optimized. Reading from a binary file will be faster
*	n = 201; m = 17,910 (undirected)
*** Heuristic kplex size: 51, time: 1,752 (microseconds)
*** Degeneracy k-plex size: 101, max_core: 169, UB: 172, Time: 191 (microseconds)
*** After core shrink: n = 200, m = 17,910 (undirected)
*** After core-truss co-pruning: n = 200, m = 17,910, density = 0.9000
Degen found a solution of size 103
RecSearch found a larger kplex of size: 104
102.102 102.102 101.101 101.101 101.101 101.101 101.101 101.101 101.101 101.101 101.101 101.101 101.101 101.101 101.101 101.101 101.101 101.101 101.101 101.101 101.101 101.101 101.101 101.101 101.101 101.101 101.101 101.101 101.101 101.101 101.101 101.101 101.101 101.101 101.101 101.101 101.101 101.101 101.101 101.101 101.101 101.101 101.101 101.101 101.101 101.101 101.101 101.101 101.101 101.101 101.101 101.101 101.101 101.101 101.101 101.101 101.101 101.101 101.101 101.101 101.101 101.101 101.101 101.101 101.101 101.101 101.101 101.101 101.101 101.101 101.101 101.101 101.101 101.101 101.101 101.101 101.101 101.101 101.101 101.101 101.101 101.101 101.101 101.101 101.101 101.101 101.101 101.101 101.101 101.101 101.101 101.101 101.101 101.101 101.101 101.101 101.101 101.101 101.101 101.101 101.101 101.101 101.101 101.101 
RecSearch found a larger kplex of size: 105
102.102 102.102 102.102 102.102 102.102 102.102 102.102 102.102 102.102 102.102 102.102 102.102 102.102 102.102 102.102 102.102 102.102 102.102 102.102 102.102 102.102 102.102 102.102 102.102 102.102 102.102 102.102 102.102 102.102 102.102 102.102 102.102 102.102 102.102 102.102 102.102 102.102 102.102 102.102 102.102 102.102 102.102 102.102 102.102 102.102 102.102 102.102 102.102 102.102 102.102 102.102 102.102 102.102 102.102 102.102 102.102 102.102 102.102 102.102 102.102 102.102 102.102 102.102 102.102 102.102 102.102 102.102 102.102 102.102 102.102 102.102 102.102 102.102 102.102 102.102 102.102 102.102 102.102 102.102 102.102 102.102 102.102 102.102 102.102 102.102 102.102 102.102 102.102 102.102 102.102 102.102 102.102 102.102 102.102 102.102 102.102 102.102 102.102 102.102 102.102 102.102 102.102 102.102 102.102 102.102 
**** kPlexS (Release) build at 16:28:11 Jun  4 2024 ***
# Start reading graph from an edgelist file, Require files "edges.txt"
# Note that this function is not optimized. Reading from a binary file will be faster
*	n = 87,805; m = 2,565,054 (undirected)
*** Heuristic kplex size: 24, time: 1,027 (microseconds)
*** Degeneracy k-plex size: 24, max_core: 47, UB: 50, Time: 22,535 (microseconds)
*** After core shrink: n = 87,084, m = 2,558,070 (undirected)
*** After core-truss co-pruning: n = 87,084, m = 2,414,934, density = 0.0006
Degen found a solution of size 30
Degen found a solution of size 36
Timings /sc-pkustk11 PxC: 0.00126266 check2: 0.00277379 Partitioning: 0.00489733 Color: 0.00577397 Branching: 0.000521788 additions 0
prune_cnt: 4604, max_n: 48, min_density: 0.8636, avg_density: 0.9966
search_cnt: 154, max_n: 48, min_density: 0.8636, avg_density: 0.8976
>>/sc-pkustk11 t_Search: 0.584170	MaxKPlex_Size: 36 t_Total: 0.901482 t_Seesaw: 0.000000

Timings /san200-0-9-2 PxC: 6.2217 check2: 37.0156 Partitioning: 82.1949 Color: 98.926 Branching: 2.09944 additions 0
prune_cnt: 68, max_n: 200, min_density: 0.9000, avg_density: 0.9174
search_cnt: 68, max_n: 200, min_density: 0.9000, avg_density: 0.9174
>>/san200-0-9-2 t_Search: 219.679433	MaxKPlex_Size: 105 t_Total: 219.684727 t_Seesaw: 0.000000

Timings /soc-orkut PxC: 226.221 check2: 361.122 Partitioning: 2822.37 Color: 1245.35 Branching: 204.054 additions 0
prune_cnt: 610, max_n: 169, min_density: 0.7358, avg_density: 0.8635
search_cnt: 607, max_n: 169, min_density: 0.7358, avg_density: 0.8629
>>/soc-orkut t_Search: 5291.754922	MaxKPlex_Size: 59 t_Total: 5466.288830 t_Seesaw: 0.000000

**** kPlexS (Release) build at 16:28:11 Jun  4 2024 ***
# Start reading graph from an edgelist file, Require files "edges.txt"
# Note that this function is not optimized. Reading from a binary file will be faster
*	n = 770,800; m = 5,907,132 (undirected)
*** Heuristic kplex size: 27, time: 67,692 (microseconds)
*** Degeneracy k-plex size: 26, max_core: 236, UB: 239, Time: 105,711 (microseconds)
*** After core shrink: n = 42,806, m = 3,610,508 (undirected)
*** After core-truss co-pruning: n = 10,191, m = 1,512,413, density = 0.0291
Degen found a solution of size 41
Degen found a solution of size 47
Degen found a solution of size 48
Degen found a solution of size 60
Degen found a solution of size 63
Timings /soc-digg PxC: 2155.81 check2: 277.28 Partitioning: 1549.16 Color: 1451.66 Branching: 89.7855 additions 0
prune_cnt: 1026, max_n: 637, min_density: 0.4093, avg_density: 0.6276
search_cnt: 1026, max_n: 637, min_density: 0.4093, avg_density: 0.6276
>>/soc-digg t_Search: 5972.295004	MaxKPlex_Size: 63 t_Total: 5978.915326 t_Seesaw: 0.000000

