**** kPlexS (Release) build at 16:40:06 Jun  4 2024 ***
# Start reading graph from an edgelist file, Require files "edges.txt"
# Note that this function is not optimized. Reading from a binary file will be faster
*	n = 92,118; m = 360,767 (undirected)
*** Heuristic kplex size: 14, time: 5,742 (microseconds)
*** Degeneracy k-plex size: 13, max_core: 58, UB: 60, Time: 5,667 (microseconds)
*** After core shrink: n = 6,549, m = 180,546 (undirected)
*** After core-truss co-pruning: n = 819, m = 34,337, density = 0.1025
Degen found a solution of size 15
Degen found a solution of size 16
RecSearch found a larger kplex of size: 17
15.15 15.15 15.15 16.16 16.16 15.15 15.15 15.15 15.15 16.16 16.16 16.16 15.15 15.15 15.15 15.15 15.15 
**** kPlexS (Release) build at 16:40:06 Jun  4 2024 ***
# Start reading graph from an edgelist file, Require files "edges.txt"
# Note that this function is not optimized. Reading from a binary file will be faster
*	n = 63,393; m = 816,886 (undirected)
*** Heuristic kplex size: 22, time: 4,378 (microseconds)
*** Degeneracy k-plex size: 28, max_core: 52, UB: 54, Time: 13,913 (microseconds)
*** After core shrink: n = 10,506, m = 383,449 (undirected)
*** After core-truss co-pruning: n = 404, m = 11,600, density = 0.1425
Degen found a solution of size 31
Degen found a solution of size 32
Degen found a solution of size 33
Timings /socfb-OR PxC: 0.0311162 check2: 0 Partitioning: 0 Color: 0 Branching: 0.0196674 additions 0
prune_cnt: 144, max_n: 70, min_density: 0.8095, avg_density: 0.9026
search_cnt: 144, max_n: 70, min_density: 0.8095, avg_density: 0.9026
>>/socfb-OR t_Search: 0.119951	MaxKPlex_Size: 33 t_Total: 0.471096 t_Seesaw: 0.000000

Degen found a solution of size 18
Timings /ia-wiki-Talk PxC: 0.470554 check2: 0 Partitioning: 0 Color: 0 Branching: 0.145765 additions 0
prune_cnt: 443, max_n: 171, min_density: 0.4014, avg_density: 0.5566
search_cnt: 443, max_n: 171, min_density: 0.4014, avg_density: 0.5566
>>/ia-wiki-Talk t_Search: 1.095147	MaxKPlex_Size: 18 t_Total: 1.204922 t_Seesaw: 0.000000

**** kPlexS (Release) build at 16:40:06 Jun  4 2024 ***
# Start reading graph from an edgelist file, Require files "edges.txt"
# Note that this function is not optimized. Reading from a binary file will be faster
*	n = 7,477; m = 56,943 (undirected)
*** Heuristic kplex size: 45, time: 3,839 (microseconds)
*** Degeneracy k-plex size: 62, max_core: 88, UB: 90, Time: 754 (microseconds)
*** After core shrink: n = 266, m = 16,523 (undirected)
*** After core-truss co-pruning: n = 174, m = 9,778, density = 0.6497
Degen found a solution of size 63
RecSearch found a larger kplex of size: 64
62.62 62.62 62.62 63.63 63.63 63.63 63.63 63.63 63.63 63.63 63.63 62.62 63.63 63.63 62.62 63.63 63.63 63.63 63.63 63.63 63.63 63.63 63.63 63.63 63.63 62.62 62.62 63.63 63.63 63.63 63.63 63.63 63.63 63.63 63.63 63.63 63.63 63.63 62.62 63.63 63.63 63.63 63.63 63.63 63.63 62.62 63.63 63.63 62.62 62.62 63.63 62.62 62.62 62.62 62.62 62.62 62.62 62.62 62.62 62.62 62.62 62.62 62.62 62.62 
Timings /tech-WHOIS PxC: 0.258331 check2: 0 Partitioning: 0 Color: 0 Branching: 0.156891 additions 0
prune_cnt: 73, max_n: 125, min_density: 0.8755, avg_density: 0.9426
search_cnt: 73, max_n: 125, min_density: 0.8755, avg_density: 0.9426
>>/tech-WHOIS t_Search: 1.054051	MaxKPlex_Size: 64 t_Total: 1.067870 t_Seesaw: 0.000000

**** kPlexS (Release) build at 16:40:06 Jun  4 2024 ***
# Start reading graph from an edgelist file, Require files "edges.txt"
# Note that this function is not optimized. Reading from a binary file will be faster
*	n = 29,733; m = 1,305,757 (undirected)
*** Heuristic kplex size: 29, time: 6,916 (microseconds)
*** Degeneracy k-plex size: 39, max_core: 76, UB: 78, Time: 22,314 (microseconds)
*** After core shrink: n = 19,088, m = 1,104,303 (undirected)
*** After core-truss co-pruning: n = 2,312, m = 83,743, density = 0.0313
Degen found a solution of size 43
Degen found a solution of size 47
Degen found a solution of size 48
Degen found a solution of size 50
Degen found a solution of size 51
Timings /socfb-Indiana PxC: 0.00710267 check2: 0 Partitioning: 0 Color: 0 Branching: 0.00324363 additions 0
prune_cnt: 60, max_n: 76, min_density: 0.9081, avg_density: 0.9654
search_cnt: 60, max_n: 76, min_density: 0.9081, avg_density: 0.9654
>>/socfb-Indiana t_Search: 0.077109	MaxKPlex_Size: 51 t_Total: 1.483123 t_Seesaw: 0.000000

**** kPlexS (Release) build at 16:40:06 Jun  4 2024 ***
# Start reading graph from an edgelist file, Require files "edges.txt"
# Note that this function is not optimized. Reading from a binary file will be faster
*	n = 87,805; m = 2,565,054 (undirected)
*** Heuristic kplex size: 24, time: 1,029 (microseconds)
*** Degeneracy k-plex size: 24, max_core: 47, UB: 49, Time: 25,797 (microseconds)
*** After core shrink: n = 87,084, m = 2,558,070 (undirected)
*** After core-truss co-pruning: n = 87,084, m = 2,414,934, density = 0.0006
Degen found a solution of size 30
Degen found a solution of size 36
Timings /sc-pkustk11 PxC: 0.000647673 check2: 0 Partitioning: 0 Color: 0 Branching: 8.8605e-05 additions 0
prune_cnt: 2302, max_n: 48, min_density: 0.8723, avg_density: 0.9968
search_cnt: 78, max_n: 48, min_density: 0.8723, avg_density: 0.9048
>>/sc-pkustk11 t_Search: 0.567544	MaxKPlex_Size: 36 t_Total: 0.897415 t_Seesaw: 0.000000

**** kPlexS (Release) build at 16:40:06 Jun  4 2024 ***
# Start reading graph from an edgelist file, Require files "edges.txt"
# Note that this function is not optimized. Reading from a binary file will be faster
*	n = 36,365; m = 1,590,651 (undirected)
*** Heuristic kplex size: 19, time: 27,111 (microseconds)
*** Degeneracy k-plex size: 52, max_core: 81, UB: 83, Time: 30,576 (microseconds)
*** After core shrink: n = 16,086, m = 1,046,859 (undirected)
*** After core-truss co-pruning: n = 377, m = 18,140, density = 0.2559
Degen found a solution of size 55
Timings /socfb-Texas84 PxC: 0.218575 check2: 0 Partitioning: 0 Color: 0 Branching: 0.14222 additions 0
prune_cnt: 131, max_n: 117, min_density: 0.8438, avg_density: 0.9241
search_cnt: 131, max_n: 117, min_density: 0.8438, avg_density: 0.9241
>>/socfb-Texas84 t_Search: 0.881886	MaxKPlex_Size: 55 t_Total: 2.702590 t_Seesaw: 0.000000

**** kPlexS (Release) build at 16:40:06 Jun  4 2024 ***
# Start reading graph from an edgelist file, Require files "edges.txt"
# Note that this function is not optimized. Reading from a binary file will be faster
*	n = 36,365; m = 1,590,651 (undirected)
*** Heuristic kplex size: 19, time: 26,202 (microseconds)
*** Degeneracy k-plex size: 52, max_core: 81, UB: 83, Time: 31,134 (microseconds)
*** After core shrink: n = 16,086, m = 1,046,859 (undirected)
*** After core-truss co-pruning: n = 377, m = 18,140, density = 0.2559
Degen found a solution of size 55
Timings /socfb-Texas84 PxC: 0.217947 check2: 0 Partitioning: 0 Color: 0 Branching: 0.14149 additions 0
prune_cnt: 131, max_n: 117, min_density: 0.8438, avg_density: 0.9241
search_cnt: 131, max_n: 117, min_density: 0.8438, avg_density: 0.9241
>>/socfb-Texas84 t_Search: 0.878158	MaxKPlex_Size: 55 t_Total: 2.692573 t_Seesaw: 0.000000

**** kPlexS (Release) build at 16:40:06 Jun  4 2024 ***
# Start reading graph from an edgelist file, Require files "edges.txt"
# Note that this function is not optimized. Reading from a binary file will be faster
*	n = 35,112; m = 1,465,654 (undirected)
*** Heuristic kplex size: 41, time: 22,589 (microseconds)
*** Degeneracy k-plex size: 52, max_core: 83, UB: 85, Time: 26,441 (microseconds)
*** After core shrink: n = 14,127, m = 905,529 (undirected)
*** After core-truss co-pruning: n = 1,526, m = 70,410, density = 0.0605
Degen found a solution of size 59
Degen found a solution of size 60
Timings /socfb-UF PxC: 0.28442 check2: 0 Partitioning: 0 Color: 0 Branching: 0.233615 additions 0
prune_cnt: 319, max_n: 114, min_density: 0.8718, avg_density: 0.9485
search_cnt: 319, max_n: 114, min_density: 0.8718, avg_density: 0.9485
>>/socfb-UF t_Search: 1.442639	MaxKPlex_Size: 60 t_Total: 2.898884 t_Seesaw: 0.000000

**** kPlexS (Release) build at 16:40:06 Jun  4 2024 ***
# Start reading graph from an edgelist file, Require files "edges.txt"
# Note that this function is not optimized. Reading from a binary file will be faster
*	n = 71; m = 1,855 (undirected)
*** Heuristic kplex size: 14, time: 169 (microseconds)
*** Degeneracy k-plex size: 8, max_core: 53, UB: 55, Time: 27 (microseconds)
*** After core shrink: n = 70, m = 1,855 (undirected)
*** After core-truss co-pruning: n = 70, m = 1,855, density = 0.7681
Timings /johnson8-4-4 PxC: 1.44632 check2: 0 Partitioning: 0 Color: 0 Branching: 1.03999 additions 0
prune_cnt: 52, max_n: 70, min_density: 0.7681, avg_density: 0.8026
search_cnt: 52, max_n: 70, min_density: 0.7681, avg_density: 0.8026
>>/johnson8-4-4 t_Search: 3.423675	MaxKPlex_Size: 14 t_Total: 3.424090 t_Seesaw: 0.000000

**** kPlexS (Release) build at 16:40:06 Jun  4 2024 ***
# Start reading graph from an edgelist file, Require files "edges.txt"
# Note that this function is not optimized. Reading from a binary file will be faster
*	n = 217,892; m = 5,653,221 (undirected)
*** Heuristic kplex size: 24, time: 2,082 (microseconds)
*** Degeneracy k-plex size: 24, max_core: 35, UB: 37, Time: 40,805 (microseconds)
*** After core shrink: n = 216,897, m = 5,641,349 (undirected)
*** After core-truss co-pruning: n = 204,263, m = 5,302,125, density = 0.0003
Timings /sc-pwtk PxC: 0.0190264 check2: 0 Partitioning: 0 Color: 0 Branching: 0.00118306 additions 0
prune_cnt: 32351, max_n: 36, min_density: 0.7580, avg_density: 0.9898
search_cnt: 1458, max_n: 36, min_density: 0.7580, avg_density: 0.7742
>>/sc-pwtk t_Search: 0.883962	MaxKPlex_Size: 24 t_Total: 1.329303 t_Seesaw: 0.000000

**** kPlexS (Release) build at 16:40:06 Jun  4 2024 ***
# Start reading graph from an edgelist file, Require files "edges.txt"
# Note that this function is not optimized. Reading from a binary file will be faster
*	n = 65; m = 1,824 (undirected)
*** Heuristic kplex size: 32, time: 176 (microseconds)
*** Degeneracy k-plex size: 32, max_core: 57, UB: 59, Time: 18 (microseconds)
*** After core shrink: n = 64, m = 1,824 (undirected)
*** After core-truss co-pruning: n = 64, m = 1,824, density = 0.9048
Timings /hamming6-2 PxC: 1.23941 check2: 0 Partitioning: 0 Color: 0 Branching: 1.6622 additions 0
prune_cnt: 22, max_n: 64, min_density: 0.9048, avg_density: 0.9109
search_cnt: 22, max_n: 64, min_density: 0.9048, avg_density: 0.9109
>>/hamming6-2 t_Search: 4.809769	MaxKPlex_Size: 32 t_Total: 4.810121 t_Seesaw: 0.000000

**** kPlexS (Release) build at 16:40:06 Jun  4 2024 ***
# Start reading graph from an edgelist file, Require files "edges.txt"
# Note that this function is not optimized. Reading from a binary file will be faster
*	n = 2,523,387; m = 7,918,801 (undirected)
*** Heuristic kplex size: 17, time: 20,524 (microseconds)
*** Degeneracy k-plex size: 36, max_core: 68, UB: 70, Time: 127,937 (microseconds)
*** After core shrink: n = 24,044, m = 934,735 (undirected)
*** After core-truss co-pruning: n = 282, m = 12,901, density = 0.3256
Degen found a solution of size 37
RecSearch found a larger kplex of size: 38
37.37 37.37 37.37 37.37 37.37 37.37 37.37 37.37 37.37 36.36 37.37 37.37 37.37 37.37 37.37 37.37 36.36 37.37 36.36 36.36 37.37 37.37 36.36 37.37 37.37 37.37 37.37 36.36 36.36 36.36 36.36 36.36 37.37 37.37 36.36 36.36 36.36 36.36 
Timings /soc-flixster PxC: 0.823576 check2: 0 Partitioning: 0 Color: 0 Branching: 0.487049 additions 0
prune_cnt: 186, max_n: 132, min_density: 0.7010, avg_density: 0.8220
search_cnt: 186, max_n: 132, min_density: 0.7010, avg_density: 0.8220
>>/soc-flixster t_Search: 2.559350	MaxKPlex_Size: 38 t_Total: 3.470364 t_Seesaw: 0.000000

**** kPlexS (Release) build at 16:40:06 Jun  4 2024 ***
# Start reading graph from an edgelist file, Require files "edges.txt"
# Note that this function is not optimized. Reading from a binary file will be faster
*	n = 9,886; m = 506,437 (undirected)
*** Heuristic kplex size: 31, time: 7,465 (microseconds)
*** Degeneracy k-plex size: 33, max_core: 85, UB: 87, Time: 8,874 (microseconds)
*** After core shrink: n = 7,165, m = 469,969 (undirected)
*** After core-truss co-pruning: n = 815, m = 35,252, density = 0.1063
Degen found a solution of size 34
Degen found a solution of size 37
Degen found a solution of size 38
Timings /socfb-Duke14 PxC: 2.0393 check2: 0 Partitioning: 0 Color: 0 Branching: 0.9792 additions 0
prune_cnt: 291, max_n: 175, min_density: 0.6188, avg_density: 0.7786
search_cnt: 291, max_n: 175, min_density: 0.6188, avg_density: 0.7786
>>/socfb-Duke14 t_Search: 5.491194	MaxKPlex_Size: 38 t_Total: 6.243021 t_Seesaw: 0.000000

**** kPlexS (Release) build at 16:40:06 Jun  4 2024 ***
# Start reading graph from an edgelist file, Require files "edges.txt"
# Note that this function is not optimized. Reading from a binary file will be faster
*	n = 1,191,806; m = 4,519,330 (undirected)
*** Heuristic kplex size: 8, time: 23,793 (microseconds)
*** Degeneracy k-plex size: 14, max_core: 70, UB: 72, Time: 114,024 (microseconds)
*** After core shrink: n = 79,932, m = 1,696,417 (undirected)
*** After core-truss co-pruning: n = 2,017, m = 77,558, density = 0.0381
Degen found a solution of size 15
Degen found a solution of size 16
Degen found a solution of size 18
Timings /soc-lastfm PxC: 3.179 check2: 0 Partitioning: 0 Color: 0 Branching: 1.0479 additions 0
prune_cnt: 731, max_n: 272, min_density: 0.2895, avg_density: 0.4939
search_cnt: 731, max_n: 272, min_density: 0.2895, avg_density: 0.4939
>>/soc-lastfm t_Search: 6.890989	MaxKPlex_Size: 18 t_Total: 8.255258 t_Seesaw: 0.000000

**** kPlexS (Release) build at 16:40:06 Jun  4 2024 ***
# Start reading graph from an edgelist file, Require files "edges.txt"
# Note that this function is not optimized. Reading from a binary file will be faster
*	n = 639,015; m = 3,214,986 (undirected)
*** Heuristic kplex size: 26, time: 348,948 (microseconds)
*** Degeneracy k-plex size: 30, max_core: 63, UB: 65, Time: 46,328 (microseconds)
*** After core shrink: n = 23,248, m = 860,065 (undirected)
*** After core-truss co-pruning: n = 12,742, m = 481,460, density = 0.0059
Degen found a solution of size 31
Degen found a solution of size 32
Degen found a solution of size 33
Degen found a solution of size 35
Timings /soc-FourSquare PxC: 1.31554 check2: 0 Partitioning: 0 Color: 0 Branching: 0.0987113 additions 0
prune_cnt: 3814, max_n: 708, min_density: 0.0971, avg_density: 0.5299
search_cnt: 3813, max_n: 708, min_density: 0.0971, avg_density: 0.5297
>>/soc-FourSquare t_Search: 9.523057	MaxKPlex_Size: 35 t_Total: 10.429912 t_Seesaw: 0.000000

**** kPlexS (Release) build at 16:40:06 Jun  4 2024 ***
# Start reading graph from an edgelist file, Require files "edges.txt"
# Note that this function is not optimized. Reading from a binary file will be faster
*	n = 104,104; m = 2,193,083 (undirected)
*** Heuristic kplex size: 9, time: 14,186 (microseconds)
*** Degeneracy k-plex size: 9, max_core: 92, UB: 94, Time: 51,438 (microseconds)
*** After core shrink: n = 66,980, m = 2,059,265 (undirected)
*** After core-truss co-pruning: n = 4,062, m = 182,864, density = 0.0222
Degen found a solution of size 10
Degen found a solution of size 11
Degen found a solution of size 15
Degen found a solution of size 17
Degen found a solution of size 18
Degen found a solution of size 19
Timings /soc-LiveMocha PxC: 2.04176 check2: 0 Partitioning: 0 Color: 0 Branching: 0.699554 additions 0
prune_cnt: 461, max_n: 260, min_density: 0.3703, avg_density: 0.5203
search_cnt: 461, max_n: 260, min_density: 0.3703, avg_density: 0.5203
>>/soc-LiveMocha t_Search: 4.704013	MaxKPlex_Size: 19 t_Total: 6.758756 t_Seesaw: 0.000000

**** kPlexS (Release) build at 16:40:06 Jun  4 2024 ***
# Start reading graph from an edgelist file, Require files "edges.txt"
# Note that this function is not optimized. Reading from a binary file will be faster
*	n = 952,204; m = 20,770,807 (undirected)
*** Heuristic kplex size: 21, time: 6,775 (microseconds)
*** Degeneracy k-plex size: 21, max_core: 34, UB: 36, Time: 278,930 (microseconds)
*** After core shrink: n = 909,447, m = 20,769,277 (undirected)
*** After core-truss co-pruning: n = 881,740, m = 20,111,444, density = 0.0001
Timings /sc-ldoor PxC: 1.3163 check2: 0 Partitioning: 0 Color: 0 Branching: 0.397585 additions 0
prune_cnt: 141256, max_n: 42, min_density: 0.6506, avg_density: 0.8723
search_cnt: 122493, max_n: 42, min_density: 0.6506, avg_density: 0.8527
>>/sc-ldoor t_Search: 9.931088	MaxKPlex_Size: 21 t_Total: 12.031761 t_Seesaw: 0.000000

**** kPlexS (Release) build at 16:40:06 Jun  4 2024 ***
# Start reading graph from an edgelist file, Require files "edges.txt"
# Note that this function is not optimized. Reading from a binary file will be faster
*	n = 2,937,613; m = 20,959,854 (undirected)
*** Heuristic kplex size: 9, time: 38,214 (microseconds)
*** Degeneracy k-plex size: 15, max_core: 63, UB: 65, Time: 808,142 (microseconds)
*** After core shrink: n = 489,129, m = 15,630,088 (undirected)
*** After core-truss co-pruning: n = 35,893, m = 882,817, density = 0.0014
Degen found a solution of size 19
Degen found a solution of size 22
Degen found a solution of size 24
Degen found a solution of size 27
Timings /socfb-B-anon PxC: 0.288462 check2: 0 Partitioning: 0 Color: 0 Branching: 0.163153 additions 0
prune_cnt: 255, max_n: 103, min_density: 0.5814, avg_density: 0.7877
search_cnt: 254, max_n: 103, min_density: 0.5814, avg_density: 0.7869
>>/socfb-B-anon t_Search: 1.511808	MaxKPlex_Size: 27 t_Total: 24.469689 t_Seesaw: 0.000000

**** kPlexS (Release) build at 16:40:06 Jun  4 2024 ***
# Start reading graph from an edgelist file, Require files "edges.txt"
# Note that this function is not optimized. Reading from a binary file will be faster
*	n = 172; m = 9,435 (undirected)
*** Heuristic kplex size: 11, time: 596 (microseconds)
*** Degeneracy k-plex size: 15, max_core: 102, UB: 104, Time: 121 (microseconds)
*** After core shrink: n = 171, m = 9,435 (undirected)
*** After core-truss co-pruning: n = 171, m = 9,435, density = 0.6491
Timings /keller4 PxC: 78.3588 check2: 0 Partitioning: 0 Color: 0 Branching: 32.7385 additions 0
prune_cnt: 152, max_n: 171, min_density: 0.6491, avg_density: 0.7356
search_cnt: 152, max_n: 171, min_density: 0.6491, avg_density: 0.7356
>>/keller4 t_Search: 145.400097	MaxKPlex_Size: 15 t_Total: 145.402421 t_Seesaw: 0.000000

**** kPlexS (Release) build at 16:40:06 Jun  4 2024 ***
# Start reading graph from an edgelist file, Require files "edges.txt"
# Note that this function is not optimized. Reading from a binary file will be faster
*	n = 770,800; m = 5,907,132 (undirected)
*** Heuristic kplex size: 27, time: 65,141 (microseconds)
*** Degeneracy k-plex size: 22, max_core: 236, UB: 238, Time: 113,583 (microseconds)
*** After core shrink: n = 41,299, m = 3,573,022 (undirected)
*** After core-truss co-pruning: n = 9,388, m = 1,412,825, density = 0.0321
Degen found a solution of size 43
Degen found a solution of size 54
Degen found a solution of size 55
Degen found a solution of size 56
RecSearch found a larger kplex of size: 57
55.55 55.55 56.56 56.56 56.56 55.55 56.56 56.56 55.55 56.56 56.56 56.56 56.56 56.56 56.56 56.56 56.56 56.56 55.55 56.56 55.55 55.55 56.56 56.56 55.55 56.56 56.56 56.56 56.56 55.55 56.56 55.55 56.56 56.56 56.56 56.56 55.55 55.55 56.56 55.55 55.55 56.56 56.56 56.56 56.56 56.56 56.56 56.56 55.55 55.55 56.56 56.56 55.55 55.55 55.55 55.55 56.56 
Timings /soc-digg PxC: 414.53 check2: 0 Partitioning: 0 Color: 0 Branching: 73.8746 additions 0
prune_cnt: 1412, max_n: 721, min_density: 0.3562, avg_density: 0.6048
search_cnt: 1412, max_n: 721, min_density: 0.3562, avg_density: 0.6048
>>/soc-digg t_Search: 673.474679	MaxKPlex_Size: 57 t_Total: 679.964473 t_Seesaw: 0.000000

**** kPlexS (Release) build at 16:40:06 Jun  4 2024 ***
# Start reading graph from an edgelist file, Require files "edges.txt"
# Note that this function is not optimized. Reading from a binary file will be faster
*	n = 101,164; m = 2,763,066 (undirected)
*** Heuristic kplex size: 27, time: 187,353 (microseconds)
*** Degeneracy k-plex size: 34, max_core: 153, UB: 155, Time: 49,040 (microseconds)
*** After core shrink: n = 28,032, m = 2,030,962 (undirected)
*** After core-truss co-pruning: n = 2,806, m = 320,848, density = 0.0815
Degen found a solution of size 36
Timings /soc-buzznet PxC: 548.691 check2: 0 Partitioning: 0 Color: 0 Branching: 134.158 additions 0
prune_cnt: 2375, max_n: 1220, min_density: 0.1864, avg_density: 0.3845
search_cnt: 2375, max_n: 1220, min_density: 0.1864, avg_density: 0.3845
>>/soc-buzznet t_Search: 1064.186438	MaxKPlex_Size: 36 t_Total: 1068.778176 t_Seesaw: 0.000000

**** kPlexS (Release) build at 16:40:06 Jun  4 2024 ***
# Start reading graph from an edgelist file, Require files "edges.txt"
# Note that this function is not optimized. Reading from a binary file will be faster
*	n = 415,864; m = 9,378,650 (undirected)
*** Heuristic kplex size: 21, time: 3,882 (microseconds)
*** Degeneracy k-plex size: 21, max_core: 34, UB: 36, Time: 125,695 (microseconds)
*** After core shrink: n = 404,705, m = 9,377,290 (undirected)
*** After core-truss co-pruning: n = 378,465, m = 8,746,531, density = 0.0001
Timings /sc-msdoor PxC: 0.845361 check2: 0 Partitioning: 0 Color: 0 Branching: 0.249183 additions 0
prune_cnt: 84963, max_n: 42, min_density: 0.6506, avg_density: 0.8646
search_cnt: 77360, max_n: 42, min_density: 0.6506, avg_density: 0.8513
>>/sc-msdoor t_Search: 5.602047	MaxKPlex_Size: 21 t_Total: 6.633630 t_Seesaw: 0.000000

**** kPlexS (Release) build at 16:40:06 Jun  4 2024 ***
# Start reading graph from an edgelist file, Require files "edges.txt"
# Note that this function is not optimized. Reading from a binary file will be faster
*	n = 2,997,167; m = 106,349,209 (undirected)
*** Heuristic kplex size: 20, time: 398,334 (microseconds)
*** Degeneracy k-plex size: 24, max_core: 230, UB: 232, Time: 3,082,341 (microseconds)
*** After core shrink: n = 1,954,140, m = 94,256,779 (undirected)
*** After core-truss co-pruning: n = 158,450, m = 7,760,529, density = 0.0006
Degen found a solution of size 25
Degen found a solution of size 26
Degen found a solution of size 30
Degen found a solution of size 31
Degen found a solution of size 32
Degen found a solution of size 33
Degen found a solution of size 34
Degen found a solution of size 35
Degen found a solution of size 36
Degen found a solution of size 37
Degen found a solution of size 43
Degen found a solution of size 48
Degen found a solution of size 49
Degen found a solution of size 50
RecSearch found a larger kplex of size: 51
50.50 50.50 50.50 49.49 50.50 50.50 50.50 50.50 50.50 50.50 50.50 50.50 50.50 50.50 50.50 50.50 50.50 50.50 49.49 50.50 50.50 50.50 50.50 49.49 50.50 50.50 50.50 49.49 49.49 49.49 50.50 50.50 50.50 50.50 50.50 50.50 50.50 50.50 49.49 49.49 49.49 50.50 49.49 50.50 49.49 49.49 50.50 49.49 49.49 49.49 49.49 
RecSearch found a larger kplex of size: 52
50.50 50.50 50.50 51.51 50.50 50.50 51.51 50.50 51.51 51.51 50.50 51.51 51.51 51.51 51.51 51.51 51.51 51.51 50.50 51.51 51.51 51.51 51.51 51.51 51.51 51.51 51.51 51.51 51.51 50.50 51.51 51.51 51.51 51.51 51.51 50.50 51.51 51.51 51.51 51.51 51.51 50.50 51.51 50.50 51.51 50.50 51.51 50.50 50.50 50.50 50.50 50.50 
Timings /soc-orkut PxC: 48.044 check2: 0 Partitioning: 0 Color: 0 Branching: 54.8517 additions 0
prune_cnt: 1689, max_n: 315, min_density: 0.5034, avg_density: 0.8093
search_cnt: 1685, max_n: 315, min_density: 0.5034, avg_density: 0.8088
>>/soc-orkut t_Search: 217.451918	MaxKPlex_Size: 52 t_Total: 377.600196 t_Seesaw: 0.000000

