hamming6-2	32	32	32	32	32	-	-	-	-	-	-	-	-	-	-	48	48	48	48	48	
johnson8-4-4	14	14	14	14	14	18	18	18	18	18	-	-	-	-	-	28	28	28	-	-	
san200-0-9-2	-	-	-	-	-	-	105	105	-	-	-	-	-	-	-	-	-	-	-	-	
keller4	15	15	15	15	15	-	-	-	-	-	-	-	-	-	-	-	-	-	-	-	
socfb-Texas84	55	55	55	55	55	60	60	60	60	60	64	64	64	64	64	68	68	68	68	68	
sc-pkustk11	36	36	36	36	36	36	36	36	36	36	36	36	36	36	36	36	36	36	36	36	
socfb-UF	60	60	60	60	60	65	65	65	65	65	70	70	70	70	70	73	73	73	73	73	
socfb-B-anon	27	27	27	27	27	30	30	30	30	30	33	33	33	33	33	-	-	-	-	-	
sc-pwtk	24	24	24	24	24	24	24	24	24	24	24	24	24	24	24	26	26	26	26	26	
soc-flixster	38	38	38	38	38	42	42	42	42	42	-	46	-	-	-	-	-	-	-	-	
tech-WHOIS	64	64	64	64	64	71	71	71	71	71	74	74	74	74	74	-	-	-	-	-	
ia-wiki-Talk	18	18	18	18	18	21	21	21	21	21	23	23	23	23	23	-	-	-	-	-	
socfb-Duke14	38	38	38	38	38	43	43	43	43	43	-	45	-	-	-	-	-	-	-	-	
socfb-Indiana	51	51	51	51	51	55	55	55	55	55	57	57	57	57	57	59	59	59	59	59	
socfb-OR	33	33	33	33	33	37	37	37	37	37	39	39	39	39	39	42	42	42	42	42	
socfb-Texas84	55	55	55	55	55	60	60	60	60	60	64	64	64	64	64	68	68	68	68	68	
sc-msdoor	21	21	21	21	21	21	21	21	21	21	-	21	-	-	-	-	-	-	-	-	
soc-FourSquare	35	35	35	35	35	39	39	39	39	39	42	42	42	-	42	44	44	44	-	44	
sc-ldoor	21	21	21	21	21	21	21	21	21	21	-	-	-	-	-	-	-	-	-	-	
soc-lastfm	18	18	18	18	18	21	21	21	21	21	-	-	-	-	-	-	-	-	-	-	
soc-LiveMocha	19	19	19	19	19	22	22	22	22	22	-	-	-	-	-	-	-	-	-	-	
soc-orkut	-	-	-	-	-	-	-	-	-	-	-	-	-	-	-	-	-	-	-	-	
soc-BlogCatalog	-	-	-	-	-	-	-	-	-	-	-	-	-	-	-	-	-	-	-	-	
soc-buzznet	-	-	-	-	-	-	-	-	-	-	-	-	-	-	-	-	-	-	-	-	
soc-digg	57	-	57	-	57	-	-	-	-	-	-	-	-	-	-	-	-	-	-	-	
soc-flickr	-	-	-	-	-	-	-	-	-	-	-	-	-	-	-	-	-	-	-	-	
