**** kPlexS (Release) build at 16:46:11 Jun  5 2024 ***
# Start reading graph from an edgelist file, Require files "edges.txt"
# Note that this function is not optimized. Reading from a binary file will be faster
*	n = 65; m = 1,824 (undirected)
*** Heuristic kplex size: 32, time: 226 (microseconds)
*** Degeneracy k-plex size: 32, max_core: 57, UB: 62, Time: 17 (microseconds)
*** After core shrink: n = 64, m = 1,824 (undirected)
*** After core-truss co-pruning: n = 64, m = 1,824, density = 0.9048
RecSearch found a larger kplex of size: 33
28.28 31.31 32.32 31.31 28.28 28.28 29.29 28.28 28.28 30.30 29.29 28.28 29.29 29.29 29.29 30.30 29.29 30.30 28.28 29.29 28.28 29.29 29.29 30.30 28.28 29.29 28.28 28.28 28.28 29.29 28.28 29.29 28.28 
RecSearch found a larger kplex of size: 34
29.29 31.31 32.32 32.32 33.33 29.29 30.30 30.30 29.29 31.31 29.29 29.29 29.29 30.30 30.30 31.31 29.29 30.30 30.30 29.29 29.29 30.30 29.29 29.29 29.29 30.30 30.30 29.29 31.31 29.29 30.30 30.30 29.29 30.30 
RecSearch found a larger kplex of size: 35
30.30 32.32 33.33 33.33 33.33 31.31 30.30 31.31 31.31 30.30 30.30 31.31 33.33 30.30 31.31 30.30 31.31 31.31 31.31 31.31 30.30 30.30 32.32 30.30 31.31 30.30 30.30 30.30 30.30 30.30 30.30 32.32 31.31 31.31 30.30 
RecSearch found a larger kplex of size: 36
31.31 33.33 34.34 34.34 34.34 32.32 31.31 31.31 31.31 31.31 32.32 31.31 31.31 32.32 31.31 32.32 31.31 32.32 31.31 32.32 34.34 31.31 32.32 31.31 33.33 31.31 33.33 33.33 31.31 31.31 31.31 32.32 31.31 32.32 32.32 31.31 
RecSearch found a larger kplex of size: 37
32.32 34.34 35.35 35.35 35.35 32.32 33.33 32.32 32.32 32.32 33.33 32.32 32.32 33.33 33.33 33.33 34.34 33.33 33.33 34.34 34.34 34.34 32.32 34.34 32.32 32.32 32.32 34.34 33.33 33.33 32.32 34.34 32.32 32.32 33.33 33.33 32.32 
RecSearch found a larger kplex of size: 38
33.33 34.34 36.36 36.36 36.36 35.35 33.33 33.33 33.33 33.33 33.33 34.34 33.33 33.33 33.33 34.34 35.35 33.33 35.35 33.33 34.34 35.35 35.35 35.35 33.33 35.35 33.33 34.34 35.35 34.34 33.33 33.33 33.33 33.33 33.33 34.34 34.34 34.34 
RecSearch found a larger kplex of size: 39
34.34 35.35 37.37 37.37 37.37 34.34 35.35 36.36 36.36 34.34 34.34 36.36 34.34 36.36 36.36 36.36 34.34 36.36 35.35 34.34 34.34 34.34 34.34 36.36 34.34 34.34 34.34 34.34 35.35 34.34 35.35 35.35 34.34 35.35 35.35 34.34 35.35 34.34 34.34 
RecSearch found a larger kplex of size: 40
35.35 37.37 38.38 38.38 38.38 35.35 35.35 35.35 35.35 35.35 36.36 37.37 36.36 35.35 35.35 37.37 37.37 35.35 35.35 35.35 35.35 37.37 35.35 37.37 35.35 37.37 35.35 37.37 36.36 36.36 37.37 36.36 35.35 35.35 35.35 35.35 36.36 35.35 36.36 35.35 
RecSearch found a larger kplex of size: 41
36.36 36.36 36.36 36.36 36.36 36.36 36.36 36.36 36.36 36.36 36.36 36.36 36.36 36.36 36.36 36.36 36.36 38.38 36.36 38.38 36.36 38.38 37.37 37.37 37.37 38.38 36.36 36.36 38.38 38.38 38.38 37.37 38.38 38.38 37.37 37.37 38.38 37.37 36.36 36.36 37.37 
RecSearch found a larger kplex of size: 42
37.37 37.37 37.37 37.37 37.37 37.37 37.37 37.37 37.37 37.37 37.37 37.37 37.37 37.37 37.37 37.37 37.37 37.37 39.39 39.39 39.39 38.38 38.38 39.39 39.39 38.38 39.39 38.38 38.38 37.37 37.37 37.37 37.37 38.38 38.38 38.38 38.38 37.37 38.38 38.38 37.37 38.38 
RecSearch found a larger kplex of size: 43
38.38 38.38 38.38 38.38 38.38 38.38 38.38 38.38 38.38 38.38 38.38 38.38 38.38 38.38 38.38 38.38 38.38 38.38 38.38 39.39 40.40 38.38 39.39 38.38 39.39 39.39 39.39 38.38 39.39 39.39 39.39 38.38 40.40 39.39 39.39 39.39 38.38 38.38 38.38 40.40 39.39 39.39 39.39 
RecSearch found a larger kplex of size: 44
39.39 39.39 39.39 39.39 39.39 39.39 39.39 39.39 39.39 39.39 39.39 39.39 39.39 39.39 39.39 39.39 39.39 39.39 39.39 39.39 41.41 39.39 40.40 41.41 40.40 40.40 40.40 39.39 39.39 39.39 40.40 40.40 40.40 39.39 39.39 39.39 39.39 39.39 39.39 40.40 41.41 40.40 40.40 39.39 
**** kPlexS (Release) build at 16:46:11 Jun  5 2024 ***
# Start reading graph from an edgelist file, Require files "edges.txt"
# Note that this function is not optimized. Reading from a binary file will be faster
*	n = 71; m = 1,855 (undirected)
*** Heuristic kplex size: 14, time: 187 (microseconds)
*** Degeneracy k-plex size: 24, max_core: 53, UB: 58, Time: 24 (microseconds)
*** After core shrink: n = 70, m = 1,855 (undirected)
*** After core-truss co-pruning: n = 70, m = 1,855, density = 0.7681
RecSearch found a larger kplex of size: 25
20.20 20.20 20.20 21.21 20.20 21.21 20.20 20.20 20.20 21.21 21.21 20.20 20.20 20.20 20.20 20.20 20.20 20.20 20.20 20.20 20.20 20.20 20.20 20.20 20.20 
RecSearch found a larger kplex of size: 45
40.40 40.40 40.40 40.40 40.40 40.40 40.40 40.40 40.40 40.40 40.40 40.40 40.40 40.40 40.40 40.40 40.40 40.40 40.40 40.40 40.40 40.40 40.40 40.40 41.41 40.40 40.40 40.40 41.41 41.41 40.40 42.42 41.41 40.40 40.40 40.40 41.41 41.41 40.40 40.40 40.40 42.42 41.41 40.40 41.41 
RecSearch found a larger kplex of size: 46
41.41 41.41 41.41 41.41 41.41 41.41 41.41 41.41 41.41 41.41 41.41 41.41 41.41 41.41 41.41 41.41 41.41 41.41 41.41 41.41 41.41 41.41 42.42 42.42 41.41 41.41 41.41 43.43 41.41 41.41 41.41 42.42 41.41 41.41 41.41 41.41 41.41 41.41 42.42 41.41 41.41 41.41 42.42 42.42 41.41 41.41 
**** kPlexS (Release) build at 16:46:11 Jun  5 2024 ***
# Start reading graph from an edgelist file, Require files "edges.txt"
# Note that this function is not optimized. Reading from a binary file will be faster
*	n = 36,365; m = 1,590,651 (undirected)
*** Heuristic kplex size: 19, time: 27,367 (microseconds)
*** Degeneracy k-plex size: 67, max_core: 81, UB: 86, Time: 28,582 (microseconds)
*** After core shrink: n = 10,402, m = 727,916 (undirected)
*** After core-truss co-pruning: n = 114, m = 5,405, density = 0.8392
Degen found a solution of size 68
Timings /socfb-Texas84 degree_update: 0.0517962 Partitioning: 0.934817 Color: 0.119185 Branching: 0.260209
prune_cnt: 29, max_n: 91, min_density: 0.9258, avg_density: 0.9535
search_cnt: 29, max_n: 91, min_density: 0.9258, avg_density: 0.9535
>>/socfb-Texas84 t_Search: 1.579956	MaxKPlex_Size: 68 t_Total: 2.805569 t_Seesaw: 1.104954

RecSearch found a larger kplex of size: 47
42.42 42.42 42.42 42.42 42.42 42.42 42.42 42.42 42.42 42.42 42.42 42.42 42.42 42.42 42.42 42.42 42.42 42.42 42.42 42.42 42.42 42.42 42.42 42.42 42.42 42.42 42.42 42.42 42.42 42.42 42.42 42.42 42.42 42.42 42.42 43.43 42.42 42.42 42.42 42.42 42.42 42.42 43.43 43.43 43.43 42.42 42.42 
RecSearch found a larger kplex of size: 26
21.21 21.21 21.21 21.21 21.21 21.21 22.22 21.21 21.21 22.22 21.21 21.21 22.22 22.22 22.22 22.22 22.22 21.21 22.22 21.21 21.21 21.21 21.21 21.21 21.21 21.21 
**** kPlexS (Release) build at 16:46:11 Jun  5 2024 ***
# Start reading graph from an edgelist file, Require files "edges.txt"
# Note that this function is not optimized. Reading from a binary file will be faster
*	n = 29,733; m = 1,305,757 (undirected)
*** Heuristic kplex size: 29, time: 7,581 (microseconds)
*** Degeneracy k-plex size: 51, max_core: 76, UB: 81, Time: 21,041 (microseconds)
*** After core shrink: n = 15,859, m = 968,851 (undirected)
*** After core-truss co-pruning: n = 1,224, m = 43,309, density = 0.0579
Degen found a solution of size 55
Degen found a solution of size 58
RecSearch found a larger kplex of size: 59
54.54 57.57 58.58 57.57 58.58 58.58 58.58 57.57 58.58 58.58 58.58 58.58 57.57 58.58 58.58 57.57 57.57 57.57 58.58 58.58 58.58 58.58 58.58 58.58 57.57 58.58 58.58 57.57 58.58 58.58 58.58 57.57 57.57 57.57 57.57 56.56 56.56 56.56 54.54 54.54 56.56 56.56 55.55 58.58 54.54 56.56 54.54 57.57 54.54 54.54 56.56 55.55 54.54 54.54 55.55 54.54 54.54 55.55 56.56 
Timings /socfb-Indiana degree_update: 0.00960039 Partitioning: 0.103986 Color: 0.0142334 Branching: 0.0335243
prune_cnt: 15, max_n: 70, min_density: 0.9557, avg_density: 0.9640
search_cnt: 14, max_n: 70, min_density: 0.9557, avg_density: 0.9634
>>/socfb-Indiana t_Search: 0.210172	MaxKPlex_Size: 59 t_Total: 1.539866 t_Seesaw: 0.124908

RecSearch found a larger kplex of size: 27
22.22 22.22 22.22 22.22 23.23 22.22 22.22 22.22 22.22 23.23 22.22 22.22 22.22 22.22 22.22 22.22 22.22 22.22 23.23 22.22 22.22 23.23 22.22 22.22 22.22 22.22 22.22 
RecSearch found a larger kplex of size: 28
23.23 23.23 23.23 23.23 23.23 23.23 23.23 23.23 23.23 23.23 23.23 23.23 23.23 23.23 23.23 23.23 23.23 23.23 23.23 23.23 23.23 23.23 23.23 23.23 23.23 23.23 23.23 23.23 
**** kPlexS (Release) build at 16:46:11 Jun  5 2024 ***
# Start reading graph from an edgelist file, Require files "edges.txt"
# Note that this function is not optimized. Reading from a binary file will be faster
*	n = 639,015; m = 3,214,986 (undirected)
*** Heuristic kplex size: 26, time: 356,523 (microseconds)
*** Degeneracy k-plex size: 37, max_core: 63, UB: 68, Time: 45,140 (microseconds)
*** After core shrink: n = 17,257, m = 678,326 (undirected)
*** After core-truss co-pruning: n = 10,645, m = 410,671, density = 0.0072
Degen found a solution of size 41
Degen found a solution of size 42
Degen found a solution of size 43
Degen found a solution of size 44
Timings /soc-FourSquare degree_update: 0.0113235 Partitioning: 0.0815824 Color: 0.0222423 Branching: 0.0311444
prune_cnt: 1143, max_n: 7712, min_density: 0.0096, avg_density: 0.7429
search_cnt: 1137, max_n: 7712, min_density: 0.0096, avg_density: 0.7418
>>/soc-FourSquare t_Search: 1.311825	MaxKPlex_Size: 44 t_Total: 2.306157 t_Seesaw: 0.111146

RecSearch found a larger kplex of size: 48
43.43 43.43 43.43 43.43 43.43 43.43 43.43 43.43 43.43 43.43 43.43 43.43 43.43 43.43 43.43 43.43 43.43 43.43 43.43 43.43 43.43 43.43 43.43 43.43 43.43 43.43 43.43 43.43 43.43 43.43 43.43 43.43 43.43 43.43 43.43 43.43 43.43 43.43 43.43 43.43 43.43 43.43 43.43 43.43 43.43 43.43 43.43 43.43 
**** kPlexS (Release) build at 16:46:11 Jun  5 2024 ***
# Start reading graph from an edgelist file, Require files "edges.txt"
# Note that this function is not optimized. Reading from a binary file will be faster
*	n = 87,805; m = 2,565,054 (undirected)
*** Heuristic kplex size: 24, time: 1,045 (microseconds)
*** Degeneracy k-plex size: 24, max_core: 47, UB: 52, Time: 24,354 (microseconds)
*** After core shrink: n = 87,084, m = 2,558,070 (undirected)
*** After core-truss co-pruning: n = 87,084, m = 2,556,918, density = 0.0007
Degen found a solution of size 30
RecSearch found a larger kplex of size: 31
26.26 26.26 26.26 26.26 26.26 26.26 26.26 26.26 26.26 26.26 26.26 26.26 26.26 26.26 26.26 26.26 26.26 26.26 26.26 26.26 26.26 26.26 26.26 27.27 26.26 27.27 26.26 27.27 26.26 27.27 26.26 
RecSearch found a larger kplex of size: 32
27.27 27.27 27.27 27.27 27.27 27.27 27.27 27.27 27.27 27.27 27.27 27.27 27.27 27.27 27.27 27.27 27.27 27.27 27.27 27.27 27.27 27.27 27.27 27.27 27.27 27.27 27.27 27.27 27.27 27.27 27.27 27.27 
**** kPlexS (Release) build at 16:46:11 Jun  5 2024 ***
# Start reading graph from an edgelist file, Require files "edges.txt"
# Note that this function is not optimized. Reading from a binary file will be faster
*	n = 36,365; m = 1,590,651 (undirected)
*** Heuristic kplex size: 19, time: 24,967 (microseconds)
*** Degeneracy k-plex size: 67, max_core: 81, UB: 86, Time: 25,864 (microseconds)
*** After core shrink: n = 10,402, m = 727,916 (undirected)
*** After core-truss co-pruning: n = 114, m = 5,405, density = 0.8392
Degen found a solution of size 68
Timings /socfb-Texas84 degree_update: 0.0518547 Partitioning: 0.940721 Color: 0.119709 Branching: 0.261297
prune_cnt: 29, max_n: 91, min_density: 0.9258, avg_density: 0.9535
search_cnt: 29, max_n: 91, min_density: 0.9258, avg_density: 0.9535
>>/socfb-Texas84 t_Search: 1.587619	MaxKPlex_Size: 68 t_Total: 2.606091 t_Seesaw: 1.111572

Degen found a solution of size 36
Timings /sc-pkustk11 degree_update: 0.279839 Partitioning: 1.15843 Color: 0.478725 Branching: 0.414196
prune_cnt: 2709, max_n: 48, min_density: 0.7447, avg_density: 0.8578
search_cnt: 1643, max_n: 48, min_density: 0.7447, avg_density: 0.8037
>>/sc-pkustk11 t_Search: 3.551922	MaxKPlex_Size: 36 t_Total: 3.789768 t_Seesaw: 1.858168

**** kPlexS (Release) build at 16:46:11 Jun  5 2024 ***
# Start reading graph from an edgelist file, Require files "edges.txt"
# Note that this function is not optimized. Reading from a binary file will be faster
*	n = 172; m = 9,435 (undirected)
*** Heuristic kplex size: 11, time: 708 (microseconds)
*** Degeneracy k-plex size: 26, max_core: 102, UB: 107, Time: 113 (microseconds)
*** After core shrink: n = 171, m = 9,435 (undirected)
*** After core-truss co-pruning: n = 171, m = 9,435, density = 0.6491
RecSearch found a larger kplex of size: 27
22.22 22.22 22.22 22.22 22.22 22.22 22.22 22.22 23.23 22.22 22.22 22.22 23.23 22.22 22.22 22.22 22.22 22.22 22.22 22.22 22.22 22.22 22.22 22.22 22.22 22.22 22.22 
**** kPlexS (Release) build at 16:46:11 Jun  5 2024 ***
# Start reading graph from an edgelist file, Require files "edges.txt"
# Note that this function is not optimized. Reading from a binary file will be faster
*	n = 104,104; m = 2,193,083 (undirected)
*** Heuristic kplex size: 9, time: 13,496 (microseconds)
*** Degeneracy k-plex size: 14, max_core: 92, UB: 97, Time: 41,341 (microseconds)
*** After core shrink: n = 60,099, m = 2,001,067 (undirected)
*** After core-truss co-pruning: n = 5,702, m = 250,770, density = 0.0154
Degen found a solution of size 22
Degen found a solution of size 25
Degen found a solution of size 27
RecSearch found a larger kplex of size: 28
25.25 23.23 24.24 23.23 25.25 23.23 25.25 23.23 24.24 24.24 23.23 24.24 23.23 24.24 24.24 24.24 25.25 25.25 24.24 23.23 26.26 24.24 23.23 23.23 23.23 25.25 24.24 24.24 
Timings /hamming6-2 degree_update: 1.98382 Partitioning: 23.6013 Color: 6.69851 Branching: 6.46201
prune_cnt: 12, max_n: 64, min_density: 0.9048, avg_density: 0.9059
search_cnt: 12, max_n: 64, min_density: 0.9048, avg_density: 0.9059
>>/hamming6-2 t_Search: 44.422553	MaxKPlex_Size: 48 t_Total: 44.422962 t_Seesaw: 32.619114

**** kPlexS (Release) build at 16:46:11 Jun  5 2024 ***
# Start reading graph from an edgelist file, Require files "edges.txt"
# Note that this function is not optimized. Reading from a binary file will be faster
*	n = 9,886; m = 506,437 (undirected)
*** Heuristic kplex size: 31, time: 7,795 (microseconds)
*** Degeneracy k-plex size: 44, max_core: 85, UB: 90, Time: 8,335 (microseconds)
*** After core shrink: n = 6,591, m = 449,653 (undirected)
*** After core-truss co-pruning: n = 394, m = 20,360, density = 0.2630
RecSearch found a larger kplex of size: 45
40.40 44.44 43.43 43.43 44.44 44.44 43.43 44.44 43.43 44.44 44.44 43.43 44.44 44.44 44.44 44.44 44.44 44.44 44.44 43.43 44.44 43.43 43.43 43.43 43.43 44.44 43.43 43.43 40.40 42.42 42.42 41.41 40.40 42.42 41.41 43.43 42.42 41.41 41.41 41.41 41.41 42.42 43.43 43.43 41.41 
Timings /soc-LiveMocha degree_update: 13.9747 Partitioning: 10.1309 Color: 9.24612 Branching: 5.07843
prune_cnt: 330, max_n: 218, min_density: 0.2833, avg_density: 0.5414
search_cnt: 330, max_n: 218, min_density: 0.2833, avg_density: 0.5414
>>/soc-LiveMocha t_Search: 43.454041	MaxKPlex_Size: 28 t_Total: 44.958790 t_Seesaw: 20.522062

Degen found a solution of size 47
RecSearch found a larger kplex of size: 48
43.43 47.47 47.47 47.47 47.47 47.47 47.47 47.47 43.43 44.44 43.43 43.43 43.43 44.44 46.46 45.45 47.47 47.47 45.45 47.47 46.46 47.47 47.47 47.47 47.47 46.46 45.45 43.43 46.46 46.46 43.43 47.47 44.44 44.44 45.45 43.43 43.43 46.46 46.46 43.43 45.45 44.44 45.45 44.44 45.45 43.43 44.44 43.43 
**** kPlexS (Release) build at 16:46:11 Jun  5 2024 ***
# Start reading graph from an edgelist file, Require files "edges.txt"
# Note that this function is not optimized. Reading from a binary file will be faster
*	n = 952,204; m = 20,770,807 (undirected)
*** Heuristic kplex size: 21, time: 6,278 (microseconds)
*** Degeneracy k-plex size: 21, max_core: 34, UB: 39, Time: 255,648 (microseconds)
*** After core shrink: n = 909,537, m = 20,770,807 (undirected)
*** After core-truss co-pruning: n = 909,537, m = 20,763,402, density = 0.0001
RecSearch found a larger kplex of size: 22
17.17 21.21 21.21 21.21 21.21 21.21 21.21 17.17 17.17 17.17 17.17 17.17 17.17 17.17 17.17 17.17 17.17 17.17 17.17 17.17 17.17 17.17 
RecSearch found a larger kplex of size: 23
18.18 22.22 22.22 22.22 22.22 22.22 22.22 22.22 18.18 18.18 18.18 18.18 18.18 18.18 18.18 18.18 18.18 18.18 18.18 18.18 18.18 18.18 18.18 
**** kPlexS (Release) build at 16:46:11 Jun  5 2024 ***
# Start reading graph from an edgelist file, Require files "edges.txt"
# Note that this function is not optimized. Reading from a binary file will be faster
*	n = 63,393; m = 816,886 (undirected)
*** Heuristic kplex size: 22, time: 4,461 (microseconds)
*** Degeneracy k-plex size: 38, max_core: 52, UB: 57, Time: 12,885 (microseconds)
*** After core shrink: n = 6,937, m = 278,716 (undirected)
*** After core-truss co-pruning: n = 279, m = 7,709, density = 0.1988
Degen found a solution of size 39
RecSearch found a larger kplex of size: 40
35.35 39.39 38.38 38.38 38.38 39.39 38.38 39.39 39.39 38.38 36.36 36.36 38.38 38.38 38.38 36.36 38.38 36.36 36.36 37.37 38.38 38.38 37.37 35.35 37.37 37.37 36.36 37.37 36.36 37.37 37.37 35.35 36.36 35.35 36.36 35.35 37.37 37.37 35.35 35.35 
Degen found a solution of size 41
RecSearch found a larger kplex of size: 42
37.37 40.40 40.40 41.41 41.41 41.41 41.41 41.41 40.40 41.41 41.41 41.41 40.40 41.41 41.41 40.40 41.41 40.40 41.41 37.37 38.38 38.38 37.37 39.39 40.40 40.40 38.38 37.37 40.40 40.40 37.37 37.37 38.38 38.38 39.39 38.38 39.39 37.37 37.37 38.38 38.38 37.37 
Timings /socfb-OR degree_update: 0.00636591 Partitioning: 0.0558582 Color: 0.0132966 Branching: 0.0208733
prune_cnt: 27, max_n: 58, min_density: 0.8832, avg_density: 0.9111
search_cnt: 27, max_n: 58, min_density: 0.8832, avg_density: 0.9111
>>/socfb-OR t_Search: 0.119892	MaxKPlex_Size: 42 t_Total: 0.368034 t_Seesaw: 0.074967

Timings /johnson8-4-4 degree_update: 7.71451 Partitioning: 26.9808 Color: 13.8341 Branching: 10.3105
prune_cnt: 34, max_n: 70, min_density: 0.7681, avg_density: 0.7838
search_cnt: 34, max_n: 70, min_density: 0.7681, avg_density: 0.7838
>>/johnson8-4-4 t_Search: 65.842427	MaxKPlex_Size: 28 t_Total: 65.842858 t_Seesaw: 42.884297

**** kPlexS (Release) build at 16:46:11 Jun  5 2024 ***
# Start reading graph from an edgelist file, Require files "edges.txt"
# Note that this function is not optimized. Reading from a binary file will be faster
*	n = 217,892; m = 5,653,221 (undirected)
*** Heuristic kplex size: 24, time: 2,123 (microseconds)
*** Degeneracy k-plex size: 24, max_core: 35, UB: 40, Time: 40,214 (microseconds)
*** After core shrink: n = 217,116, m = 5,646,048 (undirected)
*** After core-truss co-pruning: n = 212,326, m = 5,507,216, density = 0.0002
RecSearch found a larger kplex of size: 25
20.20 24.24 24.24 24.24 24.24 24.24 24.24 20.20 24.24 24.24 20.20 24.24 24.24 24.24 24.24 24.24 24.24 24.24 24.24 24.24 24.24 21.21 21.21 21.21 21.21 
RecSearch found a larger kplex of size: 26
21.21 25.25 25.25 25.25 25.25 25.25 25.25 25.25 25.25 25.25 25.25 25.25 25.25 25.25 25.25 25.25 25.25 25.25 25.25 21.21 21.21 21.21 21.21 21.21 21.21 21.21 
Timings /sc-pwtk degree_update: 0.246921 Partitioning: 0.599718 Color: 0.23711 Branching: 0.167543
prune_cnt: 70520, max_n: 51, min_density: 0.6063, avg_density: 0.9779
search_cnt: 6369, max_n: 51, min_density: 0.6063, avg_density: 0.7615
>>/sc-pwtk t_Search: 2.774473	MaxKPlex_Size: 26 t_Total: 3.179133 t_Seesaw: 0.985221

**** kPlexS (Release) build at 16:46:11 Jun  5 2024 ***
# Start reading graph from an edgelist file, Require files "edges.txt"
# Note that this function is not optimized. Reading from a binary file will be faster
*	n = 1,191,806; m = 4,519,330 (undirected)
*** Heuristic kplex size: 8, time: 22,612 (microseconds)
*** Degeneracy k-plex size: 25, max_core: 70, UB: 75, Time: 137,583 (microseconds)
*** After core shrink: n = 33,707, m = 971,645 (undirected)
*** After core-truss co-pruning: n = 660, m = 29,604, density = 0.1361
Degen found a solution of size 26
RecSearch found a larger kplex of size: 27
22.22 22.22 26.26 22.22 22.22 23.23 26.26 23.23 24.24 24.24 25.25 22.22 23.23 24.24 23.23 23.23 22.22 22.22 24.24 22.22 23.23 23.23 22.22 24.24 22.22 22.22 22.22 
Timings /soc-lastfm degree_update: 2.67473 Partitioning: 1.80539 Color: 2.55517 Branching: 0.977283
prune_cnt: 507, max_n: 201, min_density: 0.3564, avg_density: 0.5346
search_cnt: 507, max_n: 201, min_density: 0.3564, avg_density: 0.5346
>>/soc-lastfm t_Search: 9.428325	MaxKPlex_Size: 27 t_Total: 10.242555 t_Seesaw: 4.643147

**** kPlexS (Release) build at 16:46:11 Jun  5 2024 ***
# Start reading graph from an edgelist file, Require files "edges.txt"
# Note that this function is not optimized. Reading from a binary file will be faster
*	n = 35,112; m = 1,465,654 (undirected)
*** Heuristic kplex size: 41, time: 21,471 (microseconds)
*** Degeneracy k-plex size: 66, max_core: 83, UB: 88, Time: 24,035 (microseconds)
*** After core shrink: n = 9,049, m = 621,714 (undirected)
*** After core-truss co-pruning: n = 813, m = 36,941, density = 0.1119
RecSearch found a larger kplex of size: 67
62.62 66.66 66.66 65.65 65.65 66.66 66.66 66.66 66.66 66.66 66.66 65.65 66.66 66.66 66.66 66.66 65.65 66.66 66.66 65.65 66.66 65.65 65.65 66.66 66.66 66.66 65.65 65.65 66.66 66.66 66.66 66.66 66.66 66.66 66.66 65.65 66.66 65.65 62.62 62.62 64.64 64.64 62.62 64.64 63.63 63.63 64.64 64.64 64.64 64.64 62.62 63.63 63.63 62.62 63.63 63.63 64.64 63.63 64.64 64.64 64.64 62.62 64.64 64.64 64.64 62.62 64.64 
Degen found a solution of size 69
Degen found a solution of size 70
Degen found a solution of size 71
RecSearch found a larger kplex of size: 72
67.67 71.71 70.70 71.71 70.70 71.71 70.70 70.70 71.71 71.71 70.70 71.71 71.71 70.70 71.71 71.71 71.71 71.71 70.70 71.71 71.71 71.71 71.71 71.71 70.70 71.71 70.70 70.70 71.71 71.71 71.71 71.71 71.71 71.71 71.71 71.71 70.70 71.71 70.70 71.71 70.70 71.71 70.70 70.70 71.71 67.67 69.69 67.67 67.67 67.67 69.69 69.69 67.67 69.69 67.67 68.68 67.67 67.67 67.67 67.67 67.67 68.68 67.67 68.68 69.69 69.69 69.69 68.68 68.68 68.68 67.67 68.68 
RecSearch found a larger kplex of size: 73
68.68 72.72 72.72 72.72 72.72 72.72 72.72 72.72 72.72 72.72 71.71 72.72 71.71 71.71 71.71 72.72 72.72 72.72 72.72 72.72 72.72 71.71 72.72 71.71 72.72 72.72 72.72 71.71 72.72 71.71 72.72 71.71 68.68 68.68 69.69 69.69 71.71 69.69 71.71 70.70 71.71 70.70 70.70 72.72 71.71 71.71 70.70 72.72 70.70 71.71 71.71 70.70 69.69 69.69 70.70 70.70 69.69 70.70 71.71 70.70 70.70 70.70 68.68 68.68 70.70 69.69 70.70 69.69 68.68 71.71 69.69 70.70 69.69 
Timings /socfb-UF degree_update: 0.111967 Partitioning: 2.52157 Color: 0.284969 Branching: 0.652519
prune_cnt: 28, max_n: 91, min_density: 0.9443, avg_density: 0.9615
search_cnt: 28, max_n: 91, min_density: 0.9443, avg_density: 0.9615
>>/socfb-UF t_Search: 4.077855	MaxKPlex_Size: 73 t_Total: 5.029986 t_Seesaw: 2.927137

**** kPlexS (Release) build at 16:46:11 Jun  5 2024 ***
# Start reading graph from an edgelist file, Require files "edges.txt"
# Note that this function is not optimized. Reading from a binary file will be faster
*	n = 7,477; m = 56,943 (undirected)
*** Heuristic kplex size: 45, time: 3,911 (microseconds)
*** Degeneracy k-plex size: 75, max_core: 88, UB: 93, Time: 700 (microseconds)
*** After core shrink: n = 248, m = 15,327 (undirected)
*** After core-truss co-pruning: n = 120, m = 6,339, density = 0.8878
RecSearch found a larger kplex of size: 76
71.71 75.75 74.74 75.75 75.75 74.74 74.74 75.75 75.75 75.75 75.75 75.75 74.74 75.75 75.75 75.75 75.75 75.75 74.74 74.74 75.75 75.75 75.75 75.75 75.75 75.75 75.75 75.75 74.74 75.75 72.72 74.74 72.72 71.71 71.71 71.71 75.75 72.72 74.74 73.73 74.74 75.75 75.75 75.75 74.74 74.74 75.75 73.73 73.73 75.75 73.73 75.75 74.74 73.73 73.73 72.72 73.73 74.74 71.71 71.71 75.75 74.74 73.73 71.71 73.73 74.74 74.74 73.73 71.71 73.73 74.74 73.73 72.72 73.73 71.71 72.72 
Timings /tech-WHOIS degree_update: 1.30104 Partitioning: 20.2555 Color: 2.83443 Branching: 4.28306
prune_cnt: 41, max_n: 114, min_density: 0.9048, avg_density: 0.9442
search_cnt: 41, max_n: 114, min_density: 0.9048, avg_density: 0.9442
>>/tech-WHOIS t_Search: 33.169026	MaxKPlex_Size: 76 t_Total: 33.183500 t_Seesaw: 24.118879

**** kPlexS (Release) build at 16:46:11 Jun  5 2024 ***
# Start reading graph from an edgelist file, Require files "edges.txt"
# Note that this function is not optimized. Reading from a binary file will be faster
*	n = 92,118; m = 360,767 (undirected)
*** Heuristic kplex size: 14, time: 5,792 (microseconds)
*** Degeneracy k-plex size: 23, max_core: 58, UB: 63, Time: 5,796 (microseconds)
*** After core shrink: n = 4,296, m = 146,593 (undirected)
*** After core-truss co-pruning: n = 527, m = 21,384, density = 0.1543
Degen found a solution of size 25
Timings /ia-wiki-Talk degree_update: 2.86326 Partitioning: 2.17133 Color: 1.86945 Branching: 1.10719
prune_cnt: 270, max_n: 143, min_density: 0.4428, avg_density: 0.5465
search_cnt: 270, max_n: 143, min_density: 0.4428, avg_density: 0.5465
>>/ia-wiki-Talk t_Search: 9.143927	MaxKPlex_Size: 25 t_Total: 9.247873 t_Seesaw: 4.322799

**** kPlexS (Release) build at 16:46:11 Jun  5 2024 ***
# Start reading graph from an edgelist file, Require files "edges.txt"
# Note that this function is not optimized. Reading from a binary file will be faster
*	n = 415,864; m = 9,378,650 (undirected)
*** Heuristic kplex size: 21, time: 3,958 (microseconds)
*** Degeneracy k-plex size: 21, max_core: 34, UB: 39, Time: 124,236 (microseconds)
*** After core shrink: n = 404,785, m = 9,378,650 (undirected)
*** After core-truss co-pruning: n = 404,785, m = 9,371,658, density = 0.0001
RecSearch found a larger kplex of size: 22
17.17 21.21 21.21 21.21 21.21 21.21 21.21 17.17 17.17 17.17 17.17 17.17 17.17 17.17 17.17 17.17 17.17 17.17 17.17 17.17 17.17 17.17 
RecSearch found a larger kplex of size: 23
18.18 22.22 22.22 22.22 22.22 22.22 22.22 22.22 18.18 18.18 18.18 18.18 18.18 18.18 18.18 18.18 18.18 18.18 18.18 18.18 18.18 18.18 18.18 
**** kPlexS (Release) build at 16:46:11 Jun  5 2024 ***
# Start reading graph from an edgelist file, Require files "edges.txt"
# Note that this function is not optimized. Reading from a binary file will be faster
*	n = 2,937,613; m = 20,959,854 (undirected)
*** Heuristic kplex size: 9, time: 38,704 (microseconds)
*** Degeneracy k-plex size: 21, max_core: 63, UB: 68, Time: 716,812 (microseconds)
*** After core shrink: n = 432,416, m = 14,787,481 (undirected)
*** After core-truss co-pruning: n = 33,082, m = 845,687, density = 0.0015
Degen found a solution of size 22
Degen found a solution of size 23
RecSearch found a larger kplex of size: 24
19.19 22.22 23.23 22.22 23.23 23.23 23.23 23.23 23.23 22.22 23.23 23.23 23.23 19.19 20.20 19.19 19.19 20.20 21.21 20.20 21.21 19.19 20.20 20.20 
Degen found a solution of size 25
Degen found a solution of size 26
Degen found a solution of size 27
Degen found a solution of size 28
Degen found a solution of size 29
Degen found a solution of size 30
Degen found a solution of size 31
Degen found a solution of size 32
Degen found a solution of size 34
RecSearch found a larger kplex of size: 35
30.30 34.34 34.34 33.33 34.34 34.34 34.34 33.33 34.34 34.34 34.34 34.34 34.34 33.33 34.34 33.33 32.32 30.30 33.33 33.33 33.33 31.31 32.32 32.32 31.31 30.30 31.31 33.33 30.30 31.31 30.30 30.30 32.32 30.30 30.30 
Timings /socfb-B-anon degree_update: 0.0713849 Partitioning: 0.310309 Color: 0.143755 Branching: 0.132275
prune_cnt: 105, max_n: 87, min_density: 0.6444, avg_density: 0.8248
search_cnt: 100, max_n: 87, min_density: 0.6444, avg_density: 0.8198
>>/socfb-B-anon t_Search: 1.481878	MaxKPlex_Size: 35 t_Total: 24.110881 t_Seesaw: 0.495818

**** kPlexS (Release) build at 16:46:11 Jun  5 2024 ***
# Start reading graph from an edgelist file, Require files "edges.txt"
# Note that this function is not optimized. Reading from a binary file will be faster
*	n = 2,997,167; m = 106,349,209 (undirected)
*** Heuristic kplex size: 20, time: 448,698 (microseconds)
*** Degeneracy k-plex size: 35, max_core: 230, UB: 235, Time: 4,954,305 (microseconds)
*** After core shrink: n = 1,546,064, m = 83,532,640 (undirected)
*** After core-truss co-pruning: n = 80,852, m = 4,169,128, density = 0.0013
Degen found a solution of size 36
Degen found a solution of size 37
Degen found a solution of size 38
RecSearch found a larger kplex of size: 39
34.34 38.38 38.38 37.37 38.38 38.38 37.37 38.38 37.37 38.38 38.38 37.37 38.38 38.38 37.37 38.38 38.38 38.38 38.38 36.36 36.36 36.36 36.36 36.36 36.36 36.36 35.35 34.34 34.34 36.36 35.35 34.34 36.36 36.36 34.34 36.36 35.35 34.34 36.36 
RecSearch found a larger kplex of size: 40
35.35 39.39 38.38 39.39 39.39 38.38 38.38 38.38 39.39 38.38 38.38 38.38 38.38 39.39 38.38 39.39 39.39 39.39 39.39 39.39 38.38 38.38 39.39 39.39 35.35 37.37 37.37 36.36 37.37 36.36 36.36 37.37 37.37 35.35 35.35 37.37 35.35 37.37 35.35 35.35 
Degen found a solution of size 41
Degen found a solution of size 44
RecSearch found a larger kplex of size: 45
40.40 43.43 43.43 43.43 43.43 44.44 43.43 43.43 43.43 43.43 44.44 43.43 44.44 44.44 43.43 44.44 44.44 44.44 44.44 44.44 43.43 43.43 44.44 43.43 44.44 44.44 42.42 42.42 41.41 41.41 42.42 42.42 41.41 40.40 40.40 40.40 41.41 40.40 42.42 40.40 41.41 41.41 41.41 41.41 41.41 
Degen found a solution of size 46
Degen found a solution of size 51
Degen found a solution of size 53
Degen found a solution of size 63
Degen found a solution of size 64
RecSearch found a larger kplex of size: 65
60.60 64.64 63.63 63.63 64.64 64.64 63.63 63.63 63.63 63.63 63.63 64.64 64.64 64.64 64.64 63.63 64.64 64.64 64.64 64.64 63.63 63.63 64.64 64.64 63.63 64.64 64.64 64.64 64.64 64.64 64.64 64.64 64.64 64.64 64.64 63.63 61.61 62.62 62.62 62.62 62.62 62.62 62.62 60.60 62.62 62.62 61.61 61.61 62.62 62.62 62.62 61.61 60.60 62.62 62.62 62.62 61.61 60.60 61.61 60.60 61.61 60.60 62.62 62.62 61.61 
**** kPlexS (Release) build at 16:46:11 Jun  5 2024 ***
# Start reading graph from an edgelist file, Require files "edges.txt"
# Note that this function is not optimized. Reading from a binary file will be faster
*	n = 2,523,387; m = 7,918,801 (undirected)
*** Heuristic kplex size: 17, time: 19,270 (microseconds)
*** Degeneracy k-plex size: 46, max_core: 68, UB: 73, Time: 118,737 (microseconds)
*** After core shrink: n = 7,545, m = 312,522 (undirected)
*** After core-truss co-pruning: n = 244, m = 10,546, density = 0.3557
Degen found a solution of size 47
Degen found a solution of size 48
RecSearch found a larger kplex of size: 49
44.44 48.48 45.45 44.44 45.45 47.47 46.46 47.47 45.45 45.45 47.47 45.45 47.47 48.48 48.48 48.48 47.47 48.48 44.44 48.48 48.48 48.48 44.44 48.48 48.48 48.48 46.46 46.46 45.45 47.47 47.47 46.46 46.46 44.44 44.44 47.47 46.46 46.46 46.46 46.46 46.46 45.45 44.44 44.44 45.45 45.45 44.44 44.44 45.45 
Timings /soc-flixster degree_update: 4.74245 Partitioning: 22.5763 Color: 6.69549 Branching: 7.75766
prune_cnt: 72, max_n: 115, min_density: 0.7529, avg_density: 0.8340
search_cnt: 72, max_n: 115, min_density: 0.7529, avg_density: 0.8340
>>/soc-flixster t_Search: 49.050539	MaxKPlex_Size: 49 t_Total: 49.411956 t_Seesaw: 31.327206

Timings /sc-ldoor degree_update: 57.5702 Partitioning: 105.001 Color: 45.4835 Branching: 51.2631
prune_cnt: 595851, max_n: 42, min_density: 0.5494, avg_density: 0.8471
search_cnt: 486232, max_n: 42, min_density: 0.5494, avg_density: 0.8387
>>/sc-ldoor t_Search: 355.186432	MaxKPlex_Size: 23 t_Total: 357.012317 t_Seesaw: 175.996473

Timings /sc-msdoor degree_update: 34.9406 Partitioning: 62.211 Color: 27.0215 Branching: 29.885
prune_cnt: 285614, max_n: 42, min_density: 0.5494, avg_density: 0.8455
search_cnt: 237041, max_n: 42, min_density: 0.5494, avg_density: 0.8395
>>/sc-msdoor t_Search: 209.113089	MaxKPlex_Size: 23 t_Total: 210.030314 t_Seesaw: 104.069626

RecSearch found a larger kplex of size: 28
23.23 23.23 23.23 23.23 23.23 23.23 23.23 23.23 23.23 24.24 23.23 23.23 23.23 23.23 24.24 23.23 23.23 23.23 23.23 23.23 23.23 23.23 23.23 23.23 23.23 23.23 23.23 23.23 
Timings /socfb-Duke14 degree_update: 74.4262 Partitioning: 207.567 Color: 75.7424 Branching: 70.1023
prune_cnt: 164, max_n: 149, min_density: 0.6748, avg_density: 0.7659
search_cnt: 164, max_n: 149, min_density: 0.6748, avg_density: 0.7659
>>/socfb-Duke14 t_Search: 496.173246	MaxKPlex_Size: 48 t_Total: 496.900549 t_Seesaw: 302.661471

