================= k=2 =================
datasets	kplex-full	kplex-no-seesaw	kplex-no-rule2	kplex-no-seesaw-rule2	
hamming6-2	
johnson8-4-4	
san200-0-9-2	-	-	-	-	
keller4	
socfb-Texas84	
sc-pkustk11	
socfb-UF	
socfb-B-anon	
sc-pwtk	
soc-flixster	
tech-WHOIS	
ia-wiki-Talk	
socfb-Duke14	
socfb-Indiana	
socfb-OR	
socfb-Texas84	
sc-msdoor	
soc-FourSquare	
sc-ldoor	
soc-lastfm	
soc-LiveMocha	
soc-orkut	
soc-BlogCatalog	-	-	-	-	
soc-buzznet	
soc-digg	
soc-flickr	-	-	-	-	
================= k=3 =================
datasets	kplex-full	kplex-no-seesaw	kplex-no-rule2	kplex-no-seesaw-rule2	
hamming6-2	
johnson8-4-4	
san200-0-9-2	
keller4	
socfb-Texas84	
sc-pkustk11	
socfb-UF	
socfb-B-anon	
sc-pwtk	
soc-flixster	
tech-WHOIS	
ia-wiki-Talk	
socfb-Duke14	
socfb-Indiana	
socfb-OR	
socfb-Texas84	
sc-msdoor	
soc-FourSquare	
sc-ldoor	
soc-lastfm	
soc-LiveMocha	
soc-orkut	
soc-BlogCatalog	-	-	-	-	
soc-buzznet	-	-	-	-	
soc-digg	
soc-flickr	-	-	-	-	
================= k=4 =================
datasets	kplex-full	kplex-no-seesaw	kplex-no-rule2	kplex-no-seesaw-rule2	
hamming6-2	
johnson8-4-4	
san200-0-9-2	-	-	
keller4	-	-	-	-	
socfb-Texas84	
sc-pkustk11	
socfb-UF	
socfb-B-anon	
sc-pwtk	
soc-flixster	
tech-WHOIS	
ia-wiki-Talk	
socfb-Duke14	
socfb-Indiana	
socfb-OR	
socfb-Texas84	
sc-msdoor	
soc-FourSquare	
sc-ldoor	
soc-lastfm	
soc-LiveMocha	
soc-orkut	-	-	-	-	
soc-BlogCatalog	-	-	-	-	
soc-buzznet	-	-	-	-	
soc-digg	
soc-flickr	-	-	-	-	
================= k=5 =================
datasets	kplex-full	kplex-no-seesaw	kplex-no-rule2	kplex-no-seesaw-rule2	
hamming6-2	
johnson8-4-4	
san200-0-9-2	-	-	-	-	
keller4	-	-	-	-	
socfb-Texas84	
sc-pkustk11	
socfb-UF	
socfb-B-anon	
sc-pwtk	
soc-flixster	
tech-WHOIS	
ia-wiki-Talk	
socfb-Duke14	
socfb-Indiana	
socfb-OR	
socfb-Texas84	
sc-msdoor	
soc-FourSquare	
sc-ldoor	
soc-lastfm	
soc-LiveMocha	
soc-orkut	-	-	-	-	
soc-BlogCatalog	-	-	-	-	
soc-buzznet	-	-	-	-	
soc-digg	-	-	
soc-flickr	-	-	-	-	
